#! /usr/share/iverilog-0.9.7/bin/vvp
:ivl_version "0.9.7 " "(v0_9_6)";
:vpi_time_precision - 12;
:vpi_module "system";
:vpi_module "v2005_math";
:vpi_module "va_math";
S_0x1248520 .scope module, "dassign3_tb" "dassign3_tb" 2 278;
 .timescale -9 -12;
v0x12742f0_0 .var "ascii_in", 6 0;
v0x1274370_0 .net "dut_pos_char", 7 0, v0x1273b80_0; 1 drivers
v0x12743f0_0 .var/i "i", 31 0;
v0x1274470_0 .var/i "j", 31 0;
v0x12744f0_0 .net "motor_drv", 3 0, v0x1271810_0; 1 drivers
v0x1274570_0 .net/s "motor_stp_cnt", 7 0, v0x1273d20_0; 1 drivers
v0x1274680_0 .var/i "outfile", 31 0;
v0x1274700_0 .var "pos_char", 7 0;
v0x12747d0 .array "pos_mem", 255 0, 4 0;
v0x1274850_0 .net "ready", 0 0, L_0x1274e80; 1 drivers
v0x12748d0_0 .var "req", 0 0;
v0x1274950_0 .var "reset", 0 0;
v0x12749d0_0 .net "step_err", 0 0, v0x1273ea0_0; 1 drivers
v0x1274a50_0 .var "str", 255 0;
v0x1274b50_0 .net "sys_clk", 0 0, v0x1274270_0; 1 drivers
v0x1274c60_0 .var "tb_pos", 4 0;
v0x1274ad0_0 .var "tb_pos_char", 7 0;
E_0x124c1b0 .event edge, v0x1273b80_0;
E_0x124daa0 .event edge, v0x1270da0_0;
E_0x11dac50 .event edge, v0x12735a0_0;
S_0x1274180 .scope module, "clkgen_1" "clkgen" 2 295, 2 185, S_0x1248520;
 .timescale -9 -12;
v0x1274270_0 .var "clk", 0 0;
S_0x1273c00 .scope module, "motor_1" "motor" 2 296, 2 22, S_0x1248520;
 .timescale -9 -12;
v0x1273d20_0 .var/s "count", 7 0;
v0x1273dd0_0 .alias "drv_clk", 0 0, v0x1274b50_0;
v0x1273ea0_0 .var "err", 0 0;
v0x1273f20_0 .alias "motor_drv", 3 0, v0x12744f0_0;
v0x1273ff0_0 .var "prev_motor_drv", 3 0;
v0x1274070_0 .net "reset", 0 0, v0x1274950_0; 1 drivers
E_0x1273cf0 .event edge, v0x1270e40_0, v0x1271810_0;
S_0x12739e0 .scope module, "m2a" "mstep2ascii" 2 297, 2 200, S_0x1248520;
 .timescale -9 -12;
v0x1273b00_0 .alias/s "motor_stp_cnt", 7 0, v0x1274570_0;
v0x1273b80_0 .var "pos_char", 7 0;
E_0x1273ad0 .event edge, v0x1273b00_0;
S_0x1204310 .scope module, "letterdial" "dassign3" 2 298, 3 254, S_0x1248520;
 .timescale 0 0;
L_0x1272750 .functor AND 1, L_0x12751d0, L_0x12754f0, C4<1>, C4<1>;
L_0x1275c30 .functor AND 2, v0x12734f0_0, L_0x1275af0, C4<11>, C4<11>;
v0x12720c0_0 .net *"_s0", 8 0, L_0x1274d70; 1 drivers
v0x1272160_0 .net *"_s11", 0 0, C4<0>; 1 drivers
v0x1272200_0 .net *"_s12", 2 0, C4<000>; 1 drivers
v0x12722a0_0 .net *"_s14", 0 0, L_0x12751d0; 1 drivers
v0x1272320_0 .net *"_s16", 2 0, L_0x1275310; 1 drivers
v0x12723c0_0 .net *"_s19", 1 0, C4<00>; 1 drivers
v0x12724a0_0 .net *"_s20", 2 0, C4<001>; 1 drivers
v0x1272540_0 .net *"_s22", 0 0, L_0x12754f0; 1 drivers
v0x1272630_0 .net *"_s26", 2 0, L_0x1275760; 1 drivers
v0x12726d0_0 .net *"_s29", 1 0, C4<00>; 1 drivers
v0x12727d0_0 .net *"_s3", 0 0, C4<0>; 1 drivers
v0x1272870_0 .net *"_s30", 2 0, C4<001>; 1 drivers
v0x1272910_0 .net *"_s32", 0 0, L_0x1275960; 1 drivers
v0x12729b0_0 .net *"_s34", 1 0, L_0x1275af0; 1 drivers
v0x1272ad0_0 .net *"_s37", 0 0, C4<0>; 1 drivers
v0x1272b70_0 .net *"_s38", 1 0, L_0x1275c30; 1 drivers
v0x1272a30_0 .net *"_s4", 8 0, C4<000000000>; 1 drivers
v0x1272cc0_0 .net *"_s8", 2 0, L_0x1275010; 1 drivers
v0x1272de0_0 .net "ascii_in", 6 0, v0x12742f0_0; 1 drivers
v0x1272e60_0 .net "count", 7 0, v0x1270f30_0; 1 drivers
v0x1272d40_0 .var "count2", 7 0;
v0x1272f90_0 .net "dir", 1 0, v0x1270b70_0; 1 drivers
v0x1272ee0_0 .net "motor_0001", 0 0, v0x1271610_0; 1 drivers
v0x12730d0_0 .net "motor_clk", 0 0, v0x1271e90_0; 1 drivers
v0x1273010_0 .alias "motor_drv", 3 0, v0x12744f0_0;
v0x1273220_0 .net "motor_forw", 0 0, L_0x1275ce0; 1 drivers
v0x1273150_0 .net "motor_rev", 0 0, L_0x1272750; 1 drivers
v0x1273380_0 .var "nextST", 4 0;
v0x12732d0_0 .var "next_pos", 4 0;
v0x12734f0_0 .var "outDir", 1 0;
v0x1273430_0 .net "pos", 4 0, v0x12711c0_0; 1 drivers
v0x1273670_0 .net "prvST", 4 0, v0x1270ad0_0; 1 drivers
v0x12735a0_0 .alias "ready", 0 0, v0x1274850_0;
v0x1273800_0 .net "req", 0 0, v0x12748d0_0; 1 drivers
v0x12736f0_0 .alias "reset", 0 0, v0x1274070_0;
v0x1273770_0 .alias "sys_clk", 0 0, v0x1274b50_0;
E_0x124bbb0 .event posedge, v0x1271dd0_0;
E_0x1246c10 .event edge, v0x1270e40_0, v0x1270f30_0;
E_0x124ada0 .event edge, v0x12711c0_0;
L_0x1274d70 .concat [ 8 1 0 0], v0x1272d40_0, C4<0>;
L_0x1274e80 .cmp/eq 9, L_0x1274d70, C4<000000000>;
L_0x1275010 .concat [ 2 1 0 0], v0x12734f0_0, C4<0>;
L_0x12751d0 .cmp/eq 3, L_0x1275010, C4<000>;
L_0x1275310 .concat [ 1 2 0 0], L_0x1274e80, C4<00>;
L_0x12754f0 .cmp/ne 3, L_0x1275310, C4<001>;
L_0x1275760 .concat [ 1 2 0 0], L_0x1274e80, C4<00>;
L_0x1275960 .cmp/ne 3, L_0x1275760, C4<001>;
L_0x1275af0 .concat [ 1 1 0 0], L_0x1275960, C4<0>;
L_0x1275ce0 .part L_0x1275c30, 0, 1;
S_0x1271b90 .scope module, "mclkdiv" "motor_clk_div" 3 263, 2 146, S_0x1204310;
 .timescale -9 -12;
P_0x12719e8 .param/l "define_speed" 2 152, C4<00000000000000000000001000>;
v0x1271dd0_0 .alias "clk_in", 0 0, v0x1274b50_0;
v0x1271e90_0 .var "clk_out", 0 0;
v0x1271f40_0 .var "count", 25 0;
v0x1271fc0_0 .alias "reset", 0 0, v0x1274070_0;
E_0x1271d60/0 .event edge, v0x1270e40_0;
E_0x1271d60/1 .event posedge, v0x1271dd0_0;
E_0x1271d60 .event/or E_0x1271d60/0, E_0x1271d60/1;
S_0x1271260 .scope module, "mctl" "motor_ctrl" 3 269, 3 10, S_0x1204310;
 .timescale 0 0;
P_0x1271358 .param/l "P0_ST" 3 15, C4<00>;
P_0x1271380 .param/l "P1_ST" 3 16, C4<01>;
P_0x12713a8 .param/l "P2_ST" 3 17, C4<10>;
P_0x12713d0 .param/l "P3_ST" 3 18, C4<11>;
v0x1271610_0 .var "done", 0 0;
v0x12716d0_0 .alias "drv_clk", 0 0, v0x12730d0_0;
v0x1271770_0 .alias "forw", 0 0, v0x1273220_0;
v0x1271810_0 .var "motor_drv", 3 0;
v0x12718c0_0 .var "nx_state", 1 0;
v0x1271960_0 .alias "reset", 0 0, v0x1274070_0;
v0x1271a20_0 .alias "rev", 0 0, v0x1273150_0;
v0x1271aa0_0 .var "state", 1 0;
E_0x1271560 .event edge, v0x1270e40_0, v0x1271a20_0, v0x1271770_0, v0x1271aa0_0;
E_0x12715c0 .event posedge, v0x12716d0_0;
S_0x1270fd0 .scope module, "a2p" "ascii2pos" 3 274, 3 105, S_0x1204310;
 .timescale 0 0;
v0x1271100_0 .alias "ascii", 6 0, v0x1272de0_0;
v0x12711c0_0 .var "pos", 4 0;
E_0x1270bf0 .event edge, v0x1271100_0;
S_0x1204400 .scope module, "ctr" "count" 3 280, 3 148, S_0x1204310;
 .timescale 0 0;
v0x12044f0_0 .net "dirI", 1 0, v0x12734f0_0; 1 drivers
v0x1270a30_0 .var "i", 4 0;
v0x1270ad0_0 .var "nextST", 4 0;
v0x1270b70_0 .var "outDir", 1 0;
v0x1270c20_0 .net "pos", 4 0, v0x12732d0_0; 1 drivers
v0x1270cc0_0 .net "prevST", 4 0, v0x1273380_0; 1 drivers
v0x1270da0_0 .alias "req", 0 0, v0x1273800_0;
v0x1270e40_0 .alias "reset", 0 0, v0x1274070_0;
v0x1270f30_0 .var "stepCT", 7 0;
E_0x1249ea0/0 .event edge, v0x1270e40_0;
E_0x1249ea0/1 .event posedge, v0x1270da0_0;
E_0x1249ea0 .event/or E_0x1249ea0/0, E_0x1249ea0/1;
    .scope S_0x1274180;
T_0 ;
    %set/v v0x1274270_0, 0, 1;
    %end;
    .thread T_0;
    .scope S_0x1274180;
T_1 ;
    %delay 100000, 0;
    %load/v 8, v0x1274270_0, 1;
    %inv 8, 1;
    %set/v v0x1274270_0, 8, 1;
    %jmp T_1;
    .thread T_1;
    .scope S_0x1273c00;
T_2 ;
    %wait E_0x1273cf0;
    %load/v 8, v0x1274070_0, 1;
    %jmp/0xz  T_2.0, 8;
    %set/v v0x1273d20_0, 0, 8;
    %set/v v0x1273ff0_0, 0, 4;
    %jmp T_2.1;
T_2.0 ;
    %load/v 8, v0x1273f20_0, 4;
    %cmpi/u 8, 0, 4;
    %jmp/1 T_2.2, 6;
    %cmpi/u 8, 1, 4;
    %jmp/1 T_2.3, 6;
    %cmpi/u 8, 3, 4;
    %jmp/1 T_2.4, 6;
    %cmpi/u 8, 2, 4;
    %jmp/1 T_2.5, 6;
    %cmpi/u 8, 6, 4;
    %jmp/1 T_2.6, 6;
    %cmpi/u 8, 4, 4;
    %jmp/1 T_2.7, 6;
    %cmpi/u 8, 12, 4;
    %jmp/1 T_2.8, 6;
    %cmpi/u 8, 8, 4;
    %jmp/1 T_2.9, 6;
    %cmpi/u 8, 9, 4;
    %jmp/1 T_2.10, 6;
    %set/v v0x1273ea0_0, 1, 1;
    %jmp T_2.12;
T_2.2 ;
    %jmp T_2.12;
T_2.3 ;
    %set/v v0x1273ea0_0, 0, 1;
    %load/v 8, v0x1273ff0_0, 4;
    %cmpi/u 8, 2, 4;
    %jmp/0xz  T_2.13, 4;
    %load/v 8, v0x1273d20_0, 8;
    %mov 16, 15, 1;
    %mov 17, 15, 1;
    %mov 18, 15, 1;
    %mov 19, 15, 1;
    %mov 20, 15, 1;
    %mov 21, 15, 1;
    %mov 22, 15, 1;
    %mov 23, 15, 1;
    %mov 24, 15, 1;
    %mov 25, 15, 1;
    %mov 26, 15, 1;
    %mov 27, 15, 1;
    %mov 28, 15, 1;
    %mov 29, 15, 1;
    %mov 30, 15, 1;
    %mov 31, 15, 1;
    %mov 32, 15, 1;
    %mov 33, 15, 1;
    %mov 34, 15, 1;
    %mov 35, 15, 1;
    %mov 36, 15, 1;
    %mov 37, 15, 1;
    %mov 38, 15, 1;
    %mov 39, 15, 1;
    %subi 8, 1, 32;
    %set/v v0x1273d20_0, 8, 8;
    %jmp T_2.14;
T_2.13 ;
    %load/v 8, v0x1273ff0_0, 4;
    %cmpi/u 8, 8, 4;
    %jmp/0xz  T_2.15, 4;
    %load/v 8, v0x1273d20_0, 8;
    %mov 16, 15, 1;
    %mov 17, 15, 1;
    %mov 18, 15, 1;
    %mov 19, 15, 1;
    %mov 20, 15, 1;
    %mov 21, 15, 1;
    %mov 22, 15, 1;
    %mov 23, 15, 1;
    %mov 24, 15, 1;
    %mov 25, 15, 1;
    %mov 26, 15, 1;
    %mov 27, 15, 1;
    %mov 28, 15, 1;
    %mov 29, 15, 1;
    %mov 30, 15, 1;
    %mov 31, 15, 1;
    %mov 32, 15, 1;
    %mov 33, 15, 1;
    %mov 34, 15, 1;
    %mov 35, 15, 1;
    %mov 36, 15, 1;
    %mov 37, 15, 1;
    %mov 38, 15, 1;
    %mov 39, 15, 1;
    %addi 8, 1, 32;
    %set/v v0x1273d20_0, 8, 8;
    %jmp T_2.16;
T_2.15 ;
    %load/v 8, v0x1273ff0_0, 4;
    %cmpi/u 8, 1, 4;
    %jmp/0xz  T_2.17, 4;
    %jmp T_2.18;
T_2.17 ;
    %load/v 8, v0x1273ff0_0, 4;
    %cmpi/u 8, 0, 4;
    %jmp/0xz  T_2.19, 4;
    %jmp T_2.20;
T_2.19 ;
    %set/v v0x1273ea0_0, 1, 1;
T_2.20 ;
T_2.18 ;
T_2.16 ;
T_2.14 ;
    %movi 8, 1, 4;
    %set/v v0x1273ff0_0, 8, 4;
    %jmp T_2.12;
T_2.4 ;
    %load/v 8, v0x1273ff0_0, 4;
    %cmpi/u 8, 1, 4;
    %inv 6, 1;
    %mov 8, 6, 1;
    %load/v 9, v0x1273ff0_0, 4;
    %cmpi/u 9, 2, 4;
    %inv 6, 1;
    %or 8, 6, 1;
    %jmp/0xz  T_2.21, 8;
    %set/v v0x1273ea0_0, 1, 1;
T_2.21 ;
    %jmp T_2.12;
T_2.5 ;
    %set/v v0x1273ea0_0, 0, 1;
    %load/v 8, v0x1273ff0_0, 4;
    %cmpi/u 8, 4, 4;
    %jmp/0xz  T_2.23, 4;
    %load/v 8, v0x1273d20_0, 8;
    %mov 16, 15, 1;
    %mov 17, 15, 1;
    %mov 18, 15, 1;
    %mov 19, 15, 1;
    %mov 20, 15, 1;
    %mov 21, 15, 1;
    %mov 22, 15, 1;
    %mov 23, 15, 1;
    %mov 24, 15, 1;
    %mov 25, 15, 1;
    %mov 26, 15, 1;
    %mov 27, 15, 1;
    %mov 28, 15, 1;
    %mov 29, 15, 1;
    %mov 30, 15, 1;
    %mov 31, 15, 1;
    %mov 32, 15, 1;
    %mov 33, 15, 1;
    %mov 34, 15, 1;
    %mov 35, 15, 1;
    %mov 36, 15, 1;
    %mov 37, 15, 1;
    %mov 38, 15, 1;
    %mov 39, 15, 1;
    %subi 8, 1, 32;
    %set/v v0x1273d20_0, 8, 8;
    %jmp T_2.24;
T_2.23 ;
    %load/v 8, v0x1273ff0_0, 4;
    %cmpi/u 8, 1, 4;
    %jmp/0xz  T_2.25, 4;
    %load/v 8, v0x1273d20_0, 8;
    %mov 16, 15, 1;
    %mov 17, 15, 1;
    %mov 18, 15, 1;
    %mov 19, 15, 1;
    %mov 20, 15, 1;
    %mov 21, 15, 1;
    %mov 22, 15, 1;
    %mov 23, 15, 1;
    %mov 24, 15, 1;
    %mov 25, 15, 1;
    %mov 26, 15, 1;
    %mov 27, 15, 1;
    %mov 28, 15, 1;
    %mov 29, 15, 1;
    %mov 30, 15, 1;
    %mov 31, 15, 1;
    %mov 32, 15, 1;
    %mov 33, 15, 1;
    %mov 34, 15, 1;
    %mov 35, 15, 1;
    %mov 36, 15, 1;
    %mov 37, 15, 1;
    %mov 38, 15, 1;
    %mov 39, 15, 1;
    %addi 8, 1, 32;
    %set/v v0x1273d20_0, 8, 8;
    %jmp T_2.26;
T_2.25 ;
    %load/v 8, v0x1273ff0_0, 4;
    %cmpi/u 8, 2, 4;
    %jmp/0xz  T_2.27, 4;
    %jmp T_2.28;
T_2.27 ;
    %set/v v0x1273ea0_0, 1, 1;
T_2.28 ;
T_2.26 ;
T_2.24 ;
    %movi 8, 2, 4;
    %set/v v0x1273ff0_0, 8, 4;
    %jmp T_2.12;
T_2.6 ;
    %load/v 8, v0x1273ff0_0, 4;
    %cmpi/u 8, 4, 4;
    %inv 6, 1;
    %mov 8, 6, 1;
    %load/v 9, v0x1273ff0_0, 4;
    %cmpi/u 9, 2, 4;
    %inv 6, 1;
    %or 8, 6, 1;
    %jmp/0xz  T_2.29, 8;
    %set/v v0x1273ea0_0, 1, 1;
T_2.29 ;
    %jmp T_2.12;
T_2.7 ;
    %set/v v0x1273ea0_0, 0, 1;
    %load/v 8, v0x1273ff0_0, 4;
    %cmpi/u 8, 8, 4;
    %jmp/0xz  T_2.31, 4;
    %load/v 8, v0x1273d20_0, 8;
    %mov 16, 15, 1;
    %mov 17, 15, 1;
    %mov 18, 15, 1;
    %mov 19, 15, 1;
    %mov 20, 15, 1;
    %mov 21, 15, 1;
    %mov 22, 15, 1;
    %mov 23, 15, 1;
    %mov 24, 15, 1;
    %mov 25, 15, 1;
    %mov 26, 15, 1;
    %mov 27, 15, 1;
    %mov 28, 15, 1;
    %mov 29, 15, 1;
    %mov 30, 15, 1;
    %mov 31, 15, 1;
    %mov 32, 15, 1;
    %mov 33, 15, 1;
    %mov 34, 15, 1;
    %mov 35, 15, 1;
    %mov 36, 15, 1;
    %mov 37, 15, 1;
    %mov 38, 15, 1;
    %mov 39, 15, 1;
    %subi 8, 1, 32;
    %set/v v0x1273d20_0, 8, 8;
    %jmp T_2.32;
T_2.31 ;
    %load/v 8, v0x1273ff0_0, 4;
    %cmpi/u 8, 2, 4;
    %jmp/0xz  T_2.33, 4;
    %load/v 8, v0x1273d20_0, 8;
    %mov 16, 15, 1;
    %mov 17, 15, 1;
    %mov 18, 15, 1;
    %mov 19, 15, 1;
    %mov 20, 15, 1;
    %mov 21, 15, 1;
    %mov 22, 15, 1;
    %mov 23, 15, 1;
    %mov 24, 15, 1;
    %mov 25, 15, 1;
    %mov 26, 15, 1;
    %mov 27, 15, 1;
    %mov 28, 15, 1;
    %mov 29, 15, 1;
    %mov 30, 15, 1;
    %mov 31, 15, 1;
    %mov 32, 15, 1;
    %mov 33, 15, 1;
    %mov 34, 15, 1;
    %mov 35, 15, 1;
    %mov 36, 15, 1;
    %mov 37, 15, 1;
    %mov 38, 15, 1;
    %mov 39, 15, 1;
    %addi 8, 1, 32;
    %set/v v0x1273d20_0, 8, 8;
    %jmp T_2.34;
T_2.33 ;
    %load/v 8, v0x1273ff0_0, 4;
    %cmpi/u 8, 4, 4;
    %jmp/0xz  T_2.35, 4;
    %jmp T_2.36;
T_2.35 ;
    %set/v v0x1273ea0_0, 1, 1;
T_2.36 ;
T_2.34 ;
T_2.32 ;
    %movi 8, 4, 4;
    %set/v v0x1273ff0_0, 8, 4;
    %jmp T_2.12;
T_2.8 ;
    %load/v 8, v0x1273ff0_0, 4;
    %cmpi/u 8, 8, 4;
    %inv 6, 1;
    %mov 8, 6, 1;
    %load/v 9, v0x1273ff0_0, 4;
    %cmpi/u 9, 1, 4;
    %inv 6, 1;
    %or 8, 6, 1;
    %jmp/0xz  T_2.37, 8;
    %set/v v0x1273ea0_0, 1, 1;
T_2.37 ;
    %jmp T_2.12;
T_2.9 ;
    %set/v v0x1273ea0_0, 0, 1;
    %load/v 8, v0x1273ff0_0, 4;
    %cmpi/u 8, 1, 4;
    %jmp/0xz  T_2.39, 4;
    %load/v 8, v0x1273d20_0, 8;
    %mov 16, 15, 1;
    %mov 17, 15, 1;
    %mov 18, 15, 1;
    %mov 19, 15, 1;
    %mov 20, 15, 1;
    %mov 21, 15, 1;
    %mov 22, 15, 1;
    %mov 23, 15, 1;
    %mov 24, 15, 1;
    %mov 25, 15, 1;
    %mov 26, 15, 1;
    %mov 27, 15, 1;
    %mov 28, 15, 1;
    %mov 29, 15, 1;
    %mov 30, 15, 1;
    %mov 31, 15, 1;
    %mov 32, 15, 1;
    %mov 33, 15, 1;
    %mov 34, 15, 1;
    %mov 35, 15, 1;
    %mov 36, 15, 1;
    %mov 37, 15, 1;
    %mov 38, 15, 1;
    %mov 39, 15, 1;
    %subi 8, 1, 32;
    %set/v v0x1273d20_0, 8, 8;
    %jmp T_2.40;
T_2.39 ;
    %load/v 8, v0x1273ff0_0, 4;
    %cmpi/u 8, 4, 4;
    %jmp/0xz  T_2.41, 4;
    %load/v 8, v0x1273d20_0, 8;
    %mov 16, 15, 1;
    %mov 17, 15, 1;
    %mov 18, 15, 1;
    %mov 19, 15, 1;
    %mov 20, 15, 1;
    %mov 21, 15, 1;
    %mov 22, 15, 1;
    %mov 23, 15, 1;
    %mov 24, 15, 1;
    %mov 25, 15, 1;
    %mov 26, 15, 1;
    %mov 27, 15, 1;
    %mov 28, 15, 1;
    %mov 29, 15, 1;
    %mov 30, 15, 1;
    %mov 31, 15, 1;
    %mov 32, 15, 1;
    %mov 33, 15, 1;
    %mov 34, 15, 1;
    %mov 35, 15, 1;
    %mov 36, 15, 1;
    %mov 37, 15, 1;
    %mov 38, 15, 1;
    %mov 39, 15, 1;
    %addi 8, 1, 32;
    %set/v v0x1273d20_0, 8, 8;
    %jmp T_2.42;
T_2.41 ;
    %load/v 8, v0x1273ff0_0, 4;
    %cmpi/u 8, 8, 4;
    %jmp/0xz  T_2.43, 4;
    %jmp T_2.44;
T_2.43 ;
    %set/v v0x1273ea0_0, 1, 1;
T_2.44 ;
T_2.42 ;
T_2.40 ;
    %movi 8, 8, 4;
    %set/v v0x1273ff0_0, 8, 4;
    %jmp T_2.12;
T_2.10 ;
    %load/v 8, v0x1273ff0_0, 4;
    %cmpi/u 8, 8, 4;
    %inv 6, 1;
    %mov 8, 6, 1;
    %load/v 9, v0x1273ff0_0, 4;
    %cmpi/u 9, 1, 4;
    %inv 6, 1;
    %or 8, 6, 1;
    %jmp/0xz  T_2.45, 8;
    %set/v v0x1273ea0_0, 1, 1;
T_2.45 ;
    %jmp T_2.12;
T_2.12 ;
    %movi 8, 99, 9;
    %load/v 17, v0x1273d20_0, 8;
    %mov 25, 24, 1;
    %cmp/s 8, 17, 9;
    %jmp/0xz  T_2.47, 5;
    %load/v 8, v0x1273d20_0, 8;
    %mov 16, 15, 1;
    %mov 17, 15, 1;
    %mov 18, 15, 1;
    %mov 19, 15, 1;
    %mov 20, 15, 1;
    %mov 21, 15, 1;
    %mov 22, 15, 1;
    %mov 23, 15, 1;
    %mov 24, 15, 1;
    %mov 25, 15, 1;
    %mov 26, 15, 1;
    %mov 27, 15, 1;
    %mov 28, 15, 1;
    %mov 29, 15, 1;
    %mov 30, 15, 1;
    %mov 31, 15, 1;
    %mov 32, 15, 1;
    %mov 33, 15, 1;
    %mov 34, 15, 1;
    %mov 35, 15, 1;
    %mov 36, 15, 1;
    %mov 37, 15, 1;
    %mov 38, 15, 1;
    %mov 39, 15, 1;
    %subi 8, 200, 32;
    %set/v v0x1273d20_0, 8, 8;
    %jmp T_2.48;
T_2.47 ;
    %load/v 8, v0x1273d20_0, 8;
    %mov 16, 15, 1;
    %movi 17, 412, 9;
    %cmp/s 8, 17, 9;
    %jmp/0xz  T_2.49, 5;
    %load/v 26, v0x1273d20_0, 8;
    %mov 34, 33, 1;
    %mov 35, 33, 1;
    %mov 36, 33, 1;
    %mov 37, 33, 1;
    %mov 38, 33, 1;
    %mov 39, 33, 1;
    %mov 40, 33, 1;
    %mov 41, 33, 1;
    %mov 42, 33, 1;
    %mov 43, 33, 1;
    %mov 44, 33, 1;
    %mov 45, 33, 1;
    %mov 46, 33, 1;
    %mov 47, 33, 1;
    %mov 48, 33, 1;
    %mov 49, 33, 1;
    %mov 50, 33, 1;
    %mov 51, 33, 1;
    %mov 52, 33, 1;
    %mov 53, 33, 1;
    %mov 54, 33, 1;
    %mov 55, 33, 1;
    %mov 56, 33, 1;
    %mov 57, 33, 1;
    %addi 26, 200, 32;
    %set/v v0x1273d20_0, 26, 8;
T_2.49 ;
T_2.48 ;
T_2.1 ;
    %jmp T_2;
    .thread T_2, $push;
    .scope S_0x12739e0;
T_3 ;
    %wait E_0x1273ad0;
    %movi 8, 509, 9;
    %load/v 17, v0x1273b00_0, 8;
    %mov 25, 24, 1;
    %cmp/s 8, 17, 9;
    %mov 17, 5, 1;
    %load/v 18, v0x1273b00_0, 8;
    %mov 26, 25, 1;
   %cmpi/s 18, 3, 9;
    %or 5, 4, 1;
    %mov 18, 5, 1;
    %and 17, 18, 1;
    %jmp/0xz  T_3.0, 17;
    %movi 17, 32, 8;
    %set/v v0x1273b80_0, 17, 8;
    %jmp T_3.1;
T_3.0 ;
    %movi 8, 3, 9;
    %load/v 17, v0x1273b00_0, 8;
    %mov 25, 24, 1;
    %cmp/s 8, 17, 9;
    %mov 8, 5, 1;
    %load/v 9, v0x1273b00_0, 8;
    %mov 17, 16, 1;
   %cmpi/s 9, 9, 9;
    %or 5, 4, 1;
    %mov 9, 5, 1;
    %and 8, 9, 1;
    %jmp/0xz  T_3.2, 8;
    %movi 8, 97, 8;
    %set/v v0x1273b80_0, 8, 8;
    %jmp T_3.3;
T_3.2 ;
    %movi 8, 9, 9;
    %load/v 17, v0x1273b00_0, 8;
    %mov 25, 24, 1;
    %cmp/s 8, 17, 9;
    %mov 8, 5, 1;
    %load/v 9, v0x1273b00_0, 8;
    %mov 17, 16, 1;
   %cmpi/s 9, 15, 9;
    %or 5, 4, 1;
    %mov 9, 5, 1;
    %and 8, 9, 1;
    %jmp/0xz  T_3.4, 8;
    %movi 8, 98, 8;
    %set/v v0x1273b80_0, 8, 8;
    %jmp T_3.5;
T_3.4 ;
    %movi 8, 15, 9;
    %load/v 17, v0x1273b00_0, 8;
    %mov 25, 24, 1;
    %cmp/s 8, 17, 9;
    %mov 8, 5, 1;
    %load/v 9, v0x1273b00_0, 8;
    %mov 17, 16, 1;
   %cmpi/s 9, 21, 9;
    %or 5, 4, 1;
    %mov 9, 5, 1;
    %and 8, 9, 1;
    %jmp/0xz  T_3.6, 8;
    %movi 8, 99, 8;
    %set/v v0x1273b80_0, 8, 8;
    %jmp T_3.7;
T_3.6 ;
    %movi 8, 21, 9;
    %load/v 17, v0x1273b00_0, 8;
    %mov 25, 24, 1;
    %cmp/s 8, 17, 9;
    %mov 8, 5, 1;
    %load/v 9, v0x1273b00_0, 8;
    %mov 17, 16, 1;
   %cmpi/s 9, 28, 9;
    %or 5, 4, 1;
    %mov 9, 5, 1;
    %and 8, 9, 1;
    %jmp/0xz  T_3.8, 8;
    %movi 8, 100, 8;
    %set/v v0x1273b80_0, 8, 8;
    %jmp T_3.9;
T_3.8 ;
    %movi 8, 28, 9;
    %load/v 17, v0x1273b00_0, 8;
    %mov 25, 24, 1;
    %cmp/s 8, 17, 9;
    %mov 8, 5, 1;
    %load/v 9, v0x1273b00_0, 8;
    %mov 17, 16, 1;
   %cmpi/s 9, 34, 9;
    %or 5, 4, 1;
    %mov 9, 5, 1;
    %and 8, 9, 1;
    %jmp/0xz  T_3.10, 8;
    %movi 8, 101, 8;
    %set/v v0x1273b80_0, 8, 8;
    %jmp T_3.11;
T_3.10 ;
    %movi 8, 34, 9;
    %load/v 17, v0x1273b00_0, 8;
    %mov 25, 24, 1;
    %cmp/s 8, 17, 9;
    %mov 8, 5, 1;
    %load/v 9, v0x1273b00_0, 8;
    %mov 17, 16, 1;
   %cmpi/s 9, 40, 9;
    %or 5, 4, 1;
    %mov 9, 5, 1;
    %and 8, 9, 1;
    %jmp/0xz  T_3.12, 8;
    %movi 8, 102, 8;
    %set/v v0x1273b80_0, 8, 8;
    %jmp T_3.13;
T_3.12 ;
    %movi 8, 40, 9;
    %load/v 17, v0x1273b00_0, 8;
    %mov 25, 24, 1;
    %cmp/s 8, 17, 9;
    %mov 8, 5, 1;
    %load/v 9, v0x1273b00_0, 8;
    %mov 17, 16, 1;
   %cmpi/s 9, 46, 9;
    %or 5, 4, 1;
    %mov 9, 5, 1;
    %and 8, 9, 1;
    %jmp/0xz  T_3.14, 8;
    %movi 8, 103, 8;
    %set/v v0x1273b80_0, 8, 8;
    %jmp T_3.15;
T_3.14 ;
    %movi 8, 46, 9;
    %load/v 17, v0x1273b00_0, 8;
    %mov 25, 24, 1;
    %cmp/s 8, 17, 9;
    %mov 8, 5, 1;
    %load/v 9, v0x1273b00_0, 8;
    %mov 17, 16, 1;
   %cmpi/s 9, 53, 9;
    %or 5, 4, 1;
    %mov 9, 5, 1;
    %and 8, 9, 1;
    %jmp/0xz  T_3.16, 8;
    %movi 8, 104, 8;
    %set/v v0x1273b80_0, 8, 8;
    %jmp T_3.17;
T_3.16 ;
    %movi 8, 53, 9;
    %load/v 17, v0x1273b00_0, 8;
    %mov 25, 24, 1;
    %cmp/s 8, 17, 9;
    %mov 8, 5, 1;
    %load/v 9, v0x1273b00_0, 8;
    %mov 17, 16, 1;
   %cmpi/s 9, 59, 9;
    %or 5, 4, 1;
    %mov 9, 5, 1;
    %and 8, 9, 1;
    %jmp/0xz  T_3.18, 8;
    %movi 8, 105, 8;
    %set/v v0x1273b80_0, 8, 8;
    %jmp T_3.19;
T_3.18 ;
    %movi 8, 59, 9;
    %load/v 17, v0x1273b00_0, 8;
    %mov 25, 24, 1;
    %cmp/s 8, 17, 9;
    %mov 8, 5, 1;
    %load/v 9, v0x1273b00_0, 8;
    %mov 17, 16, 1;
   %cmpi/s 9, 65, 9;
    %or 5, 4, 1;
    %mov 9, 5, 1;
    %and 8, 9, 1;
    %jmp/0xz  T_3.20, 8;
    %movi 8, 106, 8;
    %set/v v0x1273b80_0, 8, 8;
    %jmp T_3.21;
T_3.20 ;
    %movi 8, 65, 9;
    %load/v 17, v0x1273b00_0, 8;
    %mov 25, 24, 1;
    %cmp/s 8, 17, 9;
    %mov 8, 5, 1;
    %load/v 9, v0x1273b00_0, 8;
    %mov 17, 16, 1;
   %cmpi/s 9, 71, 9;
    %or 5, 4, 1;
    %mov 9, 5, 1;
    %and 8, 9, 1;
    %jmp/0xz  T_3.22, 8;
    %movi 8, 107, 8;
    %set/v v0x1273b80_0, 8, 8;
    %jmp T_3.23;
T_3.22 ;
    %movi 8, 71, 9;
    %load/v 17, v0x1273b00_0, 8;
    %mov 25, 24, 1;
    %cmp/s 8, 17, 9;
    %mov 8, 5, 1;
    %load/v 9, v0x1273b00_0, 8;
    %mov 17, 16, 1;
   %cmpi/s 9, 78, 9;
    %or 5, 4, 1;
    %mov 9, 5, 1;
    %and 8, 9, 1;
    %jmp/0xz  T_3.24, 8;
    %movi 8, 108, 8;
    %set/v v0x1273b80_0, 8, 8;
    %jmp T_3.25;
T_3.24 ;
    %movi 8, 78, 9;
    %load/v 17, v0x1273b00_0, 8;
    %mov 25, 24, 1;
    %cmp/s 8, 17, 9;
    %mov 8, 5, 1;
    %load/v 9, v0x1273b00_0, 8;
    %mov 17, 16, 1;
   %cmpi/s 9, 84, 9;
    %or 5, 4, 1;
    %mov 9, 5, 1;
    %and 8, 9, 1;
    %jmp/0xz  T_3.26, 8;
    %movi 8, 109, 8;
    %set/v v0x1273b80_0, 8, 8;
    %jmp T_3.27;
T_3.26 ;
    %movi 8, 84, 9;
    %load/v 17, v0x1273b00_0, 8;
    %mov 25, 24, 1;
    %cmp/s 8, 17, 9;
    %mov 8, 5, 1;
    %load/v 9, v0x1273b00_0, 8;
    %mov 17, 16, 1;
   %cmpi/s 9, 90, 9;
    %or 5, 4, 1;
    %mov 9, 5, 1;
    %and 8, 9, 1;
    %jmp/0xz  T_3.28, 8;
    %movi 8, 110, 8;
    %set/v v0x1273b80_0, 8, 8;
    %jmp T_3.29;
T_3.28 ;
    %movi 8, 90, 9;
    %load/v 17, v0x1273b00_0, 8;
    %mov 25, 24, 1;
    %cmp/s 8, 17, 9;
    %mov 8, 5, 1;
    %load/v 9, v0x1273b00_0, 8;
    %mov 17, 16, 1;
   %cmpi/s 9, 96, 9;
    %or 5, 4, 1;
    %mov 9, 5, 1;
    %and 8, 9, 1;
    %jmp/0xz  T_3.30, 8;
    %movi 8, 111, 8;
    %set/v v0x1273b80_0, 8, 8;
    %jmp T_3.31;
T_3.30 ;
    %movi 8, 96, 9;
    %load/v 17, v0x1273b00_0, 8;
    %mov 25, 24, 1;
    %cmp/s 8, 17, 9;
    %mov 8, 5, 1;
    %load/v 9, v0x1273b00_0, 8;
    %mov 17, 16, 1;
   %cmpi/s 9, 99, 9;
    %or 5, 4, 1;
    %mov 9, 5, 1;
    %and 8, 9, 1;
    %movi 9, 412, 9;
    %load/v 18, v0x1273b00_0, 8;
    %mov 26, 25, 1;
    %cmp/s 9, 18, 9;
    %mov 18, 5, 1;
    %load/v 19, v0x1273b00_0, 8;
    %mov 27, 26, 1;
    %movi 28, 415, 9;
    %cmp/s 19, 28, 9;
    %or 5, 4, 1;
    %mov 19, 5, 1;
    %and 18, 19, 1;
    %or 8, 18, 1;
    %jmp/0xz  T_3.32, 8;
    %movi 18, 112, 8;
    %set/v v0x1273b80_0, 18, 8;
    %jmp T_3.33;
T_3.32 ;
    %movi 8, 415, 9;
    %load/v 17, v0x1273b00_0, 8;
    %mov 25, 24, 1;
    %cmp/s 8, 17, 9;
    %mov 17, 5, 1;
    %load/v 18, v0x1273b00_0, 8;
    %mov 26, 25, 1;
    %movi 27, 421, 9;
    %cmp/s 18, 27, 9;
    %or 5, 4, 1;
    %mov 18, 5, 1;
    %and 17, 18, 1;
    %jmp/0xz  T_3.34, 17;
    %movi 17, 113, 8;
    %set/v v0x1273b80_0, 17, 8;
    %jmp T_3.35;
T_3.34 ;
    %movi 8, 421, 9;
    %load/v 17, v0x1273b00_0, 8;
    %mov 25, 24, 1;
    %cmp/s 8, 17, 9;
    %mov 17, 5, 1;
    %load/v 18, v0x1273b00_0, 8;
    %mov 26, 25, 1;
    %movi 27, 427, 9;
    %cmp/s 18, 27, 9;
    %or 5, 4, 1;
    %mov 18, 5, 1;
    %and 17, 18, 1;
    %jmp/0xz  T_3.36, 17;
    %movi 17, 114, 8;
    %set/v v0x1273b80_0, 17, 8;
    %jmp T_3.37;
T_3.36 ;
    %movi 8, 427, 9;
    %load/v 17, v0x1273b00_0, 8;
    %mov 25, 24, 1;
    %cmp/s 8, 17, 9;
    %mov 17, 5, 1;
    %load/v 18, v0x1273b00_0, 8;
    %mov 26, 25, 1;
    %movi 27, 434, 9;
    %cmp/s 18, 27, 9;
    %or 5, 4, 1;
    %mov 18, 5, 1;
    %and 17, 18, 1;
    %jmp/0xz  T_3.38, 17;
    %movi 17, 115, 8;
    %set/v v0x1273b80_0, 17, 8;
    %jmp T_3.39;
T_3.38 ;
    %movi 8, 434, 9;
    %load/v 17, v0x1273b00_0, 8;
    %mov 25, 24, 1;
    %cmp/s 8, 17, 9;
    %mov 17, 5, 1;
    %load/v 18, v0x1273b00_0, 8;
    %mov 26, 25, 1;
    %movi 27, 440, 9;
    %cmp/s 18, 27, 9;
    %or 5, 4, 1;
    %mov 18, 5, 1;
    %and 17, 18, 1;
    %jmp/0xz  T_3.40, 17;
    %movi 17, 116, 8;
    %set/v v0x1273b80_0, 17, 8;
    %jmp T_3.41;
T_3.40 ;
    %movi 8, 440, 9;
    %load/v 17, v0x1273b00_0, 8;
    %mov 25, 24, 1;
    %cmp/s 8, 17, 9;
    %mov 17, 5, 1;
    %load/v 18, v0x1273b00_0, 8;
    %mov 26, 25, 1;
    %movi 27, 446, 9;
    %cmp/s 18, 27, 9;
    %or 5, 4, 1;
    %mov 18, 5, 1;
    %and 17, 18, 1;
    %jmp/0xz  T_3.42, 17;
    %movi 17, 117, 8;
    %set/v v0x1273b80_0, 17, 8;
    %jmp T_3.43;
T_3.42 ;
    %movi 8, 446, 9;
    %load/v 17, v0x1273b00_0, 8;
    %mov 25, 24, 1;
    %cmp/s 8, 17, 9;
    %mov 17, 5, 1;
    %load/v 18, v0x1273b00_0, 8;
    %mov 26, 25, 1;
    %movi 27, 452, 9;
    %cmp/s 18, 27, 9;
    %or 5, 4, 1;
    %mov 18, 5, 1;
    %and 17, 18, 1;
    %jmp/0xz  T_3.44, 17;
    %movi 17, 118, 8;
    %set/v v0x1273b80_0, 17, 8;
    %jmp T_3.45;
T_3.44 ;
    %movi 8, 452, 9;
    %load/v 17, v0x1273b00_0, 8;
    %mov 25, 24, 1;
    %cmp/s 8, 17, 9;
    %mov 17, 5, 1;
    %load/v 18, v0x1273b00_0, 8;
    %mov 26, 25, 1;
    %movi 27, 459, 9;
    %cmp/s 18, 27, 9;
    %or 5, 4, 1;
    %mov 18, 5, 1;
    %and 17, 18, 1;
    %jmp/0xz  T_3.46, 17;
    %movi 17, 119, 8;
    %set/v v0x1273b80_0, 17, 8;
    %jmp T_3.47;
T_3.46 ;
    %movi 8, 459, 9;
    %load/v 17, v0x1273b00_0, 8;
    %mov 25, 24, 1;
    %cmp/s 8, 17, 9;
    %mov 17, 5, 1;
    %load/v 18, v0x1273b00_0, 8;
    %mov 26, 25, 1;
    %movi 27, 465, 9;
    %cmp/s 18, 27, 9;
    %or 5, 4, 1;
    %mov 18, 5, 1;
    %and 17, 18, 1;
    %jmp/0xz  T_3.48, 17;
    %movi 17, 120, 8;
    %set/v v0x1273b80_0, 17, 8;
    %jmp T_3.49;
T_3.48 ;
    %movi 8, 465, 9;
    %load/v 17, v0x1273b00_0, 8;
    %mov 25, 24, 1;
    %cmp/s 8, 17, 9;
    %mov 17, 5, 1;
    %load/v 18, v0x1273b00_0, 8;
    %mov 26, 25, 1;
    %movi 27, 471, 9;
    %cmp/s 18, 27, 9;
    %or 5, 4, 1;
    %mov 18, 5, 1;
    %and 17, 18, 1;
    %jmp/0xz  T_3.50, 17;
    %movi 17, 121, 8;
    %set/v v0x1273b80_0, 17, 8;
    %jmp T_3.51;
T_3.50 ;
    %movi 8, 471, 9;
    %load/v 17, v0x1273b00_0, 8;
    %mov 25, 24, 1;
    %cmp/s 8, 17, 9;
    %mov 17, 5, 1;
    %load/v 18, v0x1273b00_0, 8;
    %mov 26, 25, 1;
    %movi 27, 477, 9;
    %cmp/s 18, 27, 9;
    %or 5, 4, 1;
    %mov 18, 5, 1;
    %and 17, 18, 1;
    %jmp/0xz  T_3.52, 17;
    %movi 17, 122, 8;
    %set/v v0x1273b80_0, 17, 8;
    %jmp T_3.53;
T_3.52 ;
    %movi 8, 477, 9;
    %load/v 17, v0x1273b00_0, 8;
    %mov 25, 24, 1;
    %cmp/s 8, 17, 9;
    %mov 17, 5, 1;
    %load/v 18, v0x1273b00_0, 8;
    %mov 26, 25, 1;
    %movi 27, 484, 9;
    %cmp/s 18, 27, 9;
    %or 5, 4, 1;
    %mov 18, 5, 1;
    %and 17, 18, 1;
    %jmp/0xz  T_3.54, 17;
    %movi 17, 32, 8;
    %set/v v0x1273b80_0, 17, 8;
    %jmp T_3.55;
T_3.54 ;
    %movi 8, 484, 9;
    %load/v 17, v0x1273b00_0, 8;
    %mov 25, 24, 1;
    %cmp/s 8, 17, 9;
    %mov 17, 5, 1;
    %load/v 18, v0x1273b00_0, 8;
    %mov 26, 25, 1;
    %movi 27, 490, 9;
    %cmp/s 18, 27, 9;
    %or 5, 4, 1;
    %mov 18, 5, 1;
    %and 17, 18, 1;
    %jmp/0xz  T_3.56, 17;
    %movi 17, 32, 8;
    %set/v v0x1273b80_0, 17, 8;
    %jmp T_3.57;
T_3.56 ;
    %movi 8, 490, 9;
    %load/v 17, v0x1273b00_0, 8;
    %mov 25, 24, 1;
    %cmp/s 8, 17, 9;
    %mov 17, 5, 1;
    %load/v 18, v0x1273b00_0, 8;
    %mov 26, 25, 1;
    %movi 27, 496, 9;
    %cmp/s 18, 27, 9;
    %or 5, 4, 1;
    %mov 18, 5, 1;
    %and 17, 18, 1;
    %jmp/0xz  T_3.58, 17;
    %movi 17, 44, 8;
    %set/v v0x1273b80_0, 17, 8;
    %jmp T_3.59;
T_3.58 ;
    %movi 8, 496, 9;
    %load/v 17, v0x1273b00_0, 8;
    %mov 25, 24, 1;
    %cmp/s 8, 17, 9;
    %mov 17, 5, 1;
    %load/v 18, v0x1273b00_0, 8;
    %mov 26, 25, 1;
    %movi 27, 502, 9;
    %cmp/s 18, 27, 9;
    %or 5, 4, 1;
    %mov 18, 5, 1;
    %and 17, 18, 1;
    %jmp/0xz  T_3.60, 17;
    %movi 17, 46, 8;
    %set/v v0x1273b80_0, 17, 8;
    %jmp T_3.61;
T_3.60 ;
    %movi 8, 502, 9;
    %load/v 17, v0x1273b00_0, 8;
    %mov 25, 24, 1;
    %cmp/s 8, 17, 9;
    %mov 17, 5, 1;
    %load/v 18, v0x1273b00_0, 8;
    %mov 26, 25, 1;
    %movi 27, 509, 9;
    %cmp/s 18, 27, 9;
    %or 5, 4, 1;
    %mov 18, 5, 1;
    %and 17, 18, 1;
    %jmp/0xz  T_3.62, 17;
    %movi 17, 63, 8;
    %set/v v0x1273b80_0, 17, 8;
    %jmp T_3.63;
T_3.62 ;
    %movi 8, 32, 8;
    %set/v v0x1273b80_0, 8, 8;
    %vpi_call 2 273 "$display", "Error: step count: %d", v0x1273b00_0;
T_3.63 ;
T_3.61 ;
T_3.59 ;
T_3.57 ;
T_3.55 ;
T_3.53 ;
T_3.51 ;
T_3.49 ;
T_3.47 ;
T_3.45 ;
T_3.43 ;
T_3.41 ;
T_3.39 ;
T_3.37 ;
T_3.35 ;
T_3.33 ;
T_3.31 ;
T_3.29 ;
T_3.27 ;
T_3.25 ;
T_3.23 ;
T_3.21 ;
T_3.19 ;
T_3.17 ;
T_3.15 ;
T_3.13 ;
T_3.11 ;
T_3.9 ;
T_3.7 ;
T_3.5 ;
T_3.3 ;
T_3.1 ;
    %jmp T_3;
    .thread T_3, $push;
    .scope S_0x1271b90;
T_4 ;
    %wait E_0x1271d60;
    %load/v 8, v0x1271fc0_0, 1;
    %jmp/0xz  T_4.0, 8;
    %set/v v0x1271f40_0, 0, 26;
    %set/v v0x1271e90_0, 0, 1;
    %jmp T_4.1;
T_4.0 ;
    %load/v 8, v0x1271f40_0, 26;
    %mov 34, 0, 1;
    %cmpi/u 8, 8, 27;
    %jmp/0xz  T_4.2, 4;
    %set/v v0x1271f40_0, 0, 26;
    %load/v 8, v0x1271e90_0, 1;
    %inv 8, 1;
    %set/v v0x1271e90_0, 8, 1;
    %jmp T_4.3;
T_4.2 ;
    %ix/load 0, 1, 0;
    %load/vp0 8, v0x1271f40_0, 26;
    %set/v v0x1271f40_0, 8, 26;
    %load/v 8, v0x1271e90_0, 1;
    %set/v v0x1271e90_0, 8, 1;
T_4.3 ;
T_4.1 ;
    %jmp T_4;
    .thread T_4;
    .scope S_0x1271260;
T_5 ;
    %wait E_0x12715c0;
    %load/v 8, v0x12718c0_0, 2;
    %ix/load 0, 2, 0;
    %assign/v0 v0x1271aa0_0, 0, 8;
    %jmp T_5;
    .thread T_5;
    .scope S_0x1271260;
T_6 ;
    %wait E_0x1271560;
    %load/v 8, v0x1271960_0, 1;
    %jmp/0xz  T_6.0, 8;
    %set/v v0x12718c0_0, 0, 2;
    %set/v v0x1271810_0, 0, 4;
    %set/v v0x1271610_0, 0, 1;
    %jmp T_6.1;
T_6.0 ;
    %load/v 8, v0x1271770_0, 1;
    %jmp/0xz  T_6.2, 8;
    %load/v 8, v0x1271aa0_0, 2;
    %cmpi/u 8, 0, 2;
    %jmp/1 T_6.4, 6;
    %cmpi/u 8, 1, 2;
    %jmp/1 T_6.5, 6;
    %cmpi/u 8, 2, 2;
    %jmp/1 T_6.6, 6;
    %cmpi/u 8, 3, 2;
    %jmp/1 T_6.7, 6;
    %set/v v0x12718c0_0, 0, 2;
    %set/v v0x1271810_0, 0, 4;
    %set/v v0x1271610_0, 0, 1;
    %jmp T_6.9;
T_6.4 ;
    %movi 8, 1, 2;
    %set/v v0x12718c0_0, 8, 2;
    %movi 8, 1, 4;
    %set/v v0x1271810_0, 8, 4;
    %set/v v0x1271610_0, 1, 1;
    %jmp T_6.9;
T_6.5 ;
    %movi 8, 2, 2;
    %set/v v0x12718c0_0, 8, 2;
    %movi 8, 2, 4;
    %set/v v0x1271810_0, 8, 4;
    %set/v v0x1271610_0, 0, 1;
    %jmp T_6.9;
T_6.6 ;
    %set/v v0x12718c0_0, 1, 2;
    %movi 8, 4, 4;
    %set/v v0x1271810_0, 8, 4;
    %set/v v0x1271610_0, 0, 1;
    %jmp T_6.9;
T_6.7 ;
    %set/v v0x12718c0_0, 0, 2;
    %movi 8, 8, 4;
    %set/v v0x1271810_0, 8, 4;
    %set/v v0x1271610_0, 0, 1;
    %jmp T_6.9;
T_6.9 ;
    %jmp T_6.3;
T_6.2 ;
    %load/v 8, v0x1271a20_0, 1;
    %jmp/0xz  T_6.10, 8;
    %load/v 8, v0x1271aa0_0, 2;
    %cmpi/u 8, 0, 2;
    %jmp/1 T_6.12, 6;
    %cmpi/u 8, 1, 2;
    %jmp/1 T_6.13, 6;
    %cmpi/u 8, 2, 2;
    %jmp/1 T_6.14, 6;
    %cmpi/u 8, 3, 2;
    %jmp/1 T_6.15, 6;
    %set/v v0x12718c0_0, 0, 2;
    %set/v v0x1271810_0, 0, 4;
    %set/v v0x1271610_0, 0, 1;
    %jmp T_6.17;
T_6.12 ;
    %set/v v0x12718c0_0, 1, 2;
    %movi 8, 1, 4;
    %set/v v0x1271810_0, 8, 4;
    %set/v v0x1271610_0, 1, 1;
    %jmp T_6.17;
T_6.13 ;
    %set/v v0x12718c0_0, 0, 2;
    %movi 8, 2, 4;
    %set/v v0x1271810_0, 8, 4;
    %set/v v0x1271610_0, 0, 1;
    %jmp T_6.17;
T_6.14 ;
    %movi 8, 1, 2;
    %set/v v0x12718c0_0, 8, 2;
    %movi 8, 4, 4;
    %set/v v0x1271810_0, 8, 4;
    %set/v v0x1271610_0, 0, 1;
    %jmp T_6.17;
T_6.15 ;
    %movi 8, 2, 2;
    %set/v v0x12718c0_0, 8, 2;
    %movi 8, 8, 4;
    %set/v v0x1271810_0, 8, 4;
    %set/v v0x1271610_0, 0, 1;
    %jmp T_6.17;
T_6.17 ;
    %jmp T_6.11;
T_6.10 ;
    %load/v 8, v0x1271aa0_0, 2;
    %set/v v0x12718c0_0, 8, 2;
    %set/v v0x1271810_0, 0, 4;
    %set/v v0x1271610_0, 0, 1;
T_6.11 ;
T_6.3 ;
T_6.1 ;
    %jmp T_6;
    .thread T_6, $push;
    .scope S_0x1270fd0;
T_7 ;
    %wait E_0x1270bf0;
    %load/v 8, v0x1271100_0, 7;
    %cmpi/u 8, 32, 7;
    %jmp/1 T_7.0, 6;
    %cmpi/u 8, 97, 7;
    %jmp/1 T_7.1, 6;
    %cmpi/u 8, 98, 7;
    %jmp/1 T_7.2, 6;
    %cmpi/u 8, 99, 7;
    %jmp/1 T_7.3, 6;
    %cmpi/u 8, 100, 7;
    %jmp/1 T_7.4, 6;
    %cmpi/u 8, 101, 7;
    %jmp/1 T_7.5, 6;
    %cmpi/u 8, 102, 7;
    %jmp/1 T_7.6, 6;
    %cmpi/u 8, 103, 7;
    %jmp/1 T_7.7, 6;
    %cmpi/u 8, 104, 7;
    %jmp/1 T_7.8, 6;
    %cmpi/u 8, 105, 7;
    %jmp/1 T_7.9, 6;
    %cmpi/u 8, 106, 7;
    %jmp/1 T_7.10, 6;
    %cmpi/u 8, 107, 7;
    %jmp/1 T_7.11, 6;
    %cmpi/u 8, 108, 7;
    %jmp/1 T_7.12, 6;
    %cmpi/u 8, 109, 7;
    %jmp/1 T_7.13, 6;
    %cmpi/u 8, 110, 7;
    %jmp/1 T_7.14, 6;
    %cmpi/u 8, 111, 7;
    %jmp/1 T_7.15, 6;
    %cmpi/u 8, 112, 7;
    %jmp/1 T_7.16, 6;
    %cmpi/u 8, 113, 7;
    %jmp/1 T_7.17, 6;
    %cmpi/u 8, 114, 7;
    %jmp/1 T_7.18, 6;
    %cmpi/u 8, 115, 7;
    %jmp/1 T_7.19, 6;
    %cmpi/u 8, 116, 7;
    %jmp/1 T_7.20, 6;
    %cmpi/u 8, 117, 7;
    %jmp/1 T_7.21, 6;
    %cmpi/u 8, 118, 7;
    %jmp/1 T_7.22, 6;
    %cmpi/u 8, 119, 7;
    %jmp/1 T_7.23, 6;
    %cmpi/u 8, 120, 7;
    %jmp/1 T_7.24, 6;
    %cmpi/u 8, 121, 7;
    %jmp/1 T_7.25, 6;
    %cmpi/u 8, 122, 7;
    %jmp/1 T_7.26, 6;
    %cmpi/u 8, 44, 7;
    %jmp/1 T_7.27, 6;
    %cmpi/u 8, 46, 7;
    %jmp/1 T_7.28, 6;
    %cmpi/u 8, 63, 7;
    %jmp/1 T_7.29, 6;
    %set/v v0x12711c0_0, 0, 5;
    %jmp T_7.31;
T_7.0 ;
    %set/v v0x12711c0_0, 0, 5;
    %jmp T_7.31;
T_7.1 ;
    %movi 8, 1, 5;
    %set/v v0x12711c0_0, 8, 5;
    %jmp T_7.31;
T_7.2 ;
    %movi 8, 2, 5;
    %set/v v0x12711c0_0, 8, 5;
    %jmp T_7.31;
T_7.3 ;
    %movi 8, 3, 5;
    %set/v v0x12711c0_0, 8, 5;
    %jmp T_7.31;
T_7.4 ;
    %movi 8, 4, 5;
    %set/v v0x12711c0_0, 8, 5;
    %jmp T_7.31;
T_7.5 ;
    %movi 8, 5, 5;
    %set/v v0x12711c0_0, 8, 5;
    %jmp T_7.31;
T_7.6 ;
    %movi 8, 6, 5;
    %set/v v0x12711c0_0, 8, 5;
    %jmp T_7.31;
T_7.7 ;
    %movi 8, 7, 5;
    %set/v v0x12711c0_0, 8, 5;
    %jmp T_7.31;
T_7.8 ;
    %movi 8, 8, 5;
    %set/v v0x12711c0_0, 8, 5;
    %jmp T_7.31;
T_7.9 ;
    %movi 8, 9, 5;
    %set/v v0x12711c0_0, 8, 5;
    %jmp T_7.31;
T_7.10 ;
    %movi 8, 10, 5;
    %set/v v0x12711c0_0, 8, 5;
    %jmp T_7.31;
T_7.11 ;
    %movi 8, 11, 5;
    %set/v v0x12711c0_0, 8, 5;
    %jmp T_7.31;
T_7.12 ;
    %movi 8, 12, 5;
    %set/v v0x12711c0_0, 8, 5;
    %jmp T_7.31;
T_7.13 ;
    %movi 8, 13, 5;
    %set/v v0x12711c0_0, 8, 5;
    %jmp T_7.31;
T_7.14 ;
    %movi 8, 14, 5;
    %set/v v0x12711c0_0, 8, 5;
    %jmp T_7.31;
T_7.15 ;
    %movi 8, 15, 5;
    %set/v v0x12711c0_0, 8, 5;
    %jmp T_7.31;
T_7.16 ;
    %movi 8, 16, 5;
    %set/v v0x12711c0_0, 8, 5;
    %jmp T_7.31;
T_7.17 ;
    %movi 8, 17, 5;
    %set/v v0x12711c0_0, 8, 5;
    %jmp T_7.31;
T_7.18 ;
    %movi 8, 18, 5;
    %set/v v0x12711c0_0, 8, 5;
    %jmp T_7.31;
T_7.19 ;
    %movi 8, 19, 5;
    %set/v v0x12711c0_0, 8, 5;
    %jmp T_7.31;
T_7.20 ;
    %movi 8, 20, 5;
    %set/v v0x12711c0_0, 8, 5;
    %jmp T_7.31;
T_7.21 ;
    %movi 8, 21, 5;
    %set/v v0x12711c0_0, 8, 5;
    %jmp T_7.31;
T_7.22 ;
    %movi 8, 22, 5;
    %set/v v0x12711c0_0, 8, 5;
    %jmp T_7.31;
T_7.23 ;
    %movi 8, 23, 5;
    %set/v v0x12711c0_0, 8, 5;
    %jmp T_7.31;
T_7.24 ;
    %movi 8, 24, 5;
    %set/v v0x12711c0_0, 8, 5;
    %jmp T_7.31;
T_7.25 ;
    %movi 8, 25, 5;
    %set/v v0x12711c0_0, 8, 5;
    %jmp T_7.31;
T_7.26 ;
    %movi 8, 26, 5;
    %set/v v0x12711c0_0, 8, 5;
    %jmp T_7.31;
T_7.27 ;
    %movi 8, 29, 5;
    %set/v v0x12711c0_0, 8, 5;
    %jmp T_7.31;
T_7.28 ;
    %movi 8, 30, 5;
    %set/v v0x12711c0_0, 8, 5;
    %jmp T_7.31;
T_7.29 ;
    %set/v v0x12711c0_0, 1, 5;
    %jmp T_7.31;
T_7.31 ;
    %jmp T_7;
    .thread T_7, $push;
    .scope S_0x1204400;
T_8 ;
    %wait E_0x1249ea0;
    %set/v v0x1270f30_0, 0, 8;
    %load/v 8, v0x1270e40_0, 1;
    %jmp/0xz  T_8.0, 8;
    %set/v v0x1270ad0_0, 0, 5;
    %set/v v0x1270f30_0, 0, 8;
    %movi 8, 2, 2;
    %set/v v0x1270b70_0, 8, 2;
    %jmp T_8.1;
T_8.0 ;
    %load/v 8, v0x1270da0_0, 1;
    %jmp/0xz  T_8.2, 8;
    %load/v 8, v0x1270cc0_0, 5;
    %load/v 13, v0x1270c20_0, 5;
    %cmp/u 8, 13, 5;
    %jmp/0xz  T_8.4, 5;
    %load/v 8, v0x1270c20_0, 5;
    %mov 13, 0, 2;
    %load/v 15, v0x1270cc0_0, 5;
    %mov 20, 0, 2;
    %sub 8, 15, 7;
   %cmpi/u 8, 16, 7;
    %jmp/0xz  T_8.6, 5;
    %load/v 8, v0x1270cc0_0, 5;
    %set/v v0x1270a30_0, 8, 5;
T_8.8 ;
    %load/v 8, v0x1270a30_0, 5;
    %load/v 13, v0x1270c20_0, 5;
    %cmp/u 8, 13, 5;
    %jmp/0xz T_8.9, 5;
    %load/v 8, v0x1270a30_0, 5;
    %mov 13, 0, 1;
    %movi 14, 4, 6;
    %mod 8, 14, 6;
    %cmpi/u 8, 3, 6;
    %jmp/0xz  T_8.10, 4;
    %load/v 8, v0x1270f30_0, 8;
    %mov 16, 0, 24;
    %addi 8, 7, 32;
    %set/v v0x1270f30_0, 8, 8;
    %jmp T_8.11;
T_8.10 ;
    %load/v 8, v0x1270f30_0, 8;
    %mov 16, 0, 24;
    %addi 8, 6, 32;
    %set/v v0x1270f30_0, 8, 8;
T_8.11 ;
    %load/v 8, v0x1270a30_0, 5;
    %mov 13, 0, 27;
    %addi 8, 1, 32;
    %set/v v0x1270a30_0, 8, 5;
    %jmp T_8.8;
T_8.9 ;
    %movi 8, 1, 2;
    %set/v v0x1270b70_0, 8, 2;
    %load/v 8, v0x1270c20_0, 5;
    %set/v v0x1270ad0_0, 8, 5;
    %jmp T_8.7;
T_8.6 ;
    %load/v 8, v0x1270c20_0, 5;
    %set/v v0x1270a30_0, 8, 5;
T_8.12 ;
    %load/v 8, v0x1270a30_0, 5;
    %load/v 13, v0x1270cc0_0, 5;
    %cmp/u 8, 13, 5;
    %inv 4, 1;
    %jmp/0xz T_8.13, 4;
    %load/v 8, v0x1270a30_0, 5;
    %mov 13, 0, 1;
    %movi 14, 4, 6;
    %mod 8, 14, 6;
    %cmpi/u 8, 3, 6;
    %jmp/0xz  T_8.14, 4;
    %load/v 8, v0x1270f30_0, 8;
    %mov 16, 0, 24;
    %addi 8, 7, 32;
    %set/v v0x1270f30_0, 8, 8;
    %jmp T_8.15;
T_8.14 ;
    %load/v 8, v0x1270f30_0, 8;
    %mov 16, 0, 24;
    %addi 8, 6, 32;
    %set/v v0x1270f30_0, 8, 8;
T_8.15 ;
    %load/v 8, v0x1270a30_0, 5;
    %mov 13, 0, 27;
    %addi 8, 1, 32;
    %set/v v0x1270a30_0, 8, 5;
    %jmp T_8.12;
T_8.13 ;
    %set/v v0x1270b70_0, 0, 2;
    %load/v 8, v0x1270c20_0, 5;
    %set/v v0x1270ad0_0, 8, 5;
T_8.7 ;
    %jmp T_8.5;
T_8.4 ;
    %load/v 8, v0x1270cc0_0, 5;
    %load/v 13, v0x1270c20_0, 5;
    %cmp/u 8, 13, 5;
    %jmp/0xz  T_8.16, 4;
    %set/v v0x1270f30_0, 0, 8;
    %load/v 8, v0x1270c20_0, 5;
    %set/v v0x1270ad0_0, 8, 5;
    %movi 8, 2, 2;
    %set/v v0x1270b70_0, 8, 2;
    %jmp T_8.17;
T_8.16 ;
    %load/v 8, v0x1270cc0_0, 5;
    %mov 13, 0, 2;
    %load/v 15, v0x1270c20_0, 5;
    %mov 20, 0, 2;
    %sub 8, 15, 7;
   %cmpi/u 8, 16, 7;
    %jmp/0xz  T_8.18, 5;
    %load/v 8, v0x1270c20_0, 5;
    %set/v v0x1270a30_0, 8, 5;
T_8.20 ;
    %load/v 8, v0x1270a30_0, 5;
    %load/v 13, v0x1270cc0_0, 5;
    %cmp/u 8, 13, 5;
    %jmp/0xz T_8.21, 5;
    %load/v 8, v0x1270a30_0, 5;
    %mov 13, 0, 1;
    %movi 14, 4, 6;
    %mod 8, 14, 6;
    %cmpi/u 8, 3, 6;
    %jmp/0xz  T_8.22, 4;
    %load/v 8, v0x1270f30_0, 8;
    %mov 16, 0, 24;
    %addi 8, 7, 32;
    %set/v v0x1270f30_0, 8, 8;
    %jmp T_8.23;
T_8.22 ;
    %load/v 8, v0x1270f30_0, 8;
    %mov 16, 0, 24;
    %addi 8, 6, 32;
    %set/v v0x1270f30_0, 8, 8;
T_8.23 ;
    %load/v 8, v0x1270a30_0, 5;
    %mov 13, 0, 27;
    %addi 8, 1, 32;
    %set/v v0x1270a30_0, 8, 5;
    %jmp T_8.20;
T_8.21 ;
    %set/v v0x1270b70_0, 0, 2;
    %load/v 8, v0x1270c20_0, 5;
    %set/v v0x1270ad0_0, 8, 5;
    %jmp T_8.19;
T_8.18 ;
    %load/v 8, v0x1270cc0_0, 5;
    %set/v v0x1270a30_0, 8, 5;
T_8.24 ;
    %load/v 8, v0x1270a30_0, 5;
    %load/v 13, v0x1270c20_0, 5;
    %cmp/u 8, 13, 5;
    %inv 4, 1;
    %jmp/0xz T_8.25, 4;
    %load/v 8, v0x1270a30_0, 5;
    %mov 13, 0, 1;
    %movi 14, 4, 6;
    %mod 8, 14, 6;
    %cmpi/u 8, 3, 6;
    %jmp/0xz  T_8.26, 4;
    %load/v 8, v0x1270f30_0, 8;
    %mov 16, 0, 24;
    %addi 8, 7, 32;
    %set/v v0x1270f30_0, 8, 8;
    %jmp T_8.27;
T_8.26 ;
    %load/v 8, v0x1270f30_0, 8;
    %mov 16, 0, 24;
    %addi 8, 6, 32;
    %set/v v0x1270f30_0, 8, 8;
T_8.27 ;
    %load/v 8, v0x1270a30_0, 5;
    %mov 13, 0, 27;
    %addi 8, 1, 32;
    %set/v v0x1270a30_0, 8, 5;
    %jmp T_8.24;
T_8.25 ;
    %movi 8, 1, 2;
    %set/v v0x1270b70_0, 8, 2;
    %load/v 8, v0x1270c20_0, 5;
    %set/v v0x1270ad0_0, 8, 5;
T_8.19 ;
T_8.17 ;
T_8.5 ;
T_8.2 ;
T_8.1 ;
    %jmp T_8;
    .thread T_8;
    .scope S_0x1204310;
T_9 ;
    %wait E_0x124ada0;
    %load/v 8, v0x1273430_0, 5;
    %ix/load 0, 5, 0;
    %assign/v0 v0x12732d0_0, 0, 8;
    %jmp T_9;
    .thread T_9, $push;
    .scope S_0x1204310;
T_10 ;
    %wait E_0x1246c10;
    %load/v 8, v0x12736f0_0, 1;
    %jmp/0xz  T_10.0, 8;
    %load/v 8, v0x1272e60_0, 8;
    %ix/load 0, 8, 0;
    %assign/v0 v0x1272d40_0, 0, 8;
    %ix/load 0, 5, 0;
    %assign/v0 v0x1273380_0, 0, 0;
    %movi 8, 2, 2;
    %ix/load 0, 2, 0;
    %assign/v0 v0x12734f0_0, 0, 8;
    %jmp T_10.1;
T_10.0 ;
    %load/v 8, v0x1272e60_0, 8;
    %mov 16, 0, 1;
    %cmp/u 0, 8, 9;
    %or 5, 4, 1;
    %jmp/0xz  T_10.2, 5;
    %load/v 8, v0x1272e60_0, 8;
    %ix/load 0, 8, 0;
    %assign/v0 v0x1272d40_0, 0, 8;
    %load/v 8, v0x1273670_0, 5;
    %ix/load 0, 5, 0;
    %assign/v0 v0x1273380_0, 0, 8;
    %load/v 8, v0x1272f90_0, 2;
    %ix/load 0, 2, 0;
    %assign/v0 v0x12734f0_0, 0, 8;
T_10.2 ;
T_10.1 ;
    %jmp T_10;
    .thread T_10, $push;
    .scope S_0x1204310;
T_11 ;
    %wait E_0x1270bf0;
    %load/v 8, v0x1272e60_0, 8;
    %ix/load 0, 8, 0;
    %assign/v0 v0x1272d40_0, 0, 8;
    %jmp T_11;
    .thread T_11, $push;
    .scope S_0x1204310;
T_12 ;
    %wait E_0x124bbb0;
    %load/v 8, v0x12736f0_0, 1;
    %jmp/0xz  T_12.0, 8;
    %set/v v0x1273380_0, 0, 5;
    %movi 8, 1, 2;
    %set/v v0x12734f0_0, 8, 2;
T_12.0 ;
    %load/v 8, v0x12735a0_0, 1;
    %jmp/0xz  T_12.2, 8;
    %load/v 8, v0x1272e60_0, 8;
    %set/v v0x1272d40_0, 8, 8;
T_12.2 ;
    %jmp T_12;
    .thread T_12;
    .scope S_0x1204310;
T_13 ;
    %wait E_0x12715c0;
    %load/v 8, v0x1272d40_0, 8;
    %mov 16, 0, 1;
    %cmpi/u 8, 0, 9;
    %inv 4, 1;
    %mov 8, 4, 1;
    %load/v 9, v0x12734f0_0, 2;
    %mov 11, 0, 2;
    %cmpi/u 9, 2, 4;
    %inv 4, 1;
    %mov 9, 4, 1;
    %or 8, 9, 1;
    %jmp/0xz  T_13.0, 8;
    %load/v 8, v0x1272d40_0, 8;
    %mov 16, 0, 24;
    %subi 8, 1, 32;
    %set/v v0x1272d40_0, 8, 8;
T_13.0 ;
    %jmp T_13;
    .thread T_13;
    .scope S_0x1248520;
T_14 ;
    %vpi_func 2 316 "$fopen", 8, 32, "dassign3.txt";
    %set/v v0x1274680_0, 8, 32;
    %load/v 8, v0x1274680_0, 32;
    %nor/r 8, 8, 32;
    %jmp/0xz  T_14.0, 8;
    %vpi_call 2 318 "$display", "FAIL WRITE FILE";
    %vpi_call 2 319 "$finish";
T_14.0 ;
    %vpi_call 2 321 "$dumpfile", "dassign3.vcd";
    %vpi_call 2 322 "$dumpvars", 1'sb0, S_0x1248520;
    %vpi_call 2 323 "$readmemb", "./ascii_pos.txt", v0x12747d0;
    %movi 8, 1818386734, 32;
    %movi 40, 1635197029, 32;
    %movi 72, 543760499, 32;
    %movi 104, 1701995820, 32;
    %movi 136, 543768352, 32;
    %movi 168, 544694643, 32;
    %movi 200, 1633840229, 32;
    %movi 232, 0, 32;
    %set/v v0x1274a50_0, 8, 256;
    %delay 200000, 0;
    %set/v v0x1274950_0, 0, 1;
    %set/v v0x12748d0_0, 0, 1;
    %delay 200000, 0;
    %set/v v0x1274950_0, 1, 1;
    %delay 400000, 0;
    %set/v v0x1274950_0, 0, 1;
    %delay 200000, 0;
    %movi 8, 27, 32;
    %set/v v0x12743f0_0, 8, 32;
T_14.2 ;
    %load/v 8, v0x12743f0_0, 32;
    %cmp/s 0, 8, 32;
    %or 5, 4, 1;
    %jmp/0xz T_14.3, 5;
    %set/v v0x1274470_0, 0, 32;
T_14.4 ;
    %load/v 8, v0x1274470_0, 32;
   %cmpi/s 8, 8, 32;
    %jmp/0xz T_14.5, 5;
    %load/v 8, v0x12743f0_0, 32;
    %mov 40, 39, 1;
    %mov 41, 39, 1;
    %mov 42, 39, 1;
    %mov 43, 39, 1;
    %mov 44, 39, 1;
    %muli 8, 8, 37;
    %load/v 45, v0x1274470_0, 32;
    %mov 77, 76, 1;
    %mov 78, 76, 1;
    %mov 79, 76, 1;
    %mov 80, 76, 1;
    %mov 81, 76, 1;
    %add 8, 45, 37;
    %ix/get/s 1, 8, 37;
    %jmp/1 T_14.6, 4;
    %load/x1p 8, v0x1274a50_0, 1;
    %jmp T_14.7;
T_14.6 ;
    %mov 8, 2, 1;
T_14.7 ;
; Save base=8 wid=1 in lookaside.
    %ix/getv/s 0, v0x1274470_0;
    %jmp/1 t_0, 4;
    %set/x0 v0x1274700_0, 8, 1;
t_0 ;
    %ix/load 0, 1, 0;
    %load/vp0/s 8, v0x1274470_0, 32;
    %set/v v0x1274470_0, 8, 32;
    %jmp T_14.4;
T_14.5 ;
    %load/v 8, v0x1274700_0, 7; Only need 7 of 8 bits
; Save base=8 wid=7 in lookaside.
    %set/v v0x12742f0_0, 8, 7;
    %ix/getv 3, v0x1274700_0;
    %load/av 8, v0x12747d0, 5;
    %set/v v0x1274c60_0, 8, 5;
T_14.8 ;
    %load/v 8, v0x1274850_0, 1;
    %mov 9, 0, 2;
    %cmpi/u 8, 1, 3;
    %cmpi/u 4, 1, 1;
    %inv 6, 1;
    %jmp/0xz T_14.9, 6;
    %wait E_0x11dac50;
    %jmp T_14.8;
T_14.9 ;
    %delay 300000, 0;
    %set/v v0x12748d0_0, 1, 1;
    %vpi_call 2 339 "$display", "new ready: %b, req: %b, pos_char: %b, pos: %b", v0x1274850_0, v0x12748d0_0, v0x1274700_0, v0x1274c60_0;
    %delay 200000, 0;
    %set/v v0x12748d0_0, 0, 1;
    %delay 100000, 0;
    %vpi_call 2 343 "$display", "ready: %b, req: %b, pos_char: %b, pos: %b", v0x1274850_0, v0x12748d0_0, v0x1274700_0, v0x1274c60_0;
    %load/v 8, v0x12743f0_0, 32;
    %subi 8, 1, 32;
    %set/v v0x12743f0_0, 8, 32;
    %jmp T_14.2;
T_14.3 ;
T_14.10 ;
    %load/v 8, v0x1274850_0, 1;
    %mov 9, 0, 2;
    %cmpi/u 8, 1, 3;
    %cmpi/u 4, 1, 1;
    %inv 6, 1;
    %jmp/0xz T_14.11, 6;
    %wait E_0x11dac50;
    %jmp T_14.10;
T_14.11 ;
    %delay 2000000, 0;
    %vpi_call 2 347 "$finish";
    %end;
    .thread T_14;
    .scope S_0x1248520;
T_15 ;
    %wait E_0x124daa0;
    %load/v 8, v0x12748d0_0, 1;
    %mov 9, 0, 2;
    %cmpi/u 8, 1, 3;
    %jmp/0xz  T_15.0, 4;
    %load/v 8, v0x1274700_0, 8;
    %set/v v0x1274ad0_0, 8, 8;
    %vpi_call 2 355 "$display", "Req==1: Time: %d", $time;
    %delay 100000, 0;
T_15.2 ;
    %load/v 8, v0x1274850_0, 1;
    %mov 9, 0, 2;
    %cmpi/u 8, 1, 3;
    %cmpi/u 4, 1, 1;
    %inv 6, 1;
    %jmp/0xz T_15.3, 6;
    %wait E_0x11dac50;
    %jmp T_15.2;
T_15.3 ;
    %vpi_call 2 358 "$display", "Ready==1: Time: %d", $time;
    %load/v 8, v0x1274370_0, 8;
    %load/v 16, v0x1274ad0_0, 8;
    %cmp/u 8, 16, 8;
    %jmp/0xz  T_15.4, 4;
    %vpi_call 2 360 "$display", "Correct!\011req: %c\011response: %c\011motor_step: %d\011time:%d", v0x1274ad0_0, v0x1274370_0, v0x1274570_0, $time;
    %jmp T_15.5;
T_15.4 ;
    %vpi_call 2 364 "$display", "Incorrect!\011req: %c\011response: %c\011motor_step: %d\011time:%d", v0x1274ad0_0, v0x1274370_0, v0x1274570_0, $time;
T_15.5 ;
T_15.0 ;
    %jmp T_15;
    .thread T_15, $push;
    .scope S_0x1248520;
T_16 ;
    %wait E_0x124c1b0;
    %vpi_call 2 371 "$display", "Passing through %c to reach TestBench Char: %c @ %d ", v0x1274370_0, v0x1274ad0_0, $time;
    %jmp T_16;
    .thread T_16, $push;
# The file index is used to find the file name in the following table.
:file_names 4;
    "N/A";
    "<interactive>";
    "testbench.sv";
    "design.sv";
