#! /usr/share/iverilog-0.9.7/bin/vvp
:ivl_version "0.9.7 " "(v0_9_6)";
:vpi_time_precision - 12;
:vpi_module "system";
:vpi_module "v2005_math";
:vpi_module "va_math";
S_0x936040 .scope module, "dassign2_tb" "dassign2_tb" 2 144;
 .timescale -9 -12;
v0x9a63b0_0 .var "bin", 0 0;
v0x9a6430_0 .net "bout", 0 0, L_0x9a8ea0; 1 drivers
v0x9a6500_0 .net "diff", 0 0, L_0x9a8940; 1 drivers
v0x9a65d0_0 .var "din0", 8 0;
v0x9a6650_0 .var "din1", 8 0;
v0x9a66d0_0 .var "div", 7 0;
v0x9a67a0_0 .net "done", 0 0, v0x8c53a0_0; 1 drivers
v0x9a6820_0 .var/i "done_err", 31 0;
v0x9a68f0_0 .var "dout", 8 0;
v0x9a6990_0 .net "drv_clk", 0 0, v0x9a62e0_0; 1 drivers
v0x9a6a10_0 .var/i "forw_err", 31 0;
v0x9a6ab0_0 .var "forward", 0 0;
v0x9a6b30_0 .var/i "i", 31 0;
v0x9a6bb0_0 .var "in0", 0 0;
v0x9a6d40_0 .var "in1", 0 0;
v0x9a6dc0_0 .var/i "j", 31 0;
v0x9a6c30_0 .net "motor_drv", 3 0, v0x97cf60_0; 1 drivers
v0x9a6ef0_0 .var/i "motseq_err", 31 0;
v0x9a7010_0 .var/i "outfile", 31 0;
v0x9a7090_0 .net "quot", 0 0, L_0x9b3f90; 1 drivers
v0x9a6f70_0 .var "remin", 7 0;
RS_0x7f55056d2868/0/0 .resolv tri, L_0x9b5850, L_0x9b5ed0, L_0x9b6150, L_0x97f250;
RS_0x7f55056d2868/0/4 .resolv tri, L_0x9b6850, L_0x9b6ad0, L_0x9b6ff0, L_0x9b74f0;
RS_0x7f55056d2868 .resolv tri, RS_0x7f55056d2868/0/0, RS_0x7f55056d2868/0/4, C4<zzzzzzzz>, C4<zzzzzzzz>;
v0x9a71c0_0 .net8 "remout", 7 0, RS_0x7f55056d2868; 8 drivers
v0x9a7110_0 .var "reset", 0 0;
v0x9a7350_0 .var/i "rev_err", 31 0;
v0x9a7240_0 .var "reverse", 0 0;
v0x9a74a0_0 .var/i "sbs_err", 31 0;
v0x9a73d0_0 .var/i "scs_err", 31 0;
v0x9a7600_0 .net/s "step_count", 7 0, v0x9a5c90_0; 1 drivers
v0x9a7520_0 .net "step_err", 0 0, v0x9a5ff0_0; 1 drivers
v0x9a7770_0 .var/i "sub_err", 31 0;
v0x9a7680_0 .var "tstquot", 0 0;
v0x9a78f0_0 .var "tstrem", 7 0;
S_0x9a61f0 .scope module, "clkgen_1" "clkgen" 2 152, 2 133, S_0x936040;
 .timescale -9 -12;
v0x9a62e0_0 .var "clk", 0 0;
S_0x9a5e80 .scope module, "motor_1" "motor" 2 153, 2 14, S_0x936040;
 .timescale -9 -12;
v0x9a5c90_0 .var/s "count", 7 0;
v0x9a5f70_0 .alias "drv_clk", 0 0, v0x9a6990_0;
v0x9a5ff0_0 .var "err", 0 0;
v0x9a6070_0 .alias "motor_drv", 3 0, v0x9a6c30_0;
v0x9a60f0_0 .var "prev_motor_drv", 3 0;
v0x9a6170_0 .net "reset", 0 0, v0x9a7110_0; 1 drivers
E_0x9a4250 .event edge, v0x97d0b0_0, v0x97cf60_0;
S_0x9a1990 .scope module, "sbs_tst" "sbs" 2 155, 3 48, S_0x936040;
 .timescale 0 0;
v0x9a4d40_0 .net "a", 0 0, L_0x9a7ce0; 1 drivers
v0x9a4de0_0 .net "b", 0 0, L_0x9a7f30; 1 drivers
v0x9a4eb0_0 .net "bBot", 0 0, L_0x9a8c40; 1 drivers
v0x9a4f80_0 .net "bInv", 0 0, L_0x98fc50; 1 drivers
v0x9a5000_0 .net "bMid", 0 0, L_0x9a8ba0; 1 drivers
v0x9a50d0_0 .net "bSemi", 0 0, L_0x9a8ce0; 1 drivers
v0x9a51e0_0 .net "bTop", 0 0, L_0x9a8b00; 1 drivers
v0x9a52b0_0 .net "bin", 0 0, v0x9a63b0_0; 1 drivers
v0x9a5380_0 .net "botRes", 0 0, L_0x9a8490; 1 drivers
v0x9a5450_0 .alias "bout", 0 0, v0x9a6430_0;
v0x9a54d0_0 .net "c", 0 0, L_0x9a8100; 1 drivers
v0x9a5550_0 .alias "d", 0 0, v0x9a6500_0;
v0x9a55d0_0 .net "e", 0 0, L_0x9a8430; 1 drivers
v0x9a56a0_0 .net "mid1Res", 0 0, L_0x9a7fd0; 1 drivers
v0x9a57f0_0 .net "mid2Res", 0 0, L_0x9a4c50; 1 drivers
v0x9a58c0_0 .net "semiBot", 0 0, L_0x9a8780; 1 drivers
v0x9a5720_0 .net "semiTop", 0 0, L_0x9a85c0; 1 drivers
v0x9a5a70_0 .net "topRes", 0 0, L_0x9a7d80; 1 drivers
v0x9a5b90_0 .net "x", 0 0, v0x9a6bb0_0; 1 drivers
v0x9a5c10_0 .net "xInv", 0 0, L_0x9a75a0; 1 drivers
v0x9a5af0_0 .net "y", 0 0, v0x9a6d40_0; 1 drivers
v0x9a5d40_0 .net "yInv", 0 0, L_0x9a7700; 1 drivers
S_0x9a4aa0 .scope module, "bNot" "inv" 3 59, 3 9, S_0x9a1990;
 .timescale 0 0;
L_0x98fc50 .functor NOT 1, v0x9a63b0_0, C4<0>, C4<0>, C4<0>;
v0x9a4b90_0 .alias "a", 0 0, v0x9a52b0_0;
v0x9a4cc0_0 .alias "y", 0 0, v0x9a4f80_0;
S_0x9a47d0 .scope module, "xNot" "inv" 3 60, 3 9, S_0x9a1990;
 .timescale 0 0;
L_0x9a75a0 .functor NOT 1, v0x9a6bb0_0, C4<0>, C4<0>, C4<0>;
v0x9a48c0_0 .alias "a", 0 0, v0x9a5b90_0;
v0x9a4990_0 .alias "y", 0 0, v0x9a5c10_0;
S_0x9a4550 .scope module, "yNot" "inv" 3 61, 3 9, S_0x9a1990;
 .timescale 0 0;
L_0x9a7700 .functor NOT 1, v0x9a6d40_0, C4<0>, C4<0>, C4<0>;
v0x9a4640_0 .alias "a", 0 0, v0x9a5af0_0;
v0x9a4750_0 .alias "y", 0 0, v0x9a5d40_0;
S_0x9a4280 .scope module, "top1" "and2" 3 63, 3 16, S_0x9a1990;
 .timescale 0 0;
L_0x9a7ce0 .functor AND 1, L_0x98fc50, L_0x9a75a0, C4<1>, C4<1>;
v0x9a4370_0 .alias "a", 0 0, v0x9a4f80_0;
v0x9a4420_0 .alias "b", 0 0, v0x9a5c10_0;
v0x9a44a0_0 .alias "y", 0 0, v0x9a4d40_0;
S_0x9a3fe0 .scope module, "top2" "and2" 3 64, 3 16, S_0x9a1990;
 .timescale 0 0;
L_0x9a7d80 .functor AND 1, v0x9a6d40_0, L_0x9a7ce0, C4<1>, C4<1>;
v0x9a40d0_0 .alias "a", 0 0, v0x9a5af0_0;
v0x9a4150_0 .alias "b", 0 0, v0x9a4d40_0;
v0x9a41d0_0 .alias "y", 0 0, v0x9a5a70_0;
S_0x9a3d20 .scope module, "midTop1" "and2" 3 66, 3 16, S_0x9a1990;
 .timescale 0 0;
L_0x9a7f30 .functor AND 1, L_0x98fc50, v0x9a6bb0_0, C4<1>, C4<1>;
v0x9a3e10_0 .alias "a", 0 0, v0x9a4f80_0;
v0x9a3eb0_0 .alias "b", 0 0, v0x9a5b90_0;
v0x9a3f30_0 .alias "y", 0 0, v0x9a4de0_0;
S_0x9a3ab0 .scope module, "midTop2" "and2" 3 67, 3 16, S_0x9a1990;
 .timescale 0 0;
L_0x9a7fd0 .functor AND 1, L_0x9a7700, L_0x9a7f30, C4<1>, C4<1>;
v0x9a3ba0_0 .alias "a", 0 0, v0x9a5d40_0;
v0x9a3c20_0 .alias "b", 0 0, v0x9a4de0_0;
v0x9a3ca0_0 .alias "y", 0 0, v0x9a56a0_0;
S_0x9a37f0 .scope module, "midBot1" "and2" 3 69, 3 16, S_0x9a1990;
 .timescale 0 0;
L_0x9a8100 .functor AND 1, v0x9a63b0_0, L_0x9a75a0, C4<1>, C4<1>;
v0x9a38e0_0 .alias "a", 0 0, v0x9a52b0_0;
v0x9a3960_0 .alias "b", 0 0, v0x9a5c10_0;
v0x9a3a30_0 .alias "y", 0 0, v0x9a54d0_0;
S_0x9a3540 .scope module, "midBot2" "and2" 3 70, 3 16, S_0x9a1990;
 .timescale 0 0;
L_0x9a4c50 .functor AND 1, L_0x9a8100, L_0x9a7700, C4<1>, C4<1>;
v0x9a3630_0 .alias "a", 0 0, v0x9a54d0_0;
v0x9a36d0_0 .alias "b", 0 0, v0x9a5d40_0;
v0x9a3770_0 .alias "y", 0 0, v0x9a57f0_0;
S_0x9a3260 .scope module, "Bot1" "and2" 3 72, 3 16, S_0x9a1990;
 .timescale 0 0;
L_0x9a8430 .functor AND 1, v0x9a63b0_0, v0x9a6bb0_0, C4<1>, C4<1>;
v0x9a3350_0 .alias "a", 0 0, v0x9a52b0_0;
v0x9a3420_0 .alias "b", 0 0, v0x9a5b90_0;
v0x9a34c0_0 .alias "y", 0 0, v0x9a55d0_0;
S_0x9a2f80 .scope module, "Bot2" "and2" 3 73, 3 16, S_0x9a1990;
 .timescale 0 0;
L_0x9a8490 .functor AND 1, L_0x9a8430, v0x9a6d40_0, C4<1>, C4<1>;
v0x9a3070_0 .alias "a", 0 0, v0x9a55d0_0;
v0x9a3110_0 .alias "b", 0 0, v0x9a5af0_0;
v0x9a31e0_0 .alias "y", 0 0, v0x9a5380_0;
S_0x9a2cd0 .scope module, "top2Results" "or2" 3 75, 3 23, S_0x9a1990;
 .timescale 0 0;
L_0x9a85c0 .functor OR 1, L_0x9a7d80, L_0x9a7fd0, C4<0>, C4<0>;
v0x9a2dc0_0 .alias "a", 0 0, v0x9a5a70_0;
v0x9a2e60_0 .alias "b", 0 0, v0x9a56a0_0;
v0x9a2f00_0 .alias "y", 0 0, v0x9a5720_0;
S_0x9a2a00 .scope module, "bot2Results" "or2" 3 76, 3 23, S_0x9a1990;
 .timescale 0 0;
L_0x9a8780 .functor OR 1, L_0x9a4c50, L_0x9a8490, C4<0>, C4<0>;
v0x9a2af0_0 .alias "a", 0 0, v0x9a57f0_0;
v0x9a2bb0_0 .alias "b", 0 0, v0x9a5380_0;
v0x9a2c50_0 .alias "y", 0 0, v0x9a58c0_0;
S_0x9a2790 .scope module, "finResult" "or2" 3 78, 3 23, S_0x9a1990;
 .timescale 0 0;
L_0x9a8940 .functor OR 1, L_0x9a85c0, L_0x9a8780, C4<0>, C4<0>;
v0x9a2880_0 .alias "a", 0 0, v0x9a5720_0;
v0x9a2900_0 .alias "b", 0 0, v0x9a58c0_0;
v0x9a2980_0 .alias "y", 0 0, v0x9a6500_0;
S_0x9a2520 .scope module, "bTop1" "and2" 3 81, 3 16, S_0x9a1990;
 .timescale 0 0;
L_0x9a8b00 .functor AND 1, L_0x9a75a0, v0x9a63b0_0, C4<1>, C4<1>;
v0x9a2610_0 .alias "a", 0 0, v0x9a5c10_0;
v0x9a2690_0 .alias "b", 0 0, v0x9a52b0_0;
v0x9a2710_0 .alias "y", 0 0, v0x9a51e0_0;
S_0x9a2290 .scope module, "bMid1" "and2" 3 82, 3 16, S_0x9a1990;
 .timescale 0 0;
L_0x9a8ba0 .functor AND 1, v0x9a63b0_0, v0x9a6d40_0, C4<1>, C4<1>;
v0x9a2380_0 .alias "a", 0 0, v0x9a52b0_0;
v0x9a2420_0 .alias "b", 0 0, v0x9a5af0_0;
v0x9a24a0_0 .alias "y", 0 0, v0x9a5000_0;
S_0x9a1fe0 .scope module, "bBot1" "and2" 3 83, 3 16, S_0x9a1990;
 .timescale 0 0;
L_0x9a8c40 .functor AND 1, L_0x9a75a0, v0x9a6d40_0, C4<1>, C4<1>;
v0x9a20d0_0 .alias "a", 0 0, v0x9a5c10_0;
v0x9a2170_0 .alias "b", 0 0, v0x9a5af0_0;
v0x9a2210_0 .alias "y", 0 0, v0x9a4eb0_0;
S_0x9a1d10 .scope module, "semiTop1" "or2" 3 85, 3 23, S_0x9a1990;
 .timescale 0 0;
L_0x9a8ce0 .functor OR 1, L_0x9a8b00, L_0x9a8ba0, C4<0>, C4<0>;
v0x9a1e00_0 .alias "a", 0 0, v0x9a51e0_0;
v0x9a1ec0_0 .alias "b", 0 0, v0x9a5000_0;
v0x9a1f60_0 .alias "y", 0 0, v0x9a50d0_0;
S_0x9a1a80 .scope module, "finBResult" "or2" 3 86, 3 23, S_0x9a1990;
 .timescale 0 0;
L_0x9a8ea0 .functor OR 1, L_0x9a8ce0, L_0x9a8c40, C4<0>, C4<0>;
v0x9a1b70_0 .alias "a", 0 0, v0x9a50d0_0;
v0x9a1bf0_0 .alias "b", 0 0, v0x9a4eb0_0;
v0x9a1c70_0 .alias "y", 0 0, v0x9a6430_0;
S_0x97d320 .scope module, "dassign2_1" "dassign2_1" 2 156, 3 115, S_0x936040;
 .timescale 0 0;
v0x9a1650_0 .net "bout", 0 0, L_0x9a9060; 1 drivers
v0x9a16d0_0 .net "din", 7 0, v0x9a66d0_0; 1 drivers
RS_0x7f55056d27d8/0/0 .resolv tri, L_0x9aa820, L_0x9ac1e0, L_0x9ad9e0, L_0x9af0e0;
RS_0x7f55056d27d8/0/4 .resolv tri, L_0x9b0860, L_0x9b1f50, L_0x9b3af0, L_0x9b55e0;
RS_0x7f55056d27d8 .resolv tri, RS_0x7f55056d27d8/0/0, RS_0x7f55056d27d8/0/4, C4<zzzzzzzz>, C4<zzzzzzzz>;
v0x9a1750_0 .net8 "dout", 7 0, RS_0x7f55056d27d8; 8 drivers
v0x9a17d0_0 .alias "q", 0 0, v0x9a7090_0;
v0x9a1850_0 .net "rin", 7 0, v0x9a6f70_0; 1 drivers
v0x9a18d0_0 .alias "rout", 7 0, v0x9a71c0_0;
L_0x9b5850 .part/pv L_0x9af530, 0, 1, 8;
L_0x9b58f0 .part RS_0x7f55056d27d8, 0, 1;
L_0x9b5d90 .part v0x9a6f70_0, 0, 1;
L_0x9b5ed0 .part/pv L_0x9b5e30, 1, 1, 8;
L_0x9b5f70 .part RS_0x7f55056d27d8, 1, 1;
L_0x9b6010 .part v0x9a6f70_0, 1, 1;
L_0x9b6150 .part/pv L_0x9b60b0, 2, 1, 8;
L_0x9b6280 .part RS_0x7f55056d27d8, 2, 1;
L_0x9b6320 .part v0x9a6f70_0, 2, 1;
L_0x97f250 .part/pv L_0x9b63c0, 3, 1, 8;
L_0x9b6670 .part RS_0x7f55056d27d8, 3, 1;
L_0x9b6710 .part v0x9a6f70_0, 3, 1;
L_0x9b6850 .part/pv L_0x9b67b0, 4, 1, 8;
L_0x9b68f0 .part RS_0x7f55056d27d8, 4, 1;
L_0x9b6990 .part v0x9a6f70_0, 4, 1;
L_0x9b6ad0 .part/pv L_0x9b6a30, 5, 1, 8;
L_0x9b6c00 .part RS_0x7f55056d27d8, 5, 1;
L_0x9b6ca0 .part v0x9a6f70_0, 5, 1;
L_0x9b6ff0 .part/pv L_0x9b6f50, 6, 1, 8;
L_0x9b71a0 .part RS_0x7f55056d27d8, 6, 1;
L_0x9b3b90 .part v0x9a6f70_0, 6, 1;
L_0x9b74f0 .part/pv L_0x9b7450, 7, 1, 8;
L_0x9b2170 .part RS_0x7f55056d27d8, 7, 1;
L_0x9b7650 .part v0x9a6f70_0, 7, 1;
S_0x97f380 .scope module, "sub8" "subtract8" 3 125, 3 91, S_0x97d320;
 .timescale 0 0;
RS_0x7f55056d2778/0/0 .resolv tri, L_0x9aa8c0, L_0x9ac2c0, L_0x9adb10, L_0x9af210;
RS_0x7f55056d2778/0/4 .resolv tri, L_0x9b0900, L_0x9b0b00, L_0x9b3ca0, L_0x9b3ef0;
RS_0x7f55056d2778 .resolv tri, RS_0x7f55056d2778/0/0, RS_0x7f55056d2778/0/4, C4<zzzzzzzz>, C4<zzzzzzzz>;
v0x9a11e0_0 .net8 "b", 7 0, RS_0x7f55056d2778; 8 drivers
v0x9a13d0_0 .net "bin", 0 0, C4<0>; 1 drivers
v0x9a1450_0 .alias "bout", 0 0, v0x9a1650_0;
v0x9a14d0_0 .alias "d", 7 0, v0x9a1750_0;
v0x9a1550_0 .alias "x", 7 0, v0x9a1850_0;
v0x9a15d0_0 .alias "y", 7 0, v0x9a16d0_0;
L_0x9a9060 .part RS_0x7f55056d2778, 7, 1;
L_0x9aa820 .part/pv L_0x9aa100, 0, 1, 8;
L_0x9aa8c0 .part/pv L_0x9aa660, 0, 1, 8;
L_0x9aa960 .part v0x9a6f70_0, 0, 1;
L_0x9aaa00 .part v0x9a66d0_0, 0, 1;
L_0x9ac1e0 .part/pv L_0x9abac0, 1, 1, 8;
L_0x9ac2c0 .part/pv L_0x9ac020, 1, 1, 8;
L_0x9ac360 .part v0x9a6f70_0, 1, 1;
L_0x9ac490 .part v0x9a66d0_0, 1, 1;
L_0x9ac5c0 .part RS_0x7f55056d2778, 0, 1;
L_0x9ad9e0 .part/pv L_0x9ad440, 2, 1, 8;
L_0x9adb10 .part/pv L_0x9ad860, 2, 1, 8;
L_0x9adc20 .part v0x9a6f70_0, 2, 1;
L_0x9adcc0 .part v0x9a66d0_0, 2, 1;
L_0x9adde0 .part RS_0x7f55056d2778, 1, 1;
L_0x9af0e0 .part/pv L_0x9aeb40, 3, 1, 8;
L_0x9af210 .part/pv L_0x9aef60, 3, 1, 8;
L_0x9af2b0 .part v0x9a6f70_0, 3, 1;
L_0x9af3f0 .part v0x9a66d0_0, 3, 1;
L_0x9af490 .part RS_0x7f55056d2778, 2, 1;
L_0x9b0860 .part/pv L_0x9b02c0, 4, 1, 8;
L_0x9b0900 .part/pv L_0x9b06e0, 4, 1, 8;
L_0x9af640 .part v0x9a6f70_0, 4, 1;
L_0x9b0a60 .part v0x9a66d0_0, 4, 1;
L_0x9b09a0 .part RS_0x7f55056d2778, 3, 1;
L_0x9b1f50 .part/pv L_0x9b1890, 5, 1, 8;
L_0x9b0b00 .part/pv L_0x9b1d90, 5, 1, 8;
L_0x9b20d0 .part v0x9a6f70_0, 5, 1;
L_0x9b1ff0 .part v0x9a66d0_0, 5, 1;
L_0x9b2480 .part RS_0x7f55056d2778, 4, 1;
L_0x9b3af0 .part/pv L_0x9b33d0, 6, 1, 8;
L_0x9b3ca0 .part/pv L_0x9b3930, 6, 1, 8;
L_0x9b2520 .part v0x9a6f70_0, 6, 1;
L_0x9b3e50 .part v0x9a66d0_0, 6, 1;
L_0x9b3d40 .part RS_0x7f55056d2778, 5, 1;
L_0x9b55e0 .part/pv L_0x9b4ec0, 7, 1, 8;
L_0x9b3ef0 .part/pv L_0x9b5420, 7, 1, 8;
L_0x9b57b0 .part v0x9a6f70_0, 7, 1;
L_0x9b5680 .part v0x9a66d0_0, 7, 1;
L_0x9b5990 .part RS_0x7f55056d2778, 6, 1;
S_0x99d090 .scope module, "block1" "sbs" 3 104, 3 48, S_0x97f380;
 .timescale 0 0;
v0x9a02d0_0 .net "a", 0 0, L_0x9a9490; 1 drivers
v0x9a0370_0 .net "b", 0 0, L_0x9a9660; 1 drivers
v0x9a0440_0 .net "bBot", 0 0, L_0x9aa400; 1 drivers
v0x9a0510_0 .net "bInv", 0 0, L_0x9a9100; 1 drivers
v0x9a0590_0 .net "bMid", 0 0, L_0x9aa360; 1 drivers
v0x9a0660_0 .net "bSemi", 0 0, L_0x9aa4a0; 1 drivers
v0x9a0730_0 .net "bTop", 0 0, L_0x9aa2c0; 1 drivers
v0x9a0800_0 .net "bin", 0 0, C4<0>; 1 drivers
v0x9a08d0_0 .net "botRes", 0 0, L_0x9a01e0; 1 drivers
v0x9a09a0_0 .net "bout", 0 0, L_0x9aa660; 1 drivers
v0x9a0a20_0 .net "c", 0 0, L_0x9a9830; 1 drivers
v0x9a0aa0_0 .net "d", 0 0, L_0x9aa100; 1 drivers
v0x9a0b20_0 .net "e", 0 0, L_0x9a9a90; 1 drivers
v0x9a0bf0_0 .net "mid1Res", 0 0, L_0x9a9700; 1 drivers
v0x9a0d40_0 .net "mid2Res", 0 0, L_0x99ffc0; 1 drivers
v0x9a0e10_0 .net "semiBot", 0 0, L_0x9a9f40; 1 drivers
v0x9a0c70_0 .net "semiTop", 0 0, L_0x99fc70; 1 drivers
v0x9a0fc0_0 .net "topRes", 0 0, L_0x9a9530; 1 drivers
v0x9a10e0_0 .net "x", 0 0, L_0x9aa960; 1 drivers
v0x9a1160_0 .net "xInv", 0 0, L_0x9a9230; 1 drivers
v0x9a1040_0 .net "y", 0 0, L_0x9aaa00; 1 drivers
v0x9a1290_0 .net "yInv", 0 0, L_0x9a9360; 1 drivers
S_0x9a0030 .scope module, "bNot" "inv" 3 59, 3 9, S_0x99d090;
 .timescale 0 0;
L_0x9a9100 .functor NOT 1, C4<0>, C4<0>, C4<0>, C4<0>;
v0x9a0120_0 .alias "a", 0 0, v0x9a0800_0;
v0x9a0250_0 .alias "y", 0 0, v0x9a0510_0;
S_0x99fd60 .scope module, "xNot" "inv" 3 60, 3 9, S_0x99d090;
 .timescale 0 0;
L_0x9a9230 .functor NOT 1, L_0x9aa960, C4<0>, C4<0>, C4<0>;
v0x99fe50_0 .alias "a", 0 0, v0x9a10e0_0;
v0x99ff20_0 .alias "y", 0 0, v0x9a1160_0;
S_0x99fae0 .scope module, "yNot" "inv" 3 61, 3 9, S_0x99d090;
 .timescale 0 0;
L_0x9a9360 .functor NOT 1, L_0x9aaa00, C4<0>, C4<0>, C4<0>;
v0x99fbd0_0 .alias "a", 0 0, v0x9a1040_0;
v0x99fce0_0 .alias "y", 0 0, v0x9a1290_0;
S_0x99f840 .scope module, "top1" "and2" 3 63, 3 16, S_0x99d090;
 .timescale 0 0;
L_0x9a9490 .functor AND 1, L_0x9a9100, L_0x9a9230, C4<1>, C4<1>;
v0x99f930_0 .alias "a", 0 0, v0x9a0510_0;
v0x99f9b0_0 .alias "b", 0 0, v0x9a1160_0;
v0x99fa30_0 .alias "y", 0 0, v0x9a02d0_0;
S_0x99f5d0 .scope module, "top2" "and2" 3 64, 3 16, S_0x99d090;
 .timescale 0 0;
L_0x9a9530 .functor AND 1, L_0x9aaa00, L_0x9a9490, C4<1>, C4<1>;
v0x99f6c0_0 .alias "a", 0 0, v0x9a1040_0;
v0x99f740_0 .alias "b", 0 0, v0x9a02d0_0;
v0x99f7c0_0 .alias "y", 0 0, v0x9a0fc0_0;
S_0x99f340 .scope module, "midTop1" "and2" 3 66, 3 16, S_0x99d090;
 .timescale 0 0;
L_0x9a9660 .functor AND 1, L_0x9a9100, L_0x9aa960, C4<1>, C4<1>;
v0x99f430_0 .alias "a", 0 0, v0x9a0510_0;
v0x99f4d0_0 .alias "b", 0 0, v0x9a10e0_0;
v0x99f550_0 .alias "y", 0 0, v0x9a0370_0;
S_0x99f0d0 .scope module, "midTop2" "and2" 3 67, 3 16, S_0x99d090;
 .timescale 0 0;
L_0x9a9700 .functor AND 1, L_0x9a9360, L_0x9a9660, C4<1>, C4<1>;
v0x99f1c0_0 .alias "a", 0 0, v0x9a1290_0;
v0x99f240_0 .alias "b", 0 0, v0x9a0370_0;
v0x99f2c0_0 .alias "y", 0 0, v0x9a0bf0_0;
S_0x99ee10 .scope module, "midBot1" "and2" 3 69, 3 16, S_0x99d090;
 .timescale 0 0;
L_0x9a9830 .functor AND 1, C4<0>, L_0x9a9230, C4<1>, C4<1>;
v0x99ef00_0 .alias "a", 0 0, v0x9a0800_0;
v0x99ef80_0 .alias "b", 0 0, v0x9a1160_0;
v0x99f050_0 .alias "y", 0 0, v0x9a0a20_0;
S_0x99eb60 .scope module, "midBot2" "and2" 3 70, 3 16, S_0x99d090;
 .timescale 0 0;
L_0x99ffc0 .functor AND 1, L_0x9a9830, L_0x9a9360, C4<1>, C4<1>;
v0x99ec50_0 .alias "a", 0 0, v0x9a0a20_0;
v0x99ecf0_0 .alias "b", 0 0, v0x9a1290_0;
v0x99ed90_0 .alias "y", 0 0, v0x9a0d40_0;
S_0x99e880 .scope module, "Bot1" "and2" 3 72, 3 16, S_0x99d090;
 .timescale 0 0;
L_0x9a9a90 .functor AND 1, C4<0>, L_0x9aa960, C4<1>, C4<1>;
v0x99e970_0 .alias "a", 0 0, v0x9a0800_0;
v0x99ea40_0 .alias "b", 0 0, v0x9a10e0_0;
v0x99eae0_0 .alias "y", 0 0, v0x9a0b20_0;
S_0x99e5a0 .scope module, "Bot2" "and2" 3 73, 3 16, S_0x99d090;
 .timescale 0 0;
L_0x9a01e0 .functor AND 1, L_0x9a9a90, L_0x9aaa00, C4<1>, C4<1>;
v0x99e690_0 .alias "a", 0 0, v0x9a0b20_0;
v0x99e730_0 .alias "b", 0 0, v0x9a1040_0;
v0x99e800_0 .alias "y", 0 0, v0x9a08d0_0;
S_0x99e2f0 .scope module, "top2Results" "or2" 3 75, 3 23, S_0x99d090;
 .timescale 0 0;
L_0x99fc70 .functor OR 1, L_0x9a9530, L_0x9a9700, C4<0>, C4<0>;
v0x99e3e0_0 .alias "a", 0 0, v0x9a0fc0_0;
v0x99e480_0 .alias "b", 0 0, v0x9a0bf0_0;
v0x99e520_0 .alias "y", 0 0, v0x9a0c70_0;
S_0x99e020 .scope module, "bot2Results" "or2" 3 76, 3 23, S_0x99d090;
 .timescale 0 0;
L_0x9a9f40 .functor OR 1, L_0x99ffc0, L_0x9a01e0, C4<0>, C4<0>;
v0x99e110_0 .alias "a", 0 0, v0x9a0d40_0;
v0x99e1d0_0 .alias "b", 0 0, v0x9a08d0_0;
v0x99e270_0 .alias "y", 0 0, v0x9a0e10_0;
S_0x99ddb0 .scope module, "finResult" "or2" 3 78, 3 23, S_0x99d090;
 .timescale 0 0;
L_0x9aa100 .functor OR 1, L_0x99fc70, L_0x9a9f40, C4<0>, C4<0>;
v0x99dea0_0 .alias "a", 0 0, v0x9a0c70_0;
v0x99df20_0 .alias "b", 0 0, v0x9a0e10_0;
v0x99dfa0_0 .alias "y", 0 0, v0x9a0aa0_0;
S_0x99db40 .scope module, "bTop1" "and2" 3 81, 3 16, S_0x99d090;
 .timescale 0 0;
L_0x9aa2c0 .functor AND 1, L_0x9a9230, C4<0>, C4<1>, C4<1>;
v0x99dc30_0 .alias "a", 0 0, v0x9a1160_0;
v0x99dcb0_0 .alias "b", 0 0, v0x9a0800_0;
v0x99dd30_0 .alias "y", 0 0, v0x9a0730_0;
S_0x99d8b0 .scope module, "bMid1" "and2" 3 82, 3 16, S_0x99d090;
 .timescale 0 0;
L_0x9aa360 .functor AND 1, C4<0>, L_0x9aaa00, C4<1>, C4<1>;
v0x99d9a0_0 .alias "a", 0 0, v0x9a0800_0;
v0x99da40_0 .alias "b", 0 0, v0x9a1040_0;
v0x99dac0_0 .alias "y", 0 0, v0x9a0590_0;
S_0x99d600 .scope module, "bBot1" "and2" 3 83, 3 16, S_0x99d090;
 .timescale 0 0;
L_0x9aa400 .functor AND 1, L_0x9a9230, L_0x9aaa00, C4<1>, C4<1>;
v0x99d6f0_0 .alias "a", 0 0, v0x9a1160_0;
v0x99d790_0 .alias "b", 0 0, v0x9a1040_0;
v0x99d830_0 .alias "y", 0 0, v0x9a0440_0;
S_0x99d370 .scope module, "semiTop1" "or2" 3 85, 3 23, S_0x99d090;
 .timescale 0 0;
L_0x9aa4a0 .functor OR 1, L_0x9aa2c0, L_0x9aa360, C4<0>, C4<0>;
v0x99d460_0 .alias "a", 0 0, v0x9a0730_0;
v0x99d4e0_0 .alias "b", 0 0, v0x9a0590_0;
v0x99d580_0 .alias "y", 0 0, v0x9a0660_0;
S_0x99d180 .scope module, "finBResult" "or2" 3 86, 3 23, S_0x99d090;
 .timescale 0 0;
L_0x9aa660 .functor OR 1, L_0x9aa4a0, L_0x9aa400, C4<0>, C4<0>;
v0x99cea0_0 .alias "a", 0 0, v0x9a0660_0;
v0x99d270_0 .alias "b", 0 0, v0x9a0440_0;
v0x99d2f0_0 .alias "y", 0 0, v0x9a09a0_0;
S_0x998d50 .scope module, "block2" "sbs" 3 105, 3 48, S_0x97f380;
 .timescale 0 0;
v0x99bf90_0 .net "a", 0 0, L_0x9aae50; 1 drivers
v0x99c030_0 .net "b", 0 0, L_0x9ab020; 1 drivers
v0x99c100_0 .net "bBot", 0 0, L_0x9abdc0; 1 drivers
v0x99c1d0_0 .net "bInv", 0 0, L_0x9aaae0; 1 drivers
v0x99c250_0 .net "bMid", 0 0, L_0x9abd20; 1 drivers
v0x99c320_0 .net "bSemi", 0 0, L_0x9abe60; 1 drivers
v0x99c3f0_0 .net "bTop", 0 0, L_0x9abc80; 1 drivers
v0x99c4c0_0 .net "bin", 0 0, L_0x9ac5c0; 1 drivers
v0x99c590_0 .net "botRes", 0 0, L_0x99bea0; 1 drivers
v0x99c660_0 .net "bout", 0 0, L_0x9ac020; 1 drivers
v0x99c6e0_0 .net "c", 0 0, L_0x9ab1f0; 1 drivers
v0x99c760_0 .net "d", 0 0, L_0x9abac0; 1 drivers
v0x99c7e0_0 .net "e", 0 0, L_0x9ab450; 1 drivers
v0x99c8b0_0 .net "mid1Res", 0 0, L_0x9ab0c0; 1 drivers
v0x99ca00_0 .net "mid2Res", 0 0, L_0x99bc80; 1 drivers
v0x99cad0_0 .net "semiBot", 0 0, L_0x9ab900; 1 drivers
v0x99c930_0 .net "semiTop", 0 0, L_0x99b930; 1 drivers
v0x99cc80_0 .net "topRes", 0 0, L_0x9aaef0; 1 drivers
v0x99cda0_0 .net "x", 0 0, L_0x9ac360; 1 drivers
v0x99ce20_0 .net "xInv", 0 0, L_0x9aabf0; 1 drivers
v0x99cd00_0 .net "y", 0 0, L_0x9ac490; 1 drivers
v0x99cf50_0 .net "yInv", 0 0, L_0x9aad20; 1 drivers
S_0x99bcf0 .scope module, "bNot" "inv" 3 59, 3 9, S_0x998d50;
 .timescale 0 0;
L_0x9aaae0 .functor NOT 1, L_0x9ac5c0, C4<0>, C4<0>, C4<0>;
v0x99bde0_0 .alias "a", 0 0, v0x99c4c0_0;
v0x99bf10_0 .alias "y", 0 0, v0x99c1d0_0;
S_0x99ba20 .scope module, "xNot" "inv" 3 60, 3 9, S_0x998d50;
 .timescale 0 0;
L_0x9aabf0 .functor NOT 1, L_0x9ac360, C4<0>, C4<0>, C4<0>;
v0x99bb10_0 .alias "a", 0 0, v0x99cda0_0;
v0x99bbe0_0 .alias "y", 0 0, v0x99ce20_0;
S_0x99b7a0 .scope module, "yNot" "inv" 3 61, 3 9, S_0x998d50;
 .timescale 0 0;
L_0x9aad20 .functor NOT 1, L_0x9ac490, C4<0>, C4<0>, C4<0>;
v0x99b890_0 .alias "a", 0 0, v0x99cd00_0;
v0x99b9a0_0 .alias "y", 0 0, v0x99cf50_0;
S_0x99b500 .scope module, "top1" "and2" 3 63, 3 16, S_0x998d50;
 .timescale 0 0;
L_0x9aae50 .functor AND 1, L_0x9aaae0, L_0x9aabf0, C4<1>, C4<1>;
v0x99b5f0_0 .alias "a", 0 0, v0x99c1d0_0;
v0x99b670_0 .alias "b", 0 0, v0x99ce20_0;
v0x99b6f0_0 .alias "y", 0 0, v0x99bf90_0;
S_0x99b290 .scope module, "top2" "and2" 3 64, 3 16, S_0x998d50;
 .timescale 0 0;
L_0x9aaef0 .functor AND 1, L_0x9ac490, L_0x9aae50, C4<1>, C4<1>;
v0x99b380_0 .alias "a", 0 0, v0x99cd00_0;
v0x99b400_0 .alias "b", 0 0, v0x99bf90_0;
v0x99b480_0 .alias "y", 0 0, v0x99cc80_0;
S_0x99b000 .scope module, "midTop1" "and2" 3 66, 3 16, S_0x998d50;
 .timescale 0 0;
L_0x9ab020 .functor AND 1, L_0x9aaae0, L_0x9ac360, C4<1>, C4<1>;
v0x99b0f0_0 .alias "a", 0 0, v0x99c1d0_0;
v0x99b190_0 .alias "b", 0 0, v0x99cda0_0;
v0x99b210_0 .alias "y", 0 0, v0x99c030_0;
S_0x99ad90 .scope module, "midTop2" "and2" 3 67, 3 16, S_0x998d50;
 .timescale 0 0;
L_0x9ab0c0 .functor AND 1, L_0x9aad20, L_0x9ab020, C4<1>, C4<1>;
v0x99ae80_0 .alias "a", 0 0, v0x99cf50_0;
v0x99af00_0 .alias "b", 0 0, v0x99c030_0;
v0x99af80_0 .alias "y", 0 0, v0x99c8b0_0;
S_0x99aad0 .scope module, "midBot1" "and2" 3 69, 3 16, S_0x998d50;
 .timescale 0 0;
L_0x9ab1f0 .functor AND 1, L_0x9ac5c0, L_0x9aabf0, C4<1>, C4<1>;
v0x99abc0_0 .alias "a", 0 0, v0x99c4c0_0;
v0x99ac40_0 .alias "b", 0 0, v0x99ce20_0;
v0x99ad10_0 .alias "y", 0 0, v0x99c6e0_0;
S_0x99a820 .scope module, "midBot2" "and2" 3 70, 3 16, S_0x998d50;
 .timescale 0 0;
L_0x99bc80 .functor AND 1, L_0x9ab1f0, L_0x9aad20, C4<1>, C4<1>;
v0x99a910_0 .alias "a", 0 0, v0x99c6e0_0;
v0x99a9b0_0 .alias "b", 0 0, v0x99cf50_0;
v0x99aa50_0 .alias "y", 0 0, v0x99ca00_0;
S_0x99a540 .scope module, "Bot1" "and2" 3 72, 3 16, S_0x998d50;
 .timescale 0 0;
L_0x9ab450 .functor AND 1, L_0x9ac5c0, L_0x9ac360, C4<1>, C4<1>;
v0x99a630_0 .alias "a", 0 0, v0x99c4c0_0;
v0x99a700_0 .alias "b", 0 0, v0x99cda0_0;
v0x99a7a0_0 .alias "y", 0 0, v0x99c7e0_0;
S_0x99a260 .scope module, "Bot2" "and2" 3 73, 3 16, S_0x998d50;
 .timescale 0 0;
L_0x99bea0 .functor AND 1, L_0x9ab450, L_0x9ac490, C4<1>, C4<1>;
v0x99a350_0 .alias "a", 0 0, v0x99c7e0_0;
v0x99a3f0_0 .alias "b", 0 0, v0x99cd00_0;
v0x99a4c0_0 .alias "y", 0 0, v0x99c590_0;
S_0x999fb0 .scope module, "top2Results" "or2" 3 75, 3 23, S_0x998d50;
 .timescale 0 0;
L_0x99b930 .functor OR 1, L_0x9aaef0, L_0x9ab0c0, C4<0>, C4<0>;
v0x99a0a0_0 .alias "a", 0 0, v0x99cc80_0;
v0x99a140_0 .alias "b", 0 0, v0x99c8b0_0;
v0x99a1e0_0 .alias "y", 0 0, v0x99c930_0;
S_0x999ce0 .scope module, "bot2Results" "or2" 3 76, 3 23, S_0x998d50;
 .timescale 0 0;
L_0x9ab900 .functor OR 1, L_0x99bc80, L_0x99bea0, C4<0>, C4<0>;
v0x999dd0_0 .alias "a", 0 0, v0x99ca00_0;
v0x999e90_0 .alias "b", 0 0, v0x99c590_0;
v0x999f30_0 .alias "y", 0 0, v0x99cad0_0;
S_0x999a70 .scope module, "finResult" "or2" 3 78, 3 23, S_0x998d50;
 .timescale 0 0;
L_0x9abac0 .functor OR 1, L_0x99b930, L_0x9ab900, C4<0>, C4<0>;
v0x999b60_0 .alias "a", 0 0, v0x99c930_0;
v0x999be0_0 .alias "b", 0 0, v0x99cad0_0;
v0x999c60_0 .alias "y", 0 0, v0x99c760_0;
S_0x999800 .scope module, "bTop1" "and2" 3 81, 3 16, S_0x998d50;
 .timescale 0 0;
L_0x9abc80 .functor AND 1, L_0x9aabf0, L_0x9ac5c0, C4<1>, C4<1>;
v0x9998f0_0 .alias "a", 0 0, v0x99ce20_0;
v0x999970_0 .alias "b", 0 0, v0x99c4c0_0;
v0x9999f0_0 .alias "y", 0 0, v0x99c3f0_0;
S_0x999570 .scope module, "bMid1" "and2" 3 82, 3 16, S_0x998d50;
 .timescale 0 0;
L_0x9abd20 .functor AND 1, L_0x9ac5c0, L_0x9ac490, C4<1>, C4<1>;
v0x999660_0 .alias "a", 0 0, v0x99c4c0_0;
v0x999700_0 .alias "b", 0 0, v0x99cd00_0;
v0x999780_0 .alias "y", 0 0, v0x99c250_0;
S_0x9992c0 .scope module, "bBot1" "and2" 3 83, 3 16, S_0x998d50;
 .timescale 0 0;
L_0x9abdc0 .functor AND 1, L_0x9aabf0, L_0x9ac490, C4<1>, C4<1>;
v0x9993b0_0 .alias "a", 0 0, v0x99ce20_0;
v0x999450_0 .alias "b", 0 0, v0x99cd00_0;
v0x9994f0_0 .alias "y", 0 0, v0x99c100_0;
S_0x999030 .scope module, "semiTop1" "or2" 3 85, 3 23, S_0x998d50;
 .timescale 0 0;
L_0x9abe60 .functor OR 1, L_0x9abc80, L_0x9abd20, C4<0>, C4<0>;
v0x999120_0 .alias "a", 0 0, v0x99c3f0_0;
v0x9991a0_0 .alias "b", 0 0, v0x99c250_0;
v0x999240_0 .alias "y", 0 0, v0x99c320_0;
S_0x998e40 .scope module, "finBResult" "or2" 3 86, 3 23, S_0x998d50;
 .timescale 0 0;
L_0x9ac020 .functor OR 1, L_0x9abe60, L_0x9abdc0, C4<0>, C4<0>;
v0x998b60_0 .alias "a", 0 0, v0x99c320_0;
v0x998f30_0 .alias "b", 0 0, v0x99c100_0;
v0x998fb0_0 .alias "y", 0 0, v0x99c660_0;
S_0x994a10 .scope module, "block3" "sbs" 3 106, 3 48, S_0x97f380;
 .timescale 0 0;
v0x997c50_0 .net "a", 0 0, L_0x9acae0; 1 drivers
v0x997cf0_0 .net "b", 0 0, L_0x9accb0; 1 drivers
v0x997dc0_0 .net "bBot", 0 0, L_0x9ad680; 1 drivers
v0x997e90_0 .net "bInv", 0 0, L_0x9ac750; 1 drivers
v0x997f10_0 .net "bMid", 0 0, L_0x9ad620; 1 drivers
v0x997fe0_0 .net "bSemi", 0 0, L_0x9ad6e0; 1 drivers
v0x9980b0_0 .net "bTop", 0 0, L_0x9ad5c0; 1 drivers
v0x998180_0 .net "bin", 0 0, L_0x9adde0; 1 drivers
v0x998250_0 .net "botRes", 0 0, L_0x997b40; 1 drivers
v0x998320_0 .net "bout", 0 0, L_0x9ad860; 1 drivers
v0x9983a0_0 .net "c", 0 0, L_0x9ace80; 1 drivers
v0x998420_0 .net "d", 0 0, L_0x9ad440; 1 drivers
v0x9984a0_0 .net "e", 0 0, L_0x99cbe0; 1 drivers
v0x998570_0 .net "mid1Res", 0 0, L_0x9acd50; 1 drivers
v0x9986c0_0 .net "mid2Res", 0 0, L_0x98fdb0; 1 drivers
v0x998790_0 .net "semiBot", 0 0, L_0x9ad2c0; 1 drivers
v0x9985f0_0 .net "semiTop", 0 0, L_0x9975d0; 1 drivers
v0x998940_0 .net "topRes", 0 0, L_0x9acb80; 1 drivers
v0x998a60_0 .net "x", 0 0, L_0x9adc20; 1 drivers
v0x998ae0_0 .net "xInv", 0 0, L_0x9ac880; 1 drivers
v0x9989c0_0 .net "y", 0 0, L_0x9adcc0; 1 drivers
v0x998c10_0 .net "yInv", 0 0, L_0x9ac9b0; 1 drivers
S_0x9979b0 .scope module, "bNot" "inv" 3 59, 3 9, S_0x994a10;
 .timescale 0 0;
L_0x9ac750 .functor NOT 1, L_0x9adde0, C4<0>, C4<0>, C4<0>;
v0x997aa0_0 .alias "a", 0 0, v0x998180_0;
v0x997bd0_0 .alias "y", 0 0, v0x997e90_0;
S_0x9976e0 .scope module, "xNot" "inv" 3 60, 3 9, S_0x994a10;
 .timescale 0 0;
L_0x9ac880 .functor NOT 1, L_0x9adc20, C4<0>, C4<0>, C4<0>;
v0x9977d0_0 .alias "a", 0 0, v0x998a60_0;
v0x9978a0_0 .alias "y", 0 0, v0x998ae0_0;
S_0x997460 .scope module, "yNot" "inv" 3 61, 3 9, S_0x994a10;
 .timescale 0 0;
L_0x9ac9b0 .functor NOT 1, L_0x9adcc0, C4<0>, C4<0>, C4<0>;
v0x997550_0 .alias "a", 0 0, v0x9989c0_0;
v0x997660_0 .alias "y", 0 0, v0x998c10_0;
S_0x9971c0 .scope module, "top1" "and2" 3 63, 3 16, S_0x994a10;
 .timescale 0 0;
L_0x9acae0 .functor AND 1, L_0x9ac750, L_0x9ac880, C4<1>, C4<1>;
v0x9972b0_0 .alias "a", 0 0, v0x997e90_0;
v0x997330_0 .alias "b", 0 0, v0x998ae0_0;
v0x9973b0_0 .alias "y", 0 0, v0x997c50_0;
S_0x996f50 .scope module, "top2" "and2" 3 64, 3 16, S_0x994a10;
 .timescale 0 0;
L_0x9acb80 .functor AND 1, L_0x9adcc0, L_0x9acae0, C4<1>, C4<1>;
v0x997040_0 .alias "a", 0 0, v0x9989c0_0;
v0x9970c0_0 .alias "b", 0 0, v0x997c50_0;
v0x997140_0 .alias "y", 0 0, v0x998940_0;
S_0x996cc0 .scope module, "midTop1" "and2" 3 66, 3 16, S_0x994a10;
 .timescale 0 0;
L_0x9accb0 .functor AND 1, L_0x9ac750, L_0x9adc20, C4<1>, C4<1>;
v0x996db0_0 .alias "a", 0 0, v0x997e90_0;
v0x996e50_0 .alias "b", 0 0, v0x998a60_0;
v0x996ed0_0 .alias "y", 0 0, v0x997cf0_0;
S_0x996a50 .scope module, "midTop2" "and2" 3 67, 3 16, S_0x994a10;
 .timescale 0 0;
L_0x9acd50 .functor AND 1, L_0x9ac9b0, L_0x9accb0, C4<1>, C4<1>;
v0x996b40_0 .alias "a", 0 0, v0x998c10_0;
v0x996bc0_0 .alias "b", 0 0, v0x997cf0_0;
v0x996c40_0 .alias "y", 0 0, v0x998570_0;
S_0x996790 .scope module, "midBot1" "and2" 3 69, 3 16, S_0x994a10;
 .timescale 0 0;
L_0x9ace80 .functor AND 1, L_0x9adde0, L_0x9ac880, C4<1>, C4<1>;
v0x996880_0 .alias "a", 0 0, v0x998180_0;
v0x996900_0 .alias "b", 0 0, v0x998ae0_0;
v0x9969d0_0 .alias "y", 0 0, v0x9983a0_0;
S_0x9964e0 .scope module, "midBot2" "and2" 3 70, 3 16, S_0x994a10;
 .timescale 0 0;
L_0x98fdb0 .functor AND 1, L_0x9ace80, L_0x9ac9b0, C4<1>, C4<1>;
v0x9965d0_0 .alias "a", 0 0, v0x9983a0_0;
v0x996670_0 .alias "b", 0 0, v0x998c10_0;
v0x996710_0 .alias "y", 0 0, v0x9986c0_0;
S_0x996200 .scope module, "Bot1" "and2" 3 72, 3 16, S_0x994a10;
 .timescale 0 0;
L_0x99cbe0 .functor AND 1, L_0x9adde0, L_0x9adc20, C4<1>, C4<1>;
v0x9962f0_0 .alias "a", 0 0, v0x998180_0;
v0x9963c0_0 .alias "b", 0 0, v0x998a60_0;
v0x996460_0 .alias "y", 0 0, v0x9984a0_0;
S_0x995f20 .scope module, "Bot2" "and2" 3 73, 3 16, S_0x994a10;
 .timescale 0 0;
L_0x997b40 .functor AND 1, L_0x99cbe0, L_0x9adcc0, C4<1>, C4<1>;
v0x996010_0 .alias "a", 0 0, v0x9984a0_0;
v0x9960b0_0 .alias "b", 0 0, v0x9989c0_0;
v0x996180_0 .alias "y", 0 0, v0x998250_0;
S_0x995c70 .scope module, "top2Results" "or2" 3 75, 3 23, S_0x994a10;
 .timescale 0 0;
L_0x9975d0 .functor OR 1, L_0x9acb80, L_0x9acd50, C4<0>, C4<0>;
v0x995d60_0 .alias "a", 0 0, v0x998940_0;
v0x995e00_0 .alias "b", 0 0, v0x998570_0;
v0x995ea0_0 .alias "y", 0 0, v0x9985f0_0;
S_0x9959a0 .scope module, "bot2Results" "or2" 3 76, 3 23, S_0x994a10;
 .timescale 0 0;
L_0x9ad2c0 .functor OR 1, L_0x98fdb0, L_0x997b40, C4<0>, C4<0>;
v0x995a90_0 .alias "a", 0 0, v0x9986c0_0;
v0x995b50_0 .alias "b", 0 0, v0x998250_0;
v0x995bf0_0 .alias "y", 0 0, v0x998790_0;
S_0x995730 .scope module, "finResult" "or2" 3 78, 3 23, S_0x994a10;
 .timescale 0 0;
L_0x9ad440 .functor OR 1, L_0x9975d0, L_0x9ad2c0, C4<0>, C4<0>;
v0x995820_0 .alias "a", 0 0, v0x9985f0_0;
v0x9958a0_0 .alias "b", 0 0, v0x998790_0;
v0x995920_0 .alias "y", 0 0, v0x998420_0;
S_0x9954c0 .scope module, "bTop1" "and2" 3 81, 3 16, S_0x994a10;
 .timescale 0 0;
L_0x9ad5c0 .functor AND 1, L_0x9ac880, L_0x9adde0, C4<1>, C4<1>;
v0x9955b0_0 .alias "a", 0 0, v0x998ae0_0;
v0x995630_0 .alias "b", 0 0, v0x998180_0;
v0x9956b0_0 .alias "y", 0 0, v0x9980b0_0;
S_0x995230 .scope module, "bMid1" "and2" 3 82, 3 16, S_0x994a10;
 .timescale 0 0;
L_0x9ad620 .functor AND 1, L_0x9adde0, L_0x9adcc0, C4<1>, C4<1>;
v0x995320_0 .alias "a", 0 0, v0x998180_0;
v0x9953c0_0 .alias "b", 0 0, v0x9989c0_0;
v0x995440_0 .alias "y", 0 0, v0x997f10_0;
S_0x994f80 .scope module, "bBot1" "and2" 3 83, 3 16, S_0x994a10;
 .timescale 0 0;
L_0x9ad680 .functor AND 1, L_0x9ac880, L_0x9adcc0, C4<1>, C4<1>;
v0x995070_0 .alias "a", 0 0, v0x998ae0_0;
v0x995110_0 .alias "b", 0 0, v0x9989c0_0;
v0x9951b0_0 .alias "y", 0 0, v0x997dc0_0;
S_0x994cf0 .scope module, "semiTop1" "or2" 3 85, 3 23, S_0x994a10;
 .timescale 0 0;
L_0x9ad6e0 .functor OR 1, L_0x9ad5c0, L_0x9ad620, C4<0>, C4<0>;
v0x994de0_0 .alias "a", 0 0, v0x9980b0_0;
v0x994e60_0 .alias "b", 0 0, v0x997f10_0;
v0x994f00_0 .alias "y", 0 0, v0x997fe0_0;
S_0x994b00 .scope module, "finBResult" "or2" 3 86, 3 23, S_0x994a10;
 .timescale 0 0;
L_0x9ad860 .functor OR 1, L_0x9ad6e0, L_0x9ad680, C4<0>, C4<0>;
v0x994820_0 .alias "a", 0 0, v0x997fe0_0;
v0x994bf0_0 .alias "b", 0 0, v0x997dc0_0;
v0x994c70_0 .alias "y", 0 0, v0x998320_0;
S_0x9906d0 .scope module, "block4" "sbs" 3 107, 3 48, S_0x97f380;
 .timescale 0 0;
v0x993910_0 .net "a", 0 0, L_0x9ae0f0; 1 drivers
v0x9939b0_0 .net "b", 0 0, L_0x9ae240; 1 drivers
v0x993a80_0 .net "bBot", 0 0, L_0x9aed80; 1 drivers
v0x993b50_0 .net "bInv", 0 0, L_0x9ac6f0; 1 drivers
v0x993bd0_0 .net "bMid", 0 0, L_0x9aed20; 1 drivers
v0x993ca0_0 .net "bSemi", 0 0, L_0x9aede0; 1 drivers
v0x993d70_0 .net "bTop", 0 0, L_0x9aecc0; 1 drivers
v0x993e40_0 .net "bin", 0 0, L_0x9af490; 1 drivers
v0x993f10_0 .net "botRes", 0 0, L_0x993800; 1 drivers
v0x993fe0_0 .net "bout", 0 0, L_0x9aef60; 1 drivers
v0x994060_0 .net "c", 0 0, L_0x9ae390; 1 drivers
v0x9940e0_0 .net "d", 0 0, L_0x9aeb40; 1 drivers
v0x994160_0 .net "e", 0 0, L_0x9ae590; 1 drivers
v0x994230_0 .net "mid1Res", 0 0, L_0x9ae2a0; 1 drivers
v0x994380_0 .net "mid2Res", 0 0, L_0x9935e0; 1 drivers
v0x994450_0 .net "semiBot", 0 0, L_0x9ae9c0; 1 drivers
v0x9942b0_0 .net "semiTop", 0 0, L_0x993290; 1 drivers
v0x994600_0 .net "topRes", 0 0, L_0x9ae150; 1 drivers
v0x994720_0 .net "x", 0 0, L_0x9af2b0; 1 drivers
v0x9947a0_0 .net "xInv", 0 0, L_0x9adf10; 1 drivers
v0x994680_0 .net "y", 0 0, L_0x9af3f0; 1 drivers
v0x9948d0_0 .net "yInv", 0 0, L_0x9ae000; 1 drivers
S_0x993670 .scope module, "bNot" "inv" 3 59, 3 9, S_0x9906d0;
 .timescale 0 0;
L_0x9ac6f0 .functor NOT 1, L_0x9af490, C4<0>, C4<0>, C4<0>;
v0x993760_0 .alias "a", 0 0, v0x993e40_0;
v0x993890_0 .alias "y", 0 0, v0x993b50_0;
S_0x9933a0 .scope module, "xNot" "inv" 3 60, 3 9, S_0x9906d0;
 .timescale 0 0;
L_0x9adf10 .functor NOT 1, L_0x9af2b0, C4<0>, C4<0>, C4<0>;
v0x993490_0 .alias "a", 0 0, v0x994720_0;
v0x993560_0 .alias "y", 0 0, v0x9947a0_0;
S_0x993120 .scope module, "yNot" "inv" 3 61, 3 9, S_0x9906d0;
 .timescale 0 0;
L_0x9ae000 .functor NOT 1, L_0x9af3f0, C4<0>, C4<0>, C4<0>;
v0x993210_0 .alias "a", 0 0, v0x994680_0;
v0x993320_0 .alias "y", 0 0, v0x9948d0_0;
S_0x992e80 .scope module, "top1" "and2" 3 63, 3 16, S_0x9906d0;
 .timescale 0 0;
L_0x9ae0f0 .functor AND 1, L_0x9ac6f0, L_0x9adf10, C4<1>, C4<1>;
v0x992f70_0 .alias "a", 0 0, v0x993b50_0;
v0x992ff0_0 .alias "b", 0 0, v0x9947a0_0;
v0x993070_0 .alias "y", 0 0, v0x993910_0;
S_0x992c10 .scope module, "top2" "and2" 3 64, 3 16, S_0x9906d0;
 .timescale 0 0;
L_0x9ae150 .functor AND 1, L_0x9af3f0, L_0x9ae0f0, C4<1>, C4<1>;
v0x992d00_0 .alias "a", 0 0, v0x994680_0;
v0x992d80_0 .alias "b", 0 0, v0x993910_0;
v0x992e00_0 .alias "y", 0 0, v0x994600_0;
S_0x992980 .scope module, "midTop1" "and2" 3 66, 3 16, S_0x9906d0;
 .timescale 0 0;
L_0x9ae240 .functor AND 1, L_0x9ac6f0, L_0x9af2b0, C4<1>, C4<1>;
v0x992a70_0 .alias "a", 0 0, v0x993b50_0;
v0x992b10_0 .alias "b", 0 0, v0x994720_0;
v0x992b90_0 .alias "y", 0 0, v0x9939b0_0;
S_0x992710 .scope module, "midTop2" "and2" 3 67, 3 16, S_0x9906d0;
 .timescale 0 0;
L_0x9ae2a0 .functor AND 1, L_0x9ae000, L_0x9ae240, C4<1>, C4<1>;
v0x992800_0 .alias "a", 0 0, v0x9948d0_0;
v0x992880_0 .alias "b", 0 0, v0x9939b0_0;
v0x992900_0 .alias "y", 0 0, v0x994230_0;
S_0x992450 .scope module, "midBot1" "and2" 3 69, 3 16, S_0x9906d0;
 .timescale 0 0;
L_0x9ae390 .functor AND 1, L_0x9af490, L_0x9adf10, C4<1>, C4<1>;
v0x992540_0 .alias "a", 0 0, v0x993e40_0;
v0x9925c0_0 .alias "b", 0 0, v0x9947a0_0;
v0x992690_0 .alias "y", 0 0, v0x994060_0;
S_0x9921a0 .scope module, "midBot2" "and2" 3 70, 3 16, S_0x9906d0;
 .timescale 0 0;
L_0x9935e0 .functor AND 1, L_0x9ae390, L_0x9ae000, C4<1>, C4<1>;
v0x992290_0 .alias "a", 0 0, v0x994060_0;
v0x992330_0 .alias "b", 0 0, v0x9948d0_0;
v0x9923d0_0 .alias "y", 0 0, v0x994380_0;
S_0x991ec0 .scope module, "Bot1" "and2" 3 72, 3 16, S_0x9906d0;
 .timescale 0 0;
L_0x9ae590 .functor AND 1, L_0x9af490, L_0x9af2b0, C4<1>, C4<1>;
v0x991fb0_0 .alias "a", 0 0, v0x993e40_0;
v0x992080_0 .alias "b", 0 0, v0x994720_0;
v0x992120_0 .alias "y", 0 0, v0x994160_0;
S_0x991be0 .scope module, "Bot2" "and2" 3 73, 3 16, S_0x9906d0;
 .timescale 0 0;
L_0x993800 .functor AND 1, L_0x9ae590, L_0x9af3f0, C4<1>, C4<1>;
v0x991cd0_0 .alias "a", 0 0, v0x994160_0;
v0x991d70_0 .alias "b", 0 0, v0x994680_0;
v0x991e40_0 .alias "y", 0 0, v0x993f10_0;
S_0x991930 .scope module, "top2Results" "or2" 3 75, 3 23, S_0x9906d0;
 .timescale 0 0;
L_0x993290 .functor OR 1, L_0x9ae150, L_0x9ae2a0, C4<0>, C4<0>;
v0x991a20_0 .alias "a", 0 0, v0x994600_0;
v0x991ac0_0 .alias "b", 0 0, v0x994230_0;
v0x991b60_0 .alias "y", 0 0, v0x9942b0_0;
S_0x991660 .scope module, "bot2Results" "or2" 3 76, 3 23, S_0x9906d0;
 .timescale 0 0;
L_0x9ae9c0 .functor OR 1, L_0x9935e0, L_0x993800, C4<0>, C4<0>;
v0x991750_0 .alias "a", 0 0, v0x994380_0;
v0x991810_0 .alias "b", 0 0, v0x993f10_0;
v0x9918b0_0 .alias "y", 0 0, v0x994450_0;
S_0x9913f0 .scope module, "finResult" "or2" 3 78, 3 23, S_0x9906d0;
 .timescale 0 0;
L_0x9aeb40 .functor OR 1, L_0x993290, L_0x9ae9c0, C4<0>, C4<0>;
v0x9914e0_0 .alias "a", 0 0, v0x9942b0_0;
v0x991560_0 .alias "b", 0 0, v0x994450_0;
v0x9915e0_0 .alias "y", 0 0, v0x9940e0_0;
S_0x991180 .scope module, "bTop1" "and2" 3 81, 3 16, S_0x9906d0;
 .timescale 0 0;
L_0x9aecc0 .functor AND 1, L_0x9adf10, L_0x9af490, C4<1>, C4<1>;
v0x991270_0 .alias "a", 0 0, v0x9947a0_0;
v0x9912f0_0 .alias "b", 0 0, v0x993e40_0;
v0x991370_0 .alias "y", 0 0, v0x993d70_0;
S_0x990ef0 .scope module, "bMid1" "and2" 3 82, 3 16, S_0x9906d0;
 .timescale 0 0;
L_0x9aed20 .functor AND 1, L_0x9af490, L_0x9af3f0, C4<1>, C4<1>;
v0x990fe0_0 .alias "a", 0 0, v0x993e40_0;
v0x991080_0 .alias "b", 0 0, v0x994680_0;
v0x991100_0 .alias "y", 0 0, v0x993bd0_0;
S_0x990c40 .scope module, "bBot1" "and2" 3 83, 3 16, S_0x9906d0;
 .timescale 0 0;
L_0x9aed80 .functor AND 1, L_0x9adf10, L_0x9af3f0, C4<1>, C4<1>;
v0x990d30_0 .alias "a", 0 0, v0x9947a0_0;
v0x990dd0_0 .alias "b", 0 0, v0x994680_0;
v0x990e70_0 .alias "y", 0 0, v0x993a80_0;
S_0x9909b0 .scope module, "semiTop1" "or2" 3 85, 3 23, S_0x9906d0;
 .timescale 0 0;
L_0x9aede0 .functor OR 1, L_0x9aecc0, L_0x9aed20, C4<0>, C4<0>;
v0x990aa0_0 .alias "a", 0 0, v0x993d70_0;
v0x990b20_0 .alias "b", 0 0, v0x993bd0_0;
v0x990bc0_0 .alias "y", 0 0, v0x993ca0_0;
S_0x9907c0 .scope module, "finBResult" "or2" 3 86, 3 23, S_0x9906d0;
 .timescale 0 0;
L_0x9aef60 .functor OR 1, L_0x9aede0, L_0x9aed80, C4<0>, C4<0>;
v0x9904e0_0 .alias "a", 0 0, v0x993ca0_0;
v0x9908b0_0 .alias "b", 0 0, v0x993a80_0;
v0x990930_0 .alias "y", 0 0, v0x993fe0_0;
S_0x98c290 .scope module, "block5" "sbs" 3 108, 3 48, S_0x97f380;
 .timescale 0 0;
v0x98f4c0_0 .net "a", 0 0, L_0x9af870; 1 drivers
v0x98f560_0 .net "b", 0 0, L_0x9af9c0; 1 drivers
v0x98f630_0 .net "bBot", 0 0, L_0x9b0500; 1 drivers
v0x98f700_0 .net "bInv", 0 0, L_0x9af180; 1 drivers
v0x98f780_0 .net "bMid", 0 0, L_0x9b04a0; 1 drivers
v0x98f850_0 .net "bSemi", 0 0, L_0x9b0560; 1 drivers
v0x98f960_0 .net "bTop", 0 0, L_0x9b0440; 1 drivers
v0x98fa30_0 .net "bin", 0 0, L_0x9b09a0; 1 drivers
v0x98fb00_0 .net "botRes", 0 0, L_0x98f3b0; 1 drivers
v0x98fbd0_0 .net "bout", 0 0, L_0x9b06e0; 1 drivers
v0x98fcb0_0 .net "c", 0 0, L_0x9afb10; 1 drivers
v0x98fd30_0 .net "d", 0 0, L_0x9b02c0; 1 drivers
v0x98fe20_0 .net "e", 0 0, L_0x9afd10; 1 drivers
v0x98fef0_0 .net "mid1Res", 0 0, L_0x9afa20; 1 drivers
v0x990040_0 .net "mid2Res", 0 0, L_0x98f190; 1 drivers
v0x990110_0 .net "semiBot", 0 0, L_0x9b0140; 1 drivers
v0x98ff70_0 .net "semiTop", 0 0, L_0x98ee40; 1 drivers
v0x9902c0_0 .net "topRes", 0 0, L_0x9af8d0; 1 drivers
v0x9903e0_0 .net "x", 0 0, L_0x9af640; 1 drivers
v0x990460_0 .net "xInv", 0 0, L_0x9af350; 1 drivers
v0x990340_0 .net "y", 0 0, L_0x9b0a60; 1 drivers
v0x990590_0 .net "yInv", 0 0, L_0x9af780; 1 drivers
S_0x98f220 .scope module, "bNot" "inv" 3 59, 3 9, S_0x98c290;
 .timescale 0 0;
L_0x9af180 .functor NOT 1, L_0x9b09a0, C4<0>, C4<0>, C4<0>;
v0x98f310_0 .alias "a", 0 0, v0x98fa30_0;
v0x98f440_0 .alias "y", 0 0, v0x98f700_0;
S_0x98ef50 .scope module, "xNot" "inv" 3 60, 3 9, S_0x98c290;
 .timescale 0 0;
L_0x9af350 .functor NOT 1, L_0x9af640, C4<0>, C4<0>, C4<0>;
v0x98f040_0 .alias "a", 0 0, v0x9903e0_0;
v0x98f110_0 .alias "y", 0 0, v0x990460_0;
S_0x98ecd0 .scope module, "yNot" "inv" 3 61, 3 9, S_0x98c290;
 .timescale 0 0;
L_0x9af780 .functor NOT 1, L_0x9b0a60, C4<0>, C4<0>, C4<0>;
v0x98edc0_0 .alias "a", 0 0, v0x990340_0;
v0x98eed0_0 .alias "y", 0 0, v0x990590_0;
S_0x98ea00 .scope module, "top1" "and2" 3 63, 3 16, S_0x98c290;
 .timescale 0 0;
L_0x9af870 .functor AND 1, L_0x9af180, L_0x9af350, C4<1>, C4<1>;
v0x98eaf0_0 .alias "a", 0 0, v0x98f700_0;
v0x98eba0_0 .alias "b", 0 0, v0x990460_0;
v0x98ec20_0 .alias "y", 0 0, v0x98f4c0_0;
S_0x98e760 .scope module, "top2" "and2" 3 64, 3 16, S_0x98c290;
 .timescale 0 0;
L_0x9af8d0 .functor AND 1, L_0x9b0a60, L_0x9af870, C4<1>, C4<1>;
v0x98e850_0 .alias "a", 0 0, v0x990340_0;
v0x98e8d0_0 .alias "b", 0 0, v0x98f4c0_0;
v0x98e950_0 .alias "y", 0 0, v0x9902c0_0;
S_0x98e470 .scope module, "midTop1" "and2" 3 66, 3 16, S_0x98c290;
 .timescale 0 0;
L_0x9af9c0 .functor AND 1, L_0x9af180, L_0x9af640, C4<1>, C4<1>;
v0x98e560_0 .alias "a", 0 0, v0x98f700_0;
v0x98e600_0 .alias "b", 0 0, v0x9903e0_0;
v0x98e6b0_0 .alias "y", 0 0, v0x98f560_0;
S_0x98e1d0 .scope module, "midTop2" "and2" 3 67, 3 16, S_0x98c290;
 .timescale 0 0;
L_0x9afa20 .functor AND 1, L_0x9af780, L_0x9af9c0, C4<1>, C4<1>;
v0x98e2c0_0 .alias "a", 0 0, v0x990590_0;
v0x98e340_0 .alias "b", 0 0, v0x98f560_0;
v0x98e3c0_0 .alias "y", 0 0, v0x98fef0_0;
S_0x98def0 .scope module, "midBot1" "and2" 3 69, 3 16, S_0x98c290;
 .timescale 0 0;
L_0x9afb10 .functor AND 1, L_0x9b09a0, L_0x9af350, C4<1>, C4<1>;
v0x98dfe0_0 .alias "a", 0 0, v0x98fa30_0;
v0x98e080_0 .alias "b", 0 0, v0x990460_0;
v0x98e150_0 .alias "y", 0 0, v0x98fcb0_0;
S_0x98dc40 .scope module, "midBot2" "and2" 3 70, 3 16, S_0x98c290;
 .timescale 0 0;
L_0x98f190 .functor AND 1, L_0x9afb10, L_0x9af780, C4<1>, C4<1>;
v0x98dd30_0 .alias "a", 0 0, v0x98fcb0_0;
v0x98ddd0_0 .alias "b", 0 0, v0x990590_0;
v0x98de70_0 .alias "y", 0 0, v0x990040_0;
S_0x98d960 .scope module, "Bot1" "and2" 3 72, 3 16, S_0x98c290;
 .timescale 0 0;
L_0x9afd10 .functor AND 1, L_0x9b09a0, L_0x9af640, C4<1>, C4<1>;
v0x98da50_0 .alias "a", 0 0, v0x98fa30_0;
v0x98db20_0 .alias "b", 0 0, v0x9903e0_0;
v0x98dbc0_0 .alias "y", 0 0, v0x98fe20_0;
S_0x98d680 .scope module, "Bot2" "and2" 3 73, 3 16, S_0x98c290;
 .timescale 0 0;
L_0x98f3b0 .functor AND 1, L_0x9afd10, L_0x9b0a60, C4<1>, C4<1>;
v0x98d770_0 .alias "a", 0 0, v0x98fe20_0;
v0x98d810_0 .alias "b", 0 0, v0x990340_0;
v0x98d8e0_0 .alias "y", 0 0, v0x98fb00_0;
S_0x98d410 .scope module, "top2Results" "or2" 3 75, 3 23, S_0x98c290;
 .timescale 0 0;
L_0x98ee40 .functor OR 1, L_0x9af8d0, L_0x9afa20, C4<0>, C4<0>;
v0x98d500_0 .alias "a", 0 0, v0x9902c0_0;
v0x98d580_0 .alias "b", 0 0, v0x98fef0_0;
v0x98d600_0 .alias "y", 0 0, v0x98ff70_0;
S_0x98d1a0 .scope module, "bot2Results" "or2" 3 76, 3 23, S_0x98c290;
 .timescale 0 0;
L_0x9b0140 .functor OR 1, L_0x98f190, L_0x98f3b0, C4<0>, C4<0>;
v0x98d290_0 .alias "a", 0 0, v0x990040_0;
v0x98d310_0 .alias "b", 0 0, v0x98fb00_0;
v0x98d390_0 .alias "y", 0 0, v0x990110_0;
S_0x98cf30 .scope module, "finResult" "or2" 3 78, 3 23, S_0x98c290;
 .timescale 0 0;
L_0x9b02c0 .functor OR 1, L_0x98ee40, L_0x9b0140, C4<0>, C4<0>;
v0x98d020_0 .alias "a", 0 0, v0x98ff70_0;
v0x98d0a0_0 .alias "b", 0 0, v0x990110_0;
v0x98d120_0 .alias "y", 0 0, v0x98fd30_0;
S_0x98ccc0 .scope module, "bTop1" "and2" 3 81, 3 16, S_0x98c290;
 .timescale 0 0;
L_0x9b0440 .functor AND 1, L_0x9af350, L_0x9b09a0, C4<1>, C4<1>;
v0x98cdb0_0 .alias "a", 0 0, v0x990460_0;
v0x98ce30_0 .alias "b", 0 0, v0x98fa30_0;
v0x98ceb0_0 .alias "y", 0 0, v0x98f960_0;
S_0x98ca50 .scope module, "bMid1" "and2" 3 82, 3 16, S_0x98c290;
 .timescale 0 0;
L_0x9b04a0 .functor AND 1, L_0x9b09a0, L_0x9b0a60, C4<1>, C4<1>;
v0x98cb40_0 .alias "a", 0 0, v0x98fa30_0;
v0x98cbc0_0 .alias "b", 0 0, v0x990340_0;
v0x98cc40_0 .alias "y", 0 0, v0x98f780_0;
S_0x98c7e0 .scope module, "bBot1" "and2" 3 83, 3 16, S_0x98c290;
 .timescale 0 0;
L_0x9b0500 .functor AND 1, L_0x9af350, L_0x9b0a60, C4<1>, C4<1>;
v0x98c8d0_0 .alias "a", 0 0, v0x990460_0;
v0x98c950_0 .alias "b", 0 0, v0x990340_0;
v0x98c9d0_0 .alias "y", 0 0, v0x98f630_0;
S_0x98c570 .scope module, "semiTop1" "or2" 3 85, 3 23, S_0x98c290;
 .timescale 0 0;
L_0x9b0560 .functor OR 1, L_0x9b0440, L_0x9b04a0, C4<0>, C4<0>;
v0x98c660_0 .alias "a", 0 0, v0x98f960_0;
v0x98c6e0_0 .alias "b", 0 0, v0x98f780_0;
v0x98c760_0 .alias "y", 0 0, v0x98f850_0;
S_0x98c380 .scope module, "finBResult" "or2" 3 86, 3 23, S_0x98c290;
 .timescale 0 0;
L_0x9b06e0 .functor OR 1, L_0x9b0560, L_0x9b0500, C4<0>, C4<0>;
v0x98c0a0_0 .alias "a", 0 0, v0x98f850_0;
v0x98c470_0 .alias "b", 0 0, v0x98f630_0;
v0x98c4f0_0 .alias "y", 0 0, v0x98fbd0_0;
S_0x987fc0 .scope module, "block6" "sbs" 3 109, 3 48, S_0x97f380;
 .timescale 0 0;
v0x98b210_0 .net "a", 0 0, L_0x9b0ea0; 1 drivers
v0x98b2b0_0 .net "b", 0 0, L_0x9b0ff0; 1 drivers
v0x98b380_0 .net "bBot", 0 0, L_0x9b1b30; 1 drivers
v0x98b450_0 .net "bInv", 0 0, L_0x9b0bd0; 1 drivers
v0x98b4d0_0 .net "bMid", 0 0, L_0x9b1a90; 1 drivers
v0x98b5a0_0 .net "bSemi", 0 0, L_0x9b1bd0; 1 drivers
v0x98b670_0 .net "bTop", 0 0, L_0x9b1a10; 1 drivers
v0x98b740_0 .net "bin", 0 0, L_0x9b2480; 1 drivers
v0x98b810_0 .net "botRes", 0 0, L_0x98b100; 1 drivers
v0x98b8e0_0 .net "bout", 0 0, L_0x9b1d90; 1 drivers
v0x98b960_0 .net "c", 0 0, L_0x9b1140; 1 drivers
v0x98b9e0_0 .net "d", 0 0, L_0x9b1890; 1 drivers
v0x98ba60_0 .net "e", 0 0, L_0x9b1340; 1 drivers
v0x98bb30_0 .net "mid1Res", 0 0, L_0x9b1050; 1 drivers
v0x98bc80_0 .net "mid2Res", 0 0, L_0x98aee0; 1 drivers
v0x98bd50_0 .net "semiBot", 0 0, L_0x9831f0; 1 drivers
v0x98bbb0_0 .net "semiTop", 0 0, L_0x98ab90; 1 drivers
v0x98bf00_0 .net "topRes", 0 0, L_0x9b0f00; 1 drivers
v0x98bdd0_0 .net "x", 0 0, L_0x9b20d0; 1 drivers
v0x98c020_0 .net "xInv", 0 0, L_0x9b0cc0; 1 drivers
v0x98bf80_0 .net "y", 0 0, L_0x9b1ff0; 1 drivers
v0x98c150_0 .net "yInv", 0 0, L_0x9b0db0; 1 drivers
S_0x98af70 .scope module, "bNot" "inv" 3 59, 3 9, S_0x987fc0;
 .timescale 0 0;
L_0x9b0bd0 .functor NOT 1, L_0x9b2480, C4<0>, C4<0>, C4<0>;
v0x98b060_0 .alias "a", 0 0, v0x98b740_0;
v0x98b190_0 .alias "y", 0 0, v0x98b450_0;
S_0x98aca0 .scope module, "xNot" "inv" 3 60, 3 9, S_0x987fc0;
 .timescale 0 0;
L_0x9b0cc0 .functor NOT 1, L_0x9b20d0, C4<0>, C4<0>, C4<0>;
v0x98ad90_0 .alias "a", 0 0, v0x98bdd0_0;
v0x98ae60_0 .alias "y", 0 0, v0x98c020_0;
S_0x98aa20 .scope module, "yNot" "inv" 3 61, 3 9, S_0x987fc0;
 .timescale 0 0;
L_0x9b0db0 .functor NOT 1, L_0x9b1ff0, C4<0>, C4<0>, C4<0>;
v0x98ab10_0 .alias "a", 0 0, v0x98bf80_0;
v0x98ac20_0 .alias "y", 0 0, v0x98c150_0;
S_0x98a750 .scope module, "top1" "and2" 3 63, 3 16, S_0x987fc0;
 .timescale 0 0;
L_0x9b0ea0 .functor AND 1, L_0x9b0bd0, L_0x9b0cc0, C4<1>, C4<1>;
v0x98a840_0 .alias "a", 0 0, v0x98b450_0;
v0x98a8f0_0 .alias "b", 0 0, v0x98c020_0;
v0x98a970_0 .alias "y", 0 0, v0x98b210_0;
S_0x98a4e0 .scope module, "top2" "and2" 3 64, 3 16, S_0x987fc0;
 .timescale 0 0;
L_0x9b0f00 .functor AND 1, L_0x9b1ff0, L_0x9b0ea0, C4<1>, C4<1>;
v0x98a5d0_0 .alias "a", 0 0, v0x98bf80_0;
v0x98a650_0 .alias "b", 0 0, v0x98b210_0;
v0x98a6d0_0 .alias "y", 0 0, v0x98bf00_0;
S_0x98a250 .scope module, "midTop1" "and2" 3 66, 3 16, S_0x987fc0;
 .timescale 0 0;
L_0x9b0ff0 .functor AND 1, L_0x9b0bd0, L_0x9b20d0, C4<1>, C4<1>;
v0x98a340_0 .alias "a", 0 0, v0x98b450_0;
v0x98a3e0_0 .alias "b", 0 0, v0x98bdd0_0;
v0x98a460_0 .alias "y", 0 0, v0x98b2b0_0;
S_0x989fe0 .scope module, "midTop2" "and2" 3 67, 3 16, S_0x987fc0;
 .timescale 0 0;
L_0x9b1050 .functor AND 1, L_0x9b0db0, L_0x9b0ff0, C4<1>, C4<1>;
v0x98a0d0_0 .alias "a", 0 0, v0x98c150_0;
v0x98a150_0 .alias "b", 0 0, v0x98b2b0_0;
v0x98a1d0_0 .alias "y", 0 0, v0x98bb30_0;
S_0x989d20 .scope module, "midBot1" "and2" 3 69, 3 16, S_0x987fc0;
 .timescale 0 0;
L_0x9b1140 .functor AND 1, L_0x9b2480, L_0x9b0cc0, C4<1>, C4<1>;
v0x989e10_0 .alias "a", 0 0, v0x98b740_0;
v0x989e90_0 .alias "b", 0 0, v0x98c020_0;
v0x989f60_0 .alias "y", 0 0, v0x98b960_0;
S_0x989a70 .scope module, "midBot2" "and2" 3 70, 3 16, S_0x987fc0;
 .timescale 0 0;
L_0x98aee0 .functor AND 1, L_0x9b1140, L_0x9b0db0, C4<1>, C4<1>;
v0x989b60_0 .alias "a", 0 0, v0x98b960_0;
v0x989c00_0 .alias "b", 0 0, v0x98c150_0;
v0x989ca0_0 .alias "y", 0 0, v0x98bc80_0;
S_0x989790 .scope module, "Bot1" "and2" 3 72, 3 16, S_0x987fc0;
 .timescale 0 0;
L_0x9b1340 .functor AND 1, L_0x9b2480, L_0x9b20d0, C4<1>, C4<1>;
v0x989880_0 .alias "a", 0 0, v0x98b740_0;
v0x989950_0 .alias "b", 0 0, v0x98bdd0_0;
v0x9899f0_0 .alias "y", 0 0, v0x98ba60_0;
S_0x9894b0 .scope module, "Bot2" "and2" 3 73, 3 16, S_0x987fc0;
 .timescale 0 0;
L_0x98b100 .functor AND 1, L_0x9b1340, L_0x9b1ff0, C4<1>, C4<1>;
v0x9895a0_0 .alias "a", 0 0, v0x98ba60_0;
v0x989640_0 .alias "b", 0 0, v0x98bf80_0;
v0x989710_0 .alias "y", 0 0, v0x98b810_0;
S_0x989200 .scope module, "top2Results" "or2" 3 75, 3 23, S_0x987fc0;
 .timescale 0 0;
L_0x98ab90 .functor OR 1, L_0x9b0f00, L_0x9b1050, C4<0>, C4<0>;
v0x9892f0_0 .alias "a", 0 0, v0x98bf00_0;
v0x989390_0 .alias "b", 0 0, v0x98bb30_0;
v0x989430_0 .alias "y", 0 0, v0x98bbb0_0;
S_0x988f30 .scope module, "bot2Results" "or2" 3 76, 3 23, S_0x987fc0;
 .timescale 0 0;
L_0x9831f0 .functor OR 1, L_0x98aee0, L_0x98b100, C4<0>, C4<0>;
v0x989020_0 .alias "a", 0 0, v0x98bc80_0;
v0x9890e0_0 .alias "b", 0 0, v0x98b810_0;
v0x989180_0 .alias "y", 0 0, v0x98bd50_0;
S_0x988cc0 .scope module, "finResult" "or2" 3 78, 3 23, S_0x987fc0;
 .timescale 0 0;
L_0x9b1890 .functor OR 1, L_0x98ab90, L_0x9831f0, C4<0>, C4<0>;
v0x988db0_0 .alias "a", 0 0, v0x98bbb0_0;
v0x988e30_0 .alias "b", 0 0, v0x98bd50_0;
v0x988eb0_0 .alias "y", 0 0, v0x98b9e0_0;
S_0x988a50 .scope module, "bTop1" "and2" 3 81, 3 16, S_0x987fc0;
 .timescale 0 0;
L_0x9b1a10 .functor AND 1, L_0x9b0cc0, L_0x9b2480, C4<1>, C4<1>;
v0x988b40_0 .alias "a", 0 0, v0x98c020_0;
v0x988bc0_0 .alias "b", 0 0, v0x98b740_0;
v0x988c40_0 .alias "y", 0 0, v0x98b670_0;
S_0x9887c0 .scope module, "bMid1" "and2" 3 82, 3 16, S_0x987fc0;
 .timescale 0 0;
L_0x9b1a90 .functor AND 1, L_0x9b2480, L_0x9b1ff0, C4<1>, C4<1>;
v0x9888b0_0 .alias "a", 0 0, v0x98b740_0;
v0x988950_0 .alias "b", 0 0, v0x98bf80_0;
v0x9889d0_0 .alias "y", 0 0, v0x98b4d0_0;
S_0x988510 .scope module, "bBot1" "and2" 3 83, 3 16, S_0x987fc0;
 .timescale 0 0;
L_0x9b1b30 .functor AND 1, L_0x9b0cc0, L_0x9b1ff0, C4<1>, C4<1>;
v0x988600_0 .alias "a", 0 0, v0x98c020_0;
v0x9886a0_0 .alias "b", 0 0, v0x98bf80_0;
v0x988740_0 .alias "y", 0 0, v0x98b380_0;
S_0x9882a0 .scope module, "semiTop1" "or2" 3 85, 3 23, S_0x987fc0;
 .timescale 0 0;
L_0x9b1bd0 .functor OR 1, L_0x9b1a10, L_0x9b1a90, C4<0>, C4<0>;
v0x988390_0 .alias "a", 0 0, v0x98b670_0;
v0x988410_0 .alias "b", 0 0, v0x98b4d0_0;
v0x988490_0 .alias "y", 0 0, v0x98b5a0_0;
S_0x9880b0 .scope module, "finBResult" "or2" 3 86, 3 23, S_0x987fc0;
 .timescale 0 0;
L_0x9b1d90 .functor OR 1, L_0x9b1bd0, L_0x9b1b30, C4<0>, C4<0>;
v0x987dd0_0 .alias "a", 0 0, v0x98b5a0_0;
v0x9881a0_0 .alias "b", 0 0, v0x98b380_0;
v0x988220_0 .alias "y", 0 0, v0x98b8e0_0;
S_0x983c70 .scope module, "block7" "sbs" 3 110, 3 48, S_0x97f380;
 .timescale 0 0;
v0x986ec0_0 .net "a", 0 0, L_0x9b2760; 1 drivers
v0x986f60_0 .net "b", 0 0, L_0x9b2930; 1 drivers
v0x987030_0 .net "bBot", 0 0, L_0x9b36d0; 1 drivers
v0x987100_0 .net "bInv", 0 0, L_0x9ac400; 1 drivers
v0x987180_0 .net "bMid", 0 0, L_0x9b3630; 1 drivers
v0x987250_0 .net "bSemi", 0 0, L_0x9b3770; 1 drivers
v0x987320_0 .net "bTop", 0 0, L_0x9b3590; 1 drivers
v0x9873f0_0 .net "bin", 0 0, L_0x9b3d40; 1 drivers
v0x9874c0_0 .net "botRes", 0 0, L_0x986dd0; 1 drivers
v0x987590_0 .net "bout", 0 0, L_0x9b3930; 1 drivers
v0x987610_0 .net "c", 0 0, L_0x9b2b00; 1 drivers
v0x987690_0 .net "d", 0 0, L_0x9b33d0; 1 drivers
v0x987710_0 .net "e", 0 0, L_0x9b2d60; 1 drivers
v0x9877e0_0 .net "mid1Res", 0 0, L_0x9b29d0; 1 drivers
v0x987930_0 .net "mid2Res", 0 0, L_0x986bb0; 1 drivers
v0x987a00_0 .net "semiBot", 0 0, L_0x9b3210; 1 drivers
v0x987860_0 .net "semiTop", 0 0, L_0x986860; 1 drivers
v0x987bb0_0 .net "topRes", 0 0, L_0x9b2800; 1 drivers
v0x987cd0_0 .net "x", 0 0, L_0x9b2520; 1 drivers
v0x987d50_0 .net "xInv", 0 0, L_0x9b2280; 1 drivers
v0x987c30_0 .net "y", 0 0, L_0x9b3e50; 1 drivers
v0x987e80_0 .net "yInv", 0 0, L_0x9b2300; 1 drivers
S_0x986c20 .scope module, "bNot" "inv" 3 59, 3 9, S_0x983c70;
 .timescale 0 0;
L_0x9ac400 .functor NOT 1, L_0x9b3d40, C4<0>, C4<0>, C4<0>;
v0x986d10_0 .alias "a", 0 0, v0x9873f0_0;
v0x986e40_0 .alias "y", 0 0, v0x987100_0;
S_0x986950 .scope module, "xNot" "inv" 3 60, 3 9, S_0x983c70;
 .timescale 0 0;
L_0x9b2280 .functor NOT 1, L_0x9b2520, C4<0>, C4<0>, C4<0>;
v0x986a40_0 .alias "a", 0 0, v0x987cd0_0;
v0x986b10_0 .alias "y", 0 0, v0x987d50_0;
S_0x9866d0 .scope module, "yNot" "inv" 3 61, 3 9, S_0x983c70;
 .timescale 0 0;
L_0x9b2300 .functor NOT 1, L_0x9b3e50, C4<0>, C4<0>, C4<0>;
v0x9867c0_0 .alias "a", 0 0, v0x987c30_0;
v0x9868d0_0 .alias "y", 0 0, v0x987e80_0;
S_0x986400 .scope module, "top1" "and2" 3 63, 3 16, S_0x983c70;
 .timescale 0 0;
L_0x9b2760 .functor AND 1, L_0x9ac400, L_0x9b2280, C4<1>, C4<1>;
v0x9864f0_0 .alias "a", 0 0, v0x987100_0;
v0x9865a0_0 .alias "b", 0 0, v0x987d50_0;
v0x986620_0 .alias "y", 0 0, v0x986ec0_0;
S_0x986190 .scope module, "top2" "and2" 3 64, 3 16, S_0x983c70;
 .timescale 0 0;
L_0x9b2800 .functor AND 1, L_0x9b3e50, L_0x9b2760, C4<1>, C4<1>;
v0x986280_0 .alias "a", 0 0, v0x987c30_0;
v0x986300_0 .alias "b", 0 0, v0x986ec0_0;
v0x986380_0 .alias "y", 0 0, v0x987bb0_0;
S_0x985f00 .scope module, "midTop1" "and2" 3 66, 3 16, S_0x983c70;
 .timescale 0 0;
L_0x9b2930 .functor AND 1, L_0x9ac400, L_0x9b2520, C4<1>, C4<1>;
v0x985ff0_0 .alias "a", 0 0, v0x987100_0;
v0x986090_0 .alias "b", 0 0, v0x987cd0_0;
v0x986110_0 .alias "y", 0 0, v0x986f60_0;
S_0x985c90 .scope module, "midTop2" "and2" 3 67, 3 16, S_0x983c70;
 .timescale 0 0;
L_0x9b29d0 .functor AND 1, L_0x9b2300, L_0x9b2930, C4<1>, C4<1>;
v0x985d80_0 .alias "a", 0 0, v0x987e80_0;
v0x985e00_0 .alias "b", 0 0, v0x986f60_0;
v0x985e80_0 .alias "y", 0 0, v0x9877e0_0;
S_0x9859d0 .scope module, "midBot1" "and2" 3 69, 3 16, S_0x983c70;
 .timescale 0 0;
L_0x9b2b00 .functor AND 1, L_0x9b3d40, L_0x9b2280, C4<1>, C4<1>;
v0x985ac0_0 .alias "a", 0 0, v0x9873f0_0;
v0x985b40_0 .alias "b", 0 0, v0x987d50_0;
v0x985c10_0 .alias "y", 0 0, v0x987610_0;
S_0x985720 .scope module, "midBot2" "and2" 3 70, 3 16, S_0x983c70;
 .timescale 0 0;
L_0x986bb0 .functor AND 1, L_0x9b2b00, L_0x9b2300, C4<1>, C4<1>;
v0x985810_0 .alias "a", 0 0, v0x987610_0;
v0x9858b0_0 .alias "b", 0 0, v0x987e80_0;
v0x985950_0 .alias "y", 0 0, v0x987930_0;
S_0x985440 .scope module, "Bot1" "and2" 3 72, 3 16, S_0x983c70;
 .timescale 0 0;
L_0x9b2d60 .functor AND 1, L_0x9b3d40, L_0x9b2520, C4<1>, C4<1>;
v0x985530_0 .alias "a", 0 0, v0x9873f0_0;
v0x985600_0 .alias "b", 0 0, v0x987cd0_0;
v0x9856a0_0 .alias "y", 0 0, v0x987710_0;
S_0x985160 .scope module, "Bot2" "and2" 3 73, 3 16, S_0x983c70;
 .timescale 0 0;
L_0x986dd0 .functor AND 1, L_0x9b2d60, L_0x9b3e50, C4<1>, C4<1>;
v0x985250_0 .alias "a", 0 0, v0x987710_0;
v0x9852f0_0 .alias "b", 0 0, v0x987c30_0;
v0x9853c0_0 .alias "y", 0 0, v0x9874c0_0;
S_0x984eb0 .scope module, "top2Results" "or2" 3 75, 3 23, S_0x983c70;
 .timescale 0 0;
L_0x986860 .functor OR 1, L_0x9b2800, L_0x9b29d0, C4<0>, C4<0>;
v0x984fa0_0 .alias "a", 0 0, v0x987bb0_0;
v0x985040_0 .alias "b", 0 0, v0x9877e0_0;
v0x9850e0_0 .alias "y", 0 0, v0x987860_0;
S_0x984be0 .scope module, "bot2Results" "or2" 3 76, 3 23, S_0x983c70;
 .timescale 0 0;
L_0x9b3210 .functor OR 1, L_0x986bb0, L_0x986dd0, C4<0>, C4<0>;
v0x984cd0_0 .alias "a", 0 0, v0x987930_0;
v0x984d90_0 .alias "b", 0 0, v0x9874c0_0;
v0x984e30_0 .alias "y", 0 0, v0x987a00_0;
S_0x984970 .scope module, "finResult" "or2" 3 78, 3 23, S_0x983c70;
 .timescale 0 0;
L_0x9b33d0 .functor OR 1, L_0x986860, L_0x9b3210, C4<0>, C4<0>;
v0x984a60_0 .alias "a", 0 0, v0x987860_0;
v0x984ae0_0 .alias "b", 0 0, v0x987a00_0;
v0x984b60_0 .alias "y", 0 0, v0x987690_0;
S_0x984700 .scope module, "bTop1" "and2" 3 81, 3 16, S_0x983c70;
 .timescale 0 0;
L_0x9b3590 .functor AND 1, L_0x9b2280, L_0x9b3d40, C4<1>, C4<1>;
v0x9847f0_0 .alias "a", 0 0, v0x987d50_0;
v0x984870_0 .alias "b", 0 0, v0x9873f0_0;
v0x9848f0_0 .alias "y", 0 0, v0x987320_0;
S_0x984470 .scope module, "bMid1" "and2" 3 82, 3 16, S_0x983c70;
 .timescale 0 0;
L_0x9b3630 .functor AND 1, L_0x9b3d40, L_0x9b3e50, C4<1>, C4<1>;
v0x984560_0 .alias "a", 0 0, v0x9873f0_0;
v0x984600_0 .alias "b", 0 0, v0x987c30_0;
v0x984680_0 .alias "y", 0 0, v0x987180_0;
S_0x9841c0 .scope module, "bBot1" "and2" 3 83, 3 16, S_0x983c70;
 .timescale 0 0;
L_0x9b36d0 .functor AND 1, L_0x9b2280, L_0x9b3e50, C4<1>, C4<1>;
v0x9842b0_0 .alias "a", 0 0, v0x987d50_0;
v0x984350_0 .alias "b", 0 0, v0x987c30_0;
v0x9843f0_0 .alias "y", 0 0, v0x987030_0;
S_0x983f50 .scope module, "semiTop1" "or2" 3 85, 3 23, S_0x983c70;
 .timescale 0 0;
L_0x9b3770 .functor OR 1, L_0x9b3590, L_0x9b3630, C4<0>, C4<0>;
v0x984040_0 .alias "a", 0 0, v0x987320_0;
v0x9840c0_0 .alias "b", 0 0, v0x987180_0;
v0x984140_0 .alias "y", 0 0, v0x987250_0;
S_0x983d60 .scope module, "finBResult" "or2" 3 86, 3 23, S_0x983c70;
 .timescale 0 0;
L_0x9b3930 .functor OR 1, L_0x9b3770, L_0x9b36d0, C4<0>, C4<0>;
v0x983a80_0 .alias "a", 0 0, v0x987250_0;
v0x983e50_0 .alias "b", 0 0, v0x987030_0;
v0x983ed0_0 .alias "y", 0 0, v0x987590_0;
S_0x97f470 .scope module, "block8" "sbs" 3 111, 3 48, S_0x97f380;
 .timescale 0 0;
v0x982aa0_0 .net "a", 0 0, L_0x9b4250; 1 drivers
v0x982b40_0 .net "b", 0 0, L_0x9b4420; 1 drivers
v0x982c10_0 .net "bBot", 0 0, L_0x9b51c0; 1 drivers
v0x982ce0_0 .net "bInv", 0 0, L_0x9b25c0; 1 drivers
v0x982d60_0 .net "bMid", 0 0, L_0x9b5120; 1 drivers
v0x982e30_0 .net "bSemi", 0 0, L_0x9b5260; 1 drivers
v0x982f00_0 .net "bTop", 0 0, L_0x9b5080; 1 drivers
v0x982fd0_0 .net "bin", 0 0, L_0x9b5990; 1 drivers
v0x9830a0_0 .net "botRes", 0 0, L_0x9829b0; 1 drivers
v0x983170_0 .net "bout", 0 0, L_0x9b5420; 1 drivers
v0x983250_0 .net "c", 0 0, L_0x9b45f0; 1 drivers
v0x9832d0_0 .net "d", 0 0, L_0x9b4ec0; 1 drivers
v0x9833c0_0 .net "e", 0 0, L_0x9b4850; 1 drivers
v0x983490_0 .net "mid1Res", 0 0, L_0x9b44c0; 1 drivers
v0x9835e0_0 .net "mid2Res", 0 0, L_0x982790; 1 drivers
v0x9836b0_0 .net "semiBot", 0 0, L_0x9b4d00; 1 drivers
v0x983510_0 .net "semiTop", 0 0, L_0x982440; 1 drivers
v0x983860_0 .net "topRes", 0 0, L_0x9b42f0; 1 drivers
v0x983980_0 .net "x", 0 0, L_0x9b57b0; 1 drivers
v0x983a00_0 .net "xInv", 0 0, L_0x9b4010; 1 drivers
v0x9838e0_0 .net "y", 0 0, L_0x9b5680; 1 drivers
v0x983b30_0 .net "yInv", 0 0, L_0x9b4120; 1 drivers
S_0x982800 .scope module, "bNot" "inv" 3 59, 3 9, S_0x97f470;
 .timescale 0 0;
L_0x9b25c0 .functor NOT 1, L_0x9b5990, C4<0>, C4<0>, C4<0>;
v0x9828f0_0 .alias "a", 0 0, v0x982fd0_0;
v0x982a20_0 .alias "y", 0 0, v0x982ce0_0;
S_0x982530 .scope module, "xNot" "inv" 3 60, 3 9, S_0x97f470;
 .timescale 0 0;
L_0x9b4010 .functor NOT 1, L_0x9b57b0, C4<0>, C4<0>, C4<0>;
v0x982620_0 .alias "a", 0 0, v0x983980_0;
v0x9826f0_0 .alias "y", 0 0, v0x983a00_0;
S_0x9822b0 .scope module, "yNot" "inv" 3 61, 3 9, S_0x97f470;
 .timescale 0 0;
L_0x9b4120 .functor NOT 1, L_0x9b5680, C4<0>, C4<0>, C4<0>;
v0x9823a0_0 .alias "a", 0 0, v0x9838e0_0;
v0x9824b0_0 .alias "y", 0 0, v0x983b30_0;
S_0x981fe0 .scope module, "top1" "and2" 3 63, 3 16, S_0x97f470;
 .timescale 0 0;
L_0x9b4250 .functor AND 1, L_0x9b25c0, L_0x9b4010, C4<1>, C4<1>;
v0x9820d0_0 .alias "a", 0 0, v0x982ce0_0;
v0x982180_0 .alias "b", 0 0, v0x983a00_0;
v0x982200_0 .alias "y", 0 0, v0x982aa0_0;
S_0x981d40 .scope module, "top2" "and2" 3 64, 3 16, S_0x97f470;
 .timescale 0 0;
L_0x9b42f0 .functor AND 1, L_0x9b5680, L_0x9b4250, C4<1>, C4<1>;
v0x981e30_0 .alias "a", 0 0, v0x9838e0_0;
v0x981eb0_0 .alias "b", 0 0, v0x982aa0_0;
v0x981f30_0 .alias "y", 0 0, v0x983860_0;
S_0x981a50 .scope module, "midTop1" "and2" 3 66, 3 16, S_0x97f470;
 .timescale 0 0;
L_0x9b4420 .functor AND 1, L_0x9b25c0, L_0x9b57b0, C4<1>, C4<1>;
v0x981b40_0 .alias "a", 0 0, v0x982ce0_0;
v0x981be0_0 .alias "b", 0 0, v0x983980_0;
v0x981c90_0 .alias "y", 0 0, v0x982b40_0;
S_0x981780 .scope module, "midTop2" "and2" 3 67, 3 16, S_0x97f470;
 .timescale 0 0;
L_0x9b44c0 .functor AND 1, L_0x9b4120, L_0x9b4420, C4<1>, C4<1>;
v0x981870_0 .alias "a", 0 0, v0x983b30_0;
v0x981920_0 .alias "b", 0 0, v0x982b40_0;
v0x9819a0_0 .alias "y", 0 0, v0x983490_0;
S_0x9814c0 .scope module, "midBot1" "and2" 3 69, 3 16, S_0x97f470;
 .timescale 0 0;
L_0x9b45f0 .functor AND 1, L_0x9b5990, L_0x9b4010, C4<1>, C4<1>;
v0x9815b0_0 .alias "a", 0 0, v0x982fd0_0;
v0x981630_0 .alias "b", 0 0, v0x983a00_0;
v0x981700_0 .alias "y", 0 0, v0x983250_0;
S_0x9811e0 .scope module, "midBot2" "and2" 3 70, 3 16, S_0x97f470;
 .timescale 0 0;
L_0x982790 .functor AND 1, L_0x9b45f0, L_0x9b4120, C4<1>, C4<1>;
v0x9812d0_0 .alias "a", 0 0, v0x983250_0;
v0x981370_0 .alias "b", 0 0, v0x983b30_0;
v0x981410_0 .alias "y", 0 0, v0x9835e0_0;
S_0x980f00 .scope module, "Bot1" "and2" 3 72, 3 16, S_0x97f470;
 .timescale 0 0;
L_0x9b4850 .functor AND 1, L_0x9b5990, L_0x9b57b0, C4<1>, C4<1>;
v0x980ff0_0 .alias "a", 0 0, v0x982fd0_0;
v0x9810c0_0 .alias "b", 0 0, v0x983980_0;
v0x981160_0 .alias "y", 0 0, v0x9833c0_0;
S_0x980c70 .scope module, "Bot2" "and2" 3 73, 3 16, S_0x97f470;
 .timescale 0 0;
L_0x9829b0 .functor AND 1, L_0x9b4850, L_0x9b5680, C4<1>, C4<1>;
v0x980d60_0 .alias "a", 0 0, v0x9833c0_0;
v0x980e00_0 .alias "b", 0 0, v0x9838e0_0;
v0x980e80_0 .alias "y", 0 0, v0x9830a0_0;
S_0x980990 .scope module, "top2Results" "or2" 3 75, 3 23, S_0x97f470;
 .timescale 0 0;
L_0x982440 .functor OR 1, L_0x9b42f0, L_0x9b44c0, C4<0>, C4<0>;
v0x980a80_0 .alias "a", 0 0, v0x983860_0;
v0x980b20_0 .alias "b", 0 0, v0x983490_0;
v0x980bc0_0 .alias "y", 0 0, v0x983510_0;
S_0x980690 .scope module, "bot2Results" "or2" 3 76, 3 23, S_0x97f470;
 .timescale 0 0;
L_0x9b4d00 .functor OR 1, L_0x982790, L_0x9829b0, C4<0>, C4<0>;
v0x980780_0 .alias "a", 0 0, v0x9835e0_0;
v0x980840_0 .alias "b", 0 0, v0x9830a0_0;
v0x9808e0_0 .alias "y", 0 0, v0x9836b0_0;
S_0x980420 .scope module, "finResult" "or2" 3 78, 3 23, S_0x97f470;
 .timescale 0 0;
L_0x9b4ec0 .functor OR 1, L_0x982440, L_0x9b4d00, C4<0>, C4<0>;
v0x980510_0 .alias "a", 0 0, v0x983510_0;
v0x980590_0 .alias "b", 0 0, v0x9836b0_0;
v0x980610_0 .alias "y", 0 0, v0x9832d0_0;
S_0x980120 .scope module, "bTop1" "and2" 3 81, 3 16, S_0x97f470;
 .timescale 0 0;
L_0x9b5080 .functor AND 1, L_0x9b4010, L_0x9b5990, C4<1>, C4<1>;
v0x980210_0 .alias "a", 0 0, v0x983a00_0;
v0x9802c0_0 .alias "b", 0 0, v0x982fd0_0;
v0x980370_0 .alias "y", 0 0, v0x982f00_0;
S_0x97fe30 .scope module, "bMid1" "and2" 3 82, 3 16, S_0x97f470;
 .timescale 0 0;
L_0x9b5120 .functor AND 1, L_0x9b5990, L_0x9b5680, C4<1>, C4<1>;
v0x97ff20_0 .alias "a", 0 0, v0x982fd0_0;
v0x97ffc0_0 .alias "b", 0 0, v0x9838e0_0;
v0x980070_0 .alias "y", 0 0, v0x982d60_0;
S_0x97fb50 .scope module, "bBot1" "and2" 3 83, 3 16, S_0x97f470;
 .timescale 0 0;
L_0x9b51c0 .functor AND 1, L_0x9b4010, L_0x9b5680, C4<1>, C4<1>;
v0x97fc40_0 .alias "a", 0 0, v0x983a00_0;
v0x97fce0_0 .alias "b", 0 0, v0x9838e0_0;
v0x97fd80_0 .alias "y", 0 0, v0x982c10_0;
S_0x97f850 .scope module, "semiTop1" "or2" 3 85, 3 23, S_0x97f470;
 .timescale 0 0;
L_0x9b5260 .functor OR 1, L_0x9b5080, L_0x9b5120, C4<0>, C4<0>;
v0x97f940_0 .alias "a", 0 0, v0x982f00_0;
v0x97fa00_0 .alias "b", 0 0, v0x982d60_0;
v0x97faa0_0 .alias "y", 0 0, v0x982e30_0;
S_0x97f560 .scope module, "finBResult" "or2" 3 86, 3 23, S_0x97f470;
 .timescale 0 0;
L_0x9b5420 .functor OR 1, L_0x9b5260, L_0x9b51c0, C4<0>, C4<0>;
v0x97f650_0 .alias "a", 0 0, v0x982e30_0;
v0x97f710_0 .alias "b", 0 0, v0x982c10_0;
v0x97f7b0_0 .alias "y", 0 0, v0x983170_0;
S_0x97f0c0 .scope module, "finalQ" "inv" 3 130, 3 9, S_0x97d320;
 .timescale 0 0;
L_0x9b3f90 .functor NOT 1, L_0x9a9060, C4<0>, C4<0>, C4<0>;
v0x97f1b0_0 .alias "a", 0 0, v0x9a1650_0;
v0x97e500_0 .alias "y", 0 0, v0x9a7090_0;
S_0x97ed40 .scope module, "out1" "mux21" 3 132, 3 37, S_0x97d320;
 .timescale 0 0;
v0x97ee30_0 .net "i0", 0 0, L_0x9b58f0; 1 drivers
v0x97eef0_0 .net "i1", 0 0, L_0x9b5d90; 1 drivers
v0x97ef90_0 .alias "sel", 0 0, v0x9a1650_0;
v0x97f010_0 .net "y", 0 0, L_0x9af530; 1 drivers
L_0x9af530 .functor MUXZ 1, L_0x9b58f0, L_0x9b5d90, L_0x9a9060, C4<>;
S_0x97e9c0 .scope module, "out2" "mux21" 3 133, 3 37, S_0x97d320;
 .timescale 0 0;
v0x97eab0_0 .net "i0", 0 0, L_0x9b5f70; 1 drivers
v0x97eb70_0 .net "i1", 0 0, L_0x9b6010; 1 drivers
v0x97ec10_0 .alias "sel", 0 0, v0x9a1650_0;
v0x97ec90_0 .net "y", 0 0, L_0x9b5e30; 1 drivers
L_0x9b5e30 .functor MUXZ 1, L_0x9b5f70, L_0x9b6010, L_0x9a9060, C4<>;
S_0x97e640 .scope module, "out3" "mux21" 3 134, 3 37, S_0x97d320;
 .timescale 0 0;
v0x97e730_0 .net "i0", 0 0, L_0x9b6280; 1 drivers
v0x97e7f0_0 .net "i1", 0 0, L_0x9b6320; 1 drivers
v0x97e890_0 .alias "sel", 0 0, v0x9a1650_0;
v0x97e910_0 .net "y", 0 0, L_0x9b60b0; 1 drivers
L_0x9b60b0 .functor MUXZ 1, L_0x9b6280, L_0x9b6320, L_0x9a9060, C4<>;
S_0x97e230 .scope module, "out4" "mux21" 3 135, 3 37, S_0x97d320;
 .timescale 0 0;
v0x97e320_0 .net "i0", 0 0, L_0x9b6670; 1 drivers
v0x97e3e0_0 .net "i1", 0 0, L_0x9b6710; 1 drivers
v0x97e480_0 .alias "sel", 0 0, v0x9a1650_0;
v0x97e590_0 .net "y", 0 0, L_0x9b63c0; 1 drivers
L_0x9b63c0 .functor MUXZ 1, L_0x9b6670, L_0x9b6710, L_0x9a9060, C4<>;
S_0x97deb0 .scope module, "out5" "mux21" 3 136, 3 37, S_0x97d320;
 .timescale 0 0;
v0x97dfa0_0 .net "i0", 0 0, L_0x9b68f0; 1 drivers
v0x97e060_0 .net "i1", 0 0, L_0x9b6990; 1 drivers
v0x97e100_0 .alias "sel", 0 0, v0x9a1650_0;
v0x97e180_0 .net "y", 0 0, L_0x9b67b0; 1 drivers
L_0x9b67b0 .functor MUXZ 1, L_0x9b68f0, L_0x9b6990, L_0x9a9060, C4<>;
S_0x97db30 .scope module, "out6" "mux21" 3 137, 3 37, S_0x97d320;
 .timescale 0 0;
v0x97dc20_0 .net "i0", 0 0, L_0x9b6c00; 1 drivers
v0x97dcc0_0 .net "i1", 0 0, L_0x9b6ca0; 1 drivers
v0x97dd60_0 .alias "sel", 0 0, v0x9a1650_0;
v0x97de30_0 .net "y", 0 0, L_0x9b6a30; 1 drivers
L_0x9b6a30 .functor MUXZ 1, L_0x9b6c00, L_0x9b6ca0, L_0x9a9060, C4<>;
S_0x97d780 .scope module, "out7" "mux21" 3 138, 3 37, S_0x97d320;
 .timescale 0 0;
v0x97d870_0 .net "i0", 0 0, L_0x9b71a0; 1 drivers
v0x97d930_0 .net "i1", 0 0, L_0x9b3b90; 1 drivers
v0x97d9d0_0 .alias "sel", 0 0, v0x9a1650_0;
v0x97da80_0 .net "y", 0 0, L_0x9b6f50; 1 drivers
L_0x9b6f50 .functor MUXZ 1, L_0x9b71a0, L_0x9b3b90, L_0x9a9060, C4<>;
S_0x97d410 .scope module, "out8" "mux21" 3 139, 3 37, S_0x97d320;
 .timescale 0 0;
v0x97d500_0 .net "i0", 0 0, L_0x9b2170; 1 drivers
v0x97d5c0_0 .net "i1", 0 0, L_0x9b7650; 1 drivers
v0x97d660_0 .alias "sel", 0 0, v0x9a1650_0;
v0x97d700_0 .net "y", 0 0, L_0x9b7450; 1 drivers
L_0x9b7450 .functor MUXZ 1, L_0x9b2170, L_0x9b7650, L_0x9a9060, C4<>;
S_0x936720 .scope module, "dassign2_2" "dassign2_2" 2 157, 3 142, S_0x936040;
 .timescale 0 0;
P_0x95ad58 .param/l "S0_ST" 3 151, C4<00>;
P_0x95ad80 .param/l "S1_ST" 3 152, C4<01>;
P_0x95ada8 .param/l "S2_ST" 3 153, C4<10>;
P_0x95add0 .param/l "S3_ST" 3 154, C4<11>;
P_0x95adf8 .param/l "STATE_BITS" 3 150, +C4<010>;
v0x8c53a0_0 .var "done", 0 0;
v0x97ce20_0 .alias "drv_clk", 0 0, v0x9a6990_0;
v0x97cec0_0 .net "forw", 0 0, v0x9a6ab0_0; 1 drivers
v0x97cf60_0 .var "motor_drv", 3 0;
v0x97d010_0 .var "nx_state", 1 0;
v0x97d0b0_0 .alias "reset", 0 0, v0x9a6170_0;
v0x97d190_0 .net "rev", 0 0, v0x9a7240_0; 1 drivers
v0x97d230_0 .var "state", 1 0;
E_0x970ac0 .event edge, v0x97d0b0_0, v0x97d190_0, v0x97cec0_0, v0x97d230_0;
E_0x9365a0 .event posedge, v0x97ce20_0;
S_0x936370 .scope module, "xor2" "xor2" 3 30;
 .timescale 0 0;
L_0x9b2220 .functor XOR 1, C4<z>, C4<z>, C4<0>, C4<0>;
v0x9a77f0_0 .net "a", 0 0, C4<z>; 0 drivers
v0x9a7a80_0 .net "b", 0 0, C4<z>; 0 drivers
v0x9a7b00_0 .net "y", 0 0, L_0x9b2220; 1 drivers
    .scope S_0x9a61f0;
T_0 ;
    %set/v v0x9a62e0_0, 0, 1;
    %end;
    .thread T_0;
    .scope S_0x9a61f0;
T_1 ;
    %delay 100000, 0;
    %load/v 8, v0x9a62e0_0, 1;
    %inv 8, 1;
    %set/v v0x9a62e0_0, 8, 1;
    %jmp T_1;
    .thread T_1;
    .scope S_0x9a5e80;
T_2 ;
    %wait E_0x9a4250;
    %load/v 8, v0x9a6170_0, 1;
    %jmp/0xz  T_2.0, 8;
    %set/v v0x9a5c90_0, 0, 8;
    %set/v v0x9a60f0_0, 0, 4;
    %jmp T_2.1;
T_2.0 ;
    %load/v 8, v0x9a6070_0, 4;
    %cmpi/u 8, 0, 4;
    %jmp/1 T_2.2, 6;
    %cmpi/u 8, 1, 4;
    %jmp/1 T_2.3, 6;
    %cmpi/u 8, 3, 4;
    %jmp/1 T_2.4, 6;
    %cmpi/u 8, 2, 4;
    %jmp/1 T_2.5, 6;
    %cmpi/u 8, 6, 4;
    %jmp/1 T_2.6, 6;
    %cmpi/u 8, 4, 4;
    %jmp/1 T_2.7, 6;
    %cmpi/u 8, 12, 4;
    %jmp/1 T_2.8, 6;
    %cmpi/u 8, 8, 4;
    %jmp/1 T_2.9, 6;
    %cmpi/u 8, 9, 4;
    %jmp/1 T_2.10, 6;
    %set/v v0x9a5ff0_0, 1, 1;
    %jmp T_2.12;
T_2.2 ;
    %jmp T_2.12;
T_2.3 ;
    %set/v v0x9a5ff0_0, 0, 1;
    %load/v 8, v0x9a60f0_0, 4;
    %cmpi/u 8, 2, 4;
    %jmp/0xz  T_2.13, 4;
    %load/v 8, v0x9a5c90_0, 8;
    %mov 16, 15, 1;
    %mov 17, 15, 1;
    %mov 18, 15, 1;
    %mov 19, 15, 1;
    %mov 20, 15, 1;
    %mov 21, 15, 1;
    %mov 22, 15, 1;
    %mov 23, 15, 1;
    %mov 24, 15, 1;
    %mov 25, 15, 1;
    %mov 26, 15, 1;
    %mov 27, 15, 1;
    %mov 28, 15, 1;
    %mov 29, 15, 1;
    %mov 30, 15, 1;
    %mov 31, 15, 1;
    %mov 32, 15, 1;
    %mov 33, 15, 1;
    %mov 34, 15, 1;
    %mov 35, 15, 1;
    %mov 36, 15, 1;
    %mov 37, 15, 1;
    %mov 38, 15, 1;
    %mov 39, 15, 1;
    %subi 8, 1, 32;
    %set/v v0x9a5c90_0, 8, 8;
    %jmp T_2.14;
T_2.13 ;
    %load/v 8, v0x9a60f0_0, 4;
    %cmpi/u 8, 8, 4;
    %jmp/0xz  T_2.15, 4;
    %load/v 8, v0x9a5c90_0, 8;
    %mov 16, 15, 1;
    %mov 17, 15, 1;
    %mov 18, 15, 1;
    %mov 19, 15, 1;
    %mov 20, 15, 1;
    %mov 21, 15, 1;
    %mov 22, 15, 1;
    %mov 23, 15, 1;
    %mov 24, 15, 1;
    %mov 25, 15, 1;
    %mov 26, 15, 1;
    %mov 27, 15, 1;
    %mov 28, 15, 1;
    %mov 29, 15, 1;
    %mov 30, 15, 1;
    %mov 31, 15, 1;
    %mov 32, 15, 1;
    %mov 33, 15, 1;
    %mov 34, 15, 1;
    %mov 35, 15, 1;
    %mov 36, 15, 1;
    %mov 37, 15, 1;
    %mov 38, 15, 1;
    %mov 39, 15, 1;
    %addi 8, 1, 32;
    %set/v v0x9a5c90_0, 8, 8;
    %jmp T_2.16;
T_2.15 ;
    %load/v 8, v0x9a60f0_0, 4;
    %cmpi/u 8, 1, 4;
    %jmp/0xz  T_2.17, 4;
    %jmp T_2.18;
T_2.17 ;
    %load/v 8, v0x9a60f0_0, 4;
    %cmpi/u 8, 0, 4;
    %jmp/0xz  T_2.19, 4;
    %jmp T_2.20;
T_2.19 ;
    %set/v v0x9a5ff0_0, 1, 1;
T_2.20 ;
T_2.18 ;
T_2.16 ;
T_2.14 ;
    %movi 8, 1, 4;
    %set/v v0x9a60f0_0, 8, 4;
    %jmp T_2.12;
T_2.4 ;
    %load/v 8, v0x9a60f0_0, 4;
    %cmpi/u 8, 1, 4;
    %inv 6, 1;
    %mov 8, 6, 1;
    %load/v 9, v0x9a60f0_0, 4;
    %cmpi/u 9, 2, 4;
    %inv 6, 1;
    %or 8, 6, 1;
    %jmp/0xz  T_2.21, 8;
    %set/v v0x9a5ff0_0, 1, 1;
T_2.21 ;
    %jmp T_2.12;
T_2.5 ;
    %set/v v0x9a5ff0_0, 0, 1;
    %load/v 8, v0x9a60f0_0, 4;
    %cmpi/u 8, 4, 4;
    %jmp/0xz  T_2.23, 4;
    %load/v 8, v0x9a5c90_0, 8;
    %mov 16, 15, 1;
    %mov 17, 15, 1;
    %mov 18, 15, 1;
    %mov 19, 15, 1;
    %mov 20, 15, 1;
    %mov 21, 15, 1;
    %mov 22, 15, 1;
    %mov 23, 15, 1;
    %mov 24, 15, 1;
    %mov 25, 15, 1;
    %mov 26, 15, 1;
    %mov 27, 15, 1;
    %mov 28, 15, 1;
    %mov 29, 15, 1;
    %mov 30, 15, 1;
    %mov 31, 15, 1;
    %mov 32, 15, 1;
    %mov 33, 15, 1;
    %mov 34, 15, 1;
    %mov 35, 15, 1;
    %mov 36, 15, 1;
    %mov 37, 15, 1;
    %mov 38, 15, 1;
    %mov 39, 15, 1;
    %subi 8, 1, 32;
    %set/v v0x9a5c90_0, 8, 8;
    %jmp T_2.24;
T_2.23 ;
    %load/v 8, v0x9a60f0_0, 4;
    %cmpi/u 8, 1, 4;
    %jmp/0xz  T_2.25, 4;
    %load/v 8, v0x9a5c90_0, 8;
    %mov 16, 15, 1;
    %mov 17, 15, 1;
    %mov 18, 15, 1;
    %mov 19, 15, 1;
    %mov 20, 15, 1;
    %mov 21, 15, 1;
    %mov 22, 15, 1;
    %mov 23, 15, 1;
    %mov 24, 15, 1;
    %mov 25, 15, 1;
    %mov 26, 15, 1;
    %mov 27, 15, 1;
    %mov 28, 15, 1;
    %mov 29, 15, 1;
    %mov 30, 15, 1;
    %mov 31, 15, 1;
    %mov 32, 15, 1;
    %mov 33, 15, 1;
    %mov 34, 15, 1;
    %mov 35, 15, 1;
    %mov 36, 15, 1;
    %mov 37, 15, 1;
    %mov 38, 15, 1;
    %mov 39, 15, 1;
    %addi 8, 1, 32;
    %set/v v0x9a5c90_0, 8, 8;
    %jmp T_2.26;
T_2.25 ;
    %load/v 8, v0x9a60f0_0, 4;
    %cmpi/u 8, 2, 4;
    %jmp/0xz  T_2.27, 4;
    %jmp T_2.28;
T_2.27 ;
    %set/v v0x9a5ff0_0, 1, 1;
T_2.28 ;
T_2.26 ;
T_2.24 ;
    %movi 8, 2, 4;
    %set/v v0x9a60f0_0, 8, 4;
    %jmp T_2.12;
T_2.6 ;
    %load/v 8, v0x9a60f0_0, 4;
    %cmpi/u 8, 4, 4;
    %inv 6, 1;
    %mov 8, 6, 1;
    %load/v 9, v0x9a60f0_0, 4;
    %cmpi/u 9, 2, 4;
    %inv 6, 1;
    %or 8, 6, 1;
    %jmp/0xz  T_2.29, 8;
    %set/v v0x9a5ff0_0, 1, 1;
T_2.29 ;
    %jmp T_2.12;
T_2.7 ;
    %set/v v0x9a5ff0_0, 0, 1;
    %load/v 8, v0x9a60f0_0, 4;
    %cmpi/u 8, 8, 4;
    %jmp/0xz  T_2.31, 4;
    %load/v 8, v0x9a5c90_0, 8;
    %mov 16, 15, 1;
    %mov 17, 15, 1;
    %mov 18, 15, 1;
    %mov 19, 15, 1;
    %mov 20, 15, 1;
    %mov 21, 15, 1;
    %mov 22, 15, 1;
    %mov 23, 15, 1;
    %mov 24, 15, 1;
    %mov 25, 15, 1;
    %mov 26, 15, 1;
    %mov 27, 15, 1;
    %mov 28, 15, 1;
    %mov 29, 15, 1;
    %mov 30, 15, 1;
    %mov 31, 15, 1;
    %mov 32, 15, 1;
    %mov 33, 15, 1;
    %mov 34, 15, 1;
    %mov 35, 15, 1;
    %mov 36, 15, 1;
    %mov 37, 15, 1;
    %mov 38, 15, 1;
    %mov 39, 15, 1;
    %subi 8, 1, 32;
    %set/v v0x9a5c90_0, 8, 8;
    %jmp T_2.32;
T_2.31 ;
    %load/v 8, v0x9a60f0_0, 4;
    %cmpi/u 8, 2, 4;
    %jmp/0xz  T_2.33, 4;
    %load/v 8, v0x9a5c90_0, 8;
    %mov 16, 15, 1;
    %mov 17, 15, 1;
    %mov 18, 15, 1;
    %mov 19, 15, 1;
    %mov 20, 15, 1;
    %mov 21, 15, 1;
    %mov 22, 15, 1;
    %mov 23, 15, 1;
    %mov 24, 15, 1;
    %mov 25, 15, 1;
    %mov 26, 15, 1;
    %mov 27, 15, 1;
    %mov 28, 15, 1;
    %mov 29, 15, 1;
    %mov 30, 15, 1;
    %mov 31, 15, 1;
    %mov 32, 15, 1;
    %mov 33, 15, 1;
    %mov 34, 15, 1;
    %mov 35, 15, 1;
    %mov 36, 15, 1;
    %mov 37, 15, 1;
    %mov 38, 15, 1;
    %mov 39, 15, 1;
    %addi 8, 1, 32;
    %set/v v0x9a5c90_0, 8, 8;
    %jmp T_2.34;
T_2.33 ;
    %load/v 8, v0x9a60f0_0, 4;
    %cmpi/u 8, 4, 4;
    %jmp/0xz  T_2.35, 4;
    %jmp T_2.36;
T_2.35 ;
    %set/v v0x9a5ff0_0, 1, 1;
T_2.36 ;
T_2.34 ;
T_2.32 ;
    %movi 8, 4, 4;
    %set/v v0x9a60f0_0, 8, 4;
    %jmp T_2.12;
T_2.8 ;
    %load/v 8, v0x9a60f0_0, 4;
    %cmpi/u 8, 8, 4;
    %inv 6, 1;
    %mov 8, 6, 1;
    %load/v 9, v0x9a60f0_0, 4;
    %cmpi/u 9, 1, 4;
    %inv 6, 1;
    %or 8, 6, 1;
    %jmp/0xz  T_2.37, 8;
    %set/v v0x9a5ff0_0, 1, 1;
T_2.37 ;
    %jmp T_2.12;
T_2.9 ;
    %set/v v0x9a5ff0_0, 0, 1;
    %load/v 8, v0x9a60f0_0, 4;
    %cmpi/u 8, 1, 4;
    %jmp/0xz  T_2.39, 4;
    %load/v 8, v0x9a5c90_0, 8;
    %mov 16, 15, 1;
    %mov 17, 15, 1;
    %mov 18, 15, 1;
    %mov 19, 15, 1;
    %mov 20, 15, 1;
    %mov 21, 15, 1;
    %mov 22, 15, 1;
    %mov 23, 15, 1;
    %mov 24, 15, 1;
    %mov 25, 15, 1;
    %mov 26, 15, 1;
    %mov 27, 15, 1;
    %mov 28, 15, 1;
    %mov 29, 15, 1;
    %mov 30, 15, 1;
    %mov 31, 15, 1;
    %mov 32, 15, 1;
    %mov 33, 15, 1;
    %mov 34, 15, 1;
    %mov 35, 15, 1;
    %mov 36, 15, 1;
    %mov 37, 15, 1;
    %mov 38, 15, 1;
    %mov 39, 15, 1;
    %subi 8, 1, 32;
    %set/v v0x9a5c90_0, 8, 8;
    %jmp T_2.40;
T_2.39 ;
    %load/v 8, v0x9a60f0_0, 4;
    %cmpi/u 8, 4, 4;
    %jmp/0xz  T_2.41, 4;
    %load/v 8, v0x9a5c90_0, 8;
    %mov 16, 15, 1;
    %mov 17, 15, 1;
    %mov 18, 15, 1;
    %mov 19, 15, 1;
    %mov 20, 15, 1;
    %mov 21, 15, 1;
    %mov 22, 15, 1;
    %mov 23, 15, 1;
    %mov 24, 15, 1;
    %mov 25, 15, 1;
    %mov 26, 15, 1;
    %mov 27, 15, 1;
    %mov 28, 15, 1;
    %mov 29, 15, 1;
    %mov 30, 15, 1;
    %mov 31, 15, 1;
    %mov 32, 15, 1;
    %mov 33, 15, 1;
    %mov 34, 15, 1;
    %mov 35, 15, 1;
    %mov 36, 15, 1;
    %mov 37, 15, 1;
    %mov 38, 15, 1;
    %mov 39, 15, 1;
    %addi 8, 1, 32;
    %set/v v0x9a5c90_0, 8, 8;
    %jmp T_2.42;
T_2.41 ;
    %load/v 8, v0x9a60f0_0, 4;
    %cmpi/u 8, 8, 4;
    %jmp/0xz  T_2.43, 4;
    %jmp T_2.44;
T_2.43 ;
    %set/v v0x9a5ff0_0, 1, 1;
T_2.44 ;
T_2.42 ;
T_2.40 ;
    %movi 8, 8, 4;
    %set/v v0x9a60f0_0, 8, 4;
    %jmp T_2.12;
T_2.10 ;
    %load/v 8, v0x9a60f0_0, 4;
    %cmpi/u 8, 8, 4;
    %inv 6, 1;
    %mov 8, 6, 1;
    %load/v 9, v0x9a60f0_0, 4;
    %cmpi/u 9, 1, 4;
    %inv 6, 1;
    %or 8, 6, 1;
    %jmp/0xz  T_2.45, 8;
    %set/v v0x9a5ff0_0, 1, 1;
T_2.45 ;
    %jmp T_2.12;
T_2.12 ;
T_2.1 ;
    %jmp T_2;
    .thread T_2, $push;
    .scope S_0x936720;
T_3 ;
    %wait E_0x9365a0;
    %load/v 8, v0x97d010_0, 2;
    %ix/load 0, 2, 0;
    %assign/v0 v0x97d230_0, 0, 8;
    %jmp T_3;
    .thread T_3;
    .scope S_0x936720;
T_4 ;
    %wait E_0x970ac0;
    %load/v 8, v0x97d0b0_0, 1;
    %jmp/0xz  T_4.0, 8;
    %set/v v0x97cf60_0, 0, 4;
    %set/v v0x97d230_0, 0, 2;
    %jmp T_4.1;
T_4.0 ;
    %load/v 8, v0x97cec0_0, 1;
    %jmp/0xz  T_4.2, 8;
    %load/v 8, v0x97d230_0, 2;
    %cmpi/u 8, 0, 2;
    %jmp/1 T_4.4, 6;
    %cmpi/u 8, 1, 2;
    %jmp/1 T_4.5, 6;
    %cmpi/u 8, 2, 2;
    %jmp/1 T_4.6, 6;
    %cmpi/u 8, 3, 2;
    %jmp/1 T_4.7, 6;
    %jmp T_4.8;
T_4.4 ;
    %movi 8, 1, 2;
    %set/v v0x97d010_0, 8, 2;
    %movi 8, 1, 4;
    %set/v v0x97cf60_0, 8, 4;
    %jmp T_4.8;
T_4.5 ;
    %movi 8, 2, 2;
    %set/v v0x97d010_0, 8, 2;
    %movi 8, 2, 4;
    %set/v v0x97cf60_0, 8, 4;
    %jmp T_4.8;
T_4.6 ;
    %set/v v0x97d010_0, 1, 2;
    %movi 8, 4, 4;
    %set/v v0x97cf60_0, 8, 4;
    %jmp T_4.8;
T_4.7 ;
    %set/v v0x97d010_0, 0, 2;
    %movi 8, 8, 4;
    %set/v v0x97cf60_0, 8, 4;
    %jmp T_4.8;
T_4.8 ;
    %jmp T_4.3;
T_4.2 ;
    %load/v 8, v0x97d190_0, 1;
    %jmp/0xz  T_4.9, 8;
    %load/v 8, v0x97d230_0, 2;
    %cmpi/u 8, 0, 2;
    %jmp/1 T_4.11, 6;
    %cmpi/u 8, 1, 2;
    %jmp/1 T_4.12, 6;
    %cmpi/u 8, 2, 2;
    %jmp/1 T_4.13, 6;
    %cmpi/u 8, 3, 2;
    %jmp/1 T_4.14, 6;
    %jmp T_4.15;
T_4.11 ;
    %set/v v0x97d010_0, 1, 2;
    %movi 8, 1, 4;
    %set/v v0x97cf60_0, 8, 4;
    %jmp T_4.15;
T_4.12 ;
    %set/v v0x97d010_0, 0, 2;
    %movi 8, 2, 4;
    %set/v v0x97cf60_0, 8, 4;
    %jmp T_4.15;
T_4.13 ;
    %movi 8, 1, 2;
    %set/v v0x97d010_0, 8, 2;
    %movi 8, 4, 4;
    %set/v v0x97cf60_0, 8, 4;
    %jmp T_4.15;
T_4.14 ;
    %movi 8, 2, 2;
    %set/v v0x97d010_0, 8, 2;
    %movi 8, 8, 4;
    %set/v v0x97cf60_0, 8, 4;
    %jmp T_4.15;
T_4.15 ;
    %jmp T_4.10;
T_4.9 ;
    %load/v 8, v0x97d230_0, 2;
    %set/v v0x97d010_0, 8, 2;
    %set/v v0x97cf60_0, 0, 4;
T_4.10 ;
T_4.3 ;
T_4.1 ;
    %load/v 8, v0x97cf60_0, 4;
    %cmpi/u 8, 1, 4;
    %cassign/v v0x8c53a0_0, 4, 1;
    %jmp T_4;
    .thread T_4, $push;
    .scope S_0x936040;
T_5 ;
    %vpi_func 2 188 "$fopen", 8, 32, "dassign2.txt";
    %set/v v0x9a7010_0, 8, 32;
    %load/v 8, v0x9a7010_0, 32;
    %nor/r 8, 8, 32;
    %jmp/0xz  T_5.0, 8;
    %vpi_call 2 190 "$display", "FAIL WRITE FILE";
    %vpi_call 2 191 "$finish";
T_5.0 ;
    %vpi_call 2 193 "$dumpfile", "dassign2.vcd";
    %vpi_call 2 194 "$dumpvars", 1'sb0, S_0x936040;
    %set/v v0x9a74a0_0, 0, 32;
    %set/v v0x9a7770_0, 0, 32;
    %set/v v0x9a73d0_0, 0, 32;
    %delay 1000, 0;
    %set/v v0x9a65d0_0, 0, 9;
    %set/v v0x9a6650_0, 0, 9;
    %delay 1000, 0;
    %set/v v0x9a6b30_0, 0, 32;
T_5.2 ;
    %load/v 8, v0x9a6b30_0, 32;
   %cmpi/s 8, 8, 32;
    %jmp/0xz T_5.3, 5;
    %load/v 8, v0x9a6b30_0, 3; Only need 3 of 32 bits
; Save base=8 wid=3 in lookaside.
    %set/v v0x9a63b0_0, 8, 1;
    %set/v v0x9a6d40_0, 9, 1;
    %set/v v0x9a6bb0_0, 10, 1;
    %delay 1000, 0;
    %load/v 8, v0x9a6bb0_0, 1;
    %ix/load 0, 0, 0;
    %set/x0 v0x9a65d0_0, 8, 1;
    %load/v 8, v0x9a6d40_0, 1;
    %ix/load 0, 0, 0;
    %set/x0 v0x9a6650_0, 8, 1;
    %load/v 8, v0x9a65d0_0, 9;
    %load/v 17, v0x9a6650_0, 9;
    %sub 8, 17, 9;
    %load/v 17, v0x9a63b0_0, 1;
    %mov 18, 0, 8;
    %sub 8, 17, 9;
    %set/v v0x9a68f0_0, 8, 9;
    %load/v 8, v0x9a68f0_0, 1; Only need 1 of 9 bits
; Save base=8 wid=1 in lookaside.
    %load/v 9, v0x9a6500_0, 1;
    %cmp/u 8, 9, 1;
    %inv 6, 1;
    %mov 8, 6, 1;
    %ix/load 1, 1, 0;
    %mov 4, 0, 1;
    %jmp/1 T_5.4, 4;
    %load/x1p 9, v0x9a68f0_0, 1;
    %jmp T_5.5;
T_5.4 ;
    %mov 9, 2, 1;
T_5.5 ;
; Save base=9 wid=1 in lookaside.
    %load/v 10, v0x9a6430_0, 1;
    %cmp/u 9, 10, 1;
    %inv 6, 1;
    %or 8, 6, 1;
    %jmp/0xz  T_5.6, 8;
    %load/v 8, v0x9a74a0_0, 32;
    %mov 40, 39, 1;
    %addi 8, 1, 33;
    %set/v v0x9a74a0_0, 8, 32;
T_5.6 ;
    %ix/load 0, 1, 0;
    %load/vp0/s 8, v0x9a6b30_0, 32;
    %set/v v0x9a6b30_0, 8, 32;
    %jmp T_5.2;
T_5.3 ;
    %delay 1000, 0;
    %set/v v0x9a6b30_0, 0, 32;
T_5.8 ;
    %load/v 8, v0x9a6b30_0, 32;
   %cmpi/s 8, 256, 32;
    %jmp/0xz T_5.9, 5;
    %load/v 8, v0x9a6b30_0, 8; Only need 8 of 32 bits
; Save base=8 wid=8 in lookaside.
    %set/v v0x9a66d0_0, 8, 8;
    %delay 1000, 0;
    %set/v v0x9a6dc0_0, 0, 32;
T_5.10 ;
    %load/v 8, v0x9a6dc0_0, 32;
   %cmpi/s 8, 256, 32;
    %jmp/0xz T_5.11, 5;
    %load/v 8, v0x9a6dc0_0, 8; Only need 8 of 32 bits
; Save base=8 wid=8 in lookaside.
    %set/v v0x9a6f70_0, 8, 8;
    %delay 1000, 0;
    %load/v 8, v0x9a6f70_0, 8;
    %mov 16, 0, 1;
    %load/v 17, v0x9a66d0_0, 8;
    %mov 25, 0, 1;
    %sub 8, 17, 9;
    %set/v v0x9a68f0_0, 8, 9;
    %delay 1000, 0;
    %ix/load 1, 8, 0;
    %mov 4, 0, 1;
    %jmp/1 T_5.12, 4;
    %load/x1p 8, v0x9a68f0_0, 1;
    %jmp T_5.13;
T_5.12 ;
    %mov 8, 2, 1;
T_5.13 ;
; Save base=8 wid=1 in lookaside.
    %cmpi/u 8, 1, 1;
    %jmp/0xz  T_5.14, 6;
    %set/v v0x9a7680_0, 0, 1;
    %load/v 8, v0x9a6f70_0, 8;
    %set/v v0x9a78f0_0, 8, 8;
    %jmp T_5.15;
T_5.14 ;
    %set/v v0x9a7680_0, 1, 1;
    %load/v 8, v0x9a68f0_0, 8; Only need 8 of 9 bits
; Save base=8 wid=8 in lookaside.
    %set/v v0x9a78f0_0, 8, 8;
T_5.15 ;
    %delay 1000, 0;
    %load/v 8, v0x9a1750_0, 8;
    %load/v 16, v0x9a68f0_0, 8; Only need 8 of 9 bits
; Save base=16 wid=8 in lookaside.
    %cmp/u 8, 16, 8;
    %inv 6, 1;
    %jmp/0xz  T_5.16, 6;
    %load/v 8, v0x9a7770_0, 32;
    %mov 40, 39, 1;
    %addi 8, 1, 33;
    %set/v v0x9a7770_0, 8, 32;
T_5.16 ;
    %load/v 8, v0x9a78f0_0, 8;
    %load/v 16, v0x9a71c0_0, 8;
    %cmp/u 8, 16, 8;
    %inv 6, 1;
    %mov 8, 6, 1;
    %load/v 9, v0x9a7680_0, 1;
    %load/v 10, v0x9a7090_0, 1;
    %cmp/u 9, 10, 1;
    %inv 6, 1;
    %or 8, 6, 1;
    %jmp/0xz  T_5.18, 8;
    %load/v 8, v0x9a73d0_0, 32;
    %mov 40, 39, 1;
    %addi 8, 1, 33;
    %set/v v0x9a73d0_0, 8, 32;
T_5.18 ;
    %ix/load 0, 1, 0;
    %load/vp0/s 8, v0x9a6dc0_0, 32;
    %set/v v0x9a6dc0_0, 8, 32;
    %jmp T_5.10;
T_5.11 ;
    %ix/load 0, 1, 0;
    %load/vp0/s 8, v0x9a6b30_0, 32;
    %set/v v0x9a6b30_0, 8, 32;
    %jmp T_5.8;
T_5.9 ;
    %vpi_call 2 237 "$display", "SBS ERR: %d", v0x9a74a0_0;
    %vpi_call 2 238 "$display", "Subtractor ERR: %d", v0x9a7770_0;
    %vpi_call 2 239 "$display", "SCS ERR: %d", v0x9a73d0_0;
    %delay 100000, 0;
    %set/v v0x9a6ef0_0, 0, 32;
    %set/v v0x9a6a10_0, 0, 32;
    %set/v v0x9a7350_0, 0, 32;
    %set/v v0x9a6820_0, 0, 32;
    %set/v v0x9a6ab0_0, 0, 1;
    %set/v v0x9a7240_0, 0, 1;
    %set/v v0x9a7110_0, 1, 1;
    %delay 200000, 0;
    %set/v v0x9a7110_0, 0, 1;
    %set/v v0x9a6b30_0, 0, 32;
T_5.20 ;
    %load/v 8, v0x9a6b30_0, 32;
   %cmpi/s 8, 8, 32;
    %jmp/0xz T_5.21, 5;
    %set/v v0x9a6ab0_0, 1, 1;
    %delay 200000, 0;
    %set/v v0x9a6ab0_0, 0, 1;
    %delay 200000, 0;
    %ix/load 0, 1, 0;
    %load/vp0/s 8, v0x9a6b30_0, 32;
    %set/v v0x9a6b30_0, 8, 32;
    %jmp T_5.20;
T_5.21 ;
    %load/v 8, v0x9a7600_0, 8;
    %mov 16, 15, 1;
    %cmpi/u 8, 8, 9;
    %inv 4, 1;
    %jmp/0xz  T_5.22, 4;
    %vpi_call 2 259 "$display", "ERR: incorrect position.";
    %load/v 8, v0x9a6a10_0, 32;
    %mov 40, 39, 1;
    %addi 8, 1, 33;
    %set/v v0x9a6a10_0, 8, 32;
T_5.22 ;
    %set/v v0x9a6b30_0, 0, 32;
T_5.24 ;
    %load/v 8, v0x9a6b30_0, 32;
   %cmpi/s 8, 8, 32;
    %jmp/0xz T_5.25, 5;
    %set/v v0x9a6ab0_0, 1, 1;
    %delay 200000, 0;
    %ix/load 0, 1, 0;
    %load/vp0/s 8, v0x9a6b30_0, 32;
    %set/v v0x9a6b30_0, 8, 32;
    %jmp T_5.24;
T_5.25 ;
    %load/v 8, v0x9a7600_0, 8;
    %mov 16, 15, 1;
    %cmpi/u 8, 16, 9;
    %inv 4, 1;
    %jmp/0xz  T_5.26, 4;
    %vpi_call 2 268 "$display", "ERR: incorrect position.";
    %load/v 8, v0x9a6a10_0, 32;
    %mov 40, 39, 1;
    %addi 8, 1, 33;
    %set/v v0x9a6a10_0, 8, 32;
T_5.26 ;
    %set/v v0x9a6ab0_0, 0, 1;
    %delay 200000, 0;
    %set/v v0x9a6b30_0, 0, 32;
T_5.28 ;
    %load/v 8, v0x9a6b30_0, 32;
   %cmpi/s 8, 32, 32;
    %jmp/0xz T_5.29, 5;
    %set/v v0x9a7240_0, 1, 1;
    %delay 200000, 0;
    %ix/load 0, 1, 0;
    %load/vp0/s 8, v0x9a6b30_0, 32;
    %set/v v0x9a6b30_0, 8, 32;
    %jmp T_5.28;
T_5.29 ;
    %load/v 8, v0x9a7600_0, 8;
    %mov 16, 15, 1;
    %movi 17, 496, 9;
    %cmp/u 8, 17, 9;
    %inv 4, 1;
    %jmp/0xz  T_5.30, 4;
    %vpi_call 2 280 "$display", "ERR: incorrect position.";
    %load/v 8, v0x9a7350_0, 32;
    %mov 40, 39, 1;
    %addi 8, 1, 33;
    %set/v v0x9a7350_0, 8, 32;
T_5.30 ;
    %set/v v0x9a6b30_0, 0, 32;
T_5.32 ;
    %load/v 8, v0x9a6b30_0, 32;
   %cmpi/s 8, 16, 32;
    %jmp/0xz T_5.33, 5;
    %set/v v0x9a7240_0, 1, 1;
    %delay 200000, 0;
    %set/v v0x9a7240_0, 0, 1;
    %delay 200000, 0;
    %ix/load 0, 1, 0;
    %load/vp0/s 8, v0x9a6b30_0, 32;
    %set/v v0x9a6b30_0, 8, 32;
    %jmp T_5.32;
T_5.33 ;
    %load/v 8, v0x9a7600_0, 8;
    %mov 16, 15, 1;
    %movi 17, 480, 9;
    %cmp/u 8, 17, 9;
    %inv 4, 1;
    %jmp/0xz  T_5.34, 4;
    %vpi_call 2 291 "$display", "ERR: incorrect position.";
    %load/v 8, v0x9a7350_0, 32;
    %mov 40, 39, 1;
    %addi 8, 1, 33;
    %set/v v0x9a7350_0, 8, 32;
T_5.34 ;
    %delay 200000, 0;
    %delay 200000, 0;
    %delay 200000, 0;
    %vpi_call 2 297 "$finish";
    %end;
    .thread T_5;
    .scope S_0x936040;
T_6 ;
    %wait E_0x9365a0;
    %load/v 8, v0x9a67a0_0, 1;
    %jmp/0xz  T_6.0, 8;
    %load/v 8, v0x9a7600_0, 8;
    %mov 16, 15, 1;
    %movi 17, 4, 9;
    %mod/s 8, 17, 9;
    %cmpi/u 8, 0, 9;
    %jmp/0xz  T_6.2, 4;
    %jmp T_6.3;
T_6.2 ;
    %vpi_call 2 305 "$display", "ERR: done";
    %load/v 8, v0x9a6820_0, 32;
    %mov 40, 39, 1;
    %addi 8, 1, 33;
    %set/v v0x9a6820_0, 8, 32;
T_6.3 ;
T_6.0 ;
    %load/v 8, v0x9a7520_0, 1;
    %jmp/0xz  T_6.4, 8;
    %vpi_call 2 309 "$display", "ERR: at step count, %d, motor drve %b", v0x9a7600_0, v0x9a6c30_0;
    %load/v 8, v0x9a6ef0_0, 32;
    %mov 40, 39, 1;
    %addi 8, 1, 33;
    %set/v v0x9a6ef0_0, 8, 32;
T_6.4 ;
    %jmp T_6;
    .thread T_6;
# The file index is used to find the file name in the following table.
:file_names 4;
    "N/A";
    "<interactive>";
    "testbench.sv";
    "design.sv";
